{"params":{"ticked":"692a447df0b358f9206a7055a26d385c.e4dbfdc14f3ee36e0589568d2db831a8.f816879a28effb44e5d5020d932033fe"},"method":"loginstmisticket.getall","USER_ID":"2489","USER_EMAIL":"user1","USER_NAME":"Administrador","IPSOURCE":"::1","DATE_ATOM":"2022-09-03T01:31:30+02:00"}
{"params":{"ticked":"692a447df0b358f9206a7055a26d385c.e4dbfdc14f3ee36e0589568d2db831a8.f816879a28effb44e5d5020d932033fe"},"method":"loginstmisticket.getall","USER_ID":"2489","USER_EMAIL":"user1","USER_NAME":"Administrador","IPSOURCE":"::1","DATE_ATOM":"2022-09-03T01:33:08+02:00"}
{"params":{"ticked":"692a447df0b358f9206a7055a26d385c.e4dbfdc14f3ee36e0589568d2db831a8.f816879a28effb44e5d5020d932033fe"},"method":"loginstmisticket.getall","USER_ID":"2489","USER_EMAIL":"user1","USER_NAME":"Administrador","IPSOURCE":"::1","DATE_ATOM":"2022-09-03T01:33:20+02:00"}
{"params":{"ticked":"692a447df0b358f9206a7055a26d385c.e4dbfdc14f3ee36e0589568d2db831a8.f816879a28effb44e5d5020d932033fe"},"method":"loginstmisticket.getall","USER_ID":"2489","USER_EMAIL":"user1","USER_NAME":"Administrador","IPSOURCE":"::1","DATE_ATOM":"2022-09-03T01:33:34+02:00"}
{"params":{"ticked":"3c8572993ebd05f0507dc5fe4e8b1a83.23c5409db22b30dffe1e507c0254d0c2.48d8dff3f9e015ad0c745f611b07b743"},"method":"loginstmisticket.getall","USER_ID":"2489","USER_EMAIL":"user1","USER_NAME":"Administrador","IPSOURCE":"::1","DATE_ATOM":"2022-09-03T01:37:57+02:00"}
{"params":{"ticked":"4e2f4feb97ae677004d72dcdf9286820.09153e24359915f766006dcd2d7c25ff.78556491da06e036356065916c9148a6"},"method":"loginstmisticket.getall","USER_ID":"2489","USER_EMAIL":"user1","USER_NAME":"Administrador","IPSOURCE":"::1","DATE_ATOM":"2022-09-03T01:43:11+02:00"}
{"params":{"ticked":"c9f5ce73bd136f2c8845e3374884a233.e7746982bda23dfedc63490706cae245.d09985e1ec85198cf418d772b1c2615a"},"method":"loginstmisticket.getall","USER_ID":"2489","USER_EMAIL":"user1","USER_NAME":"Administrador","IPSOURCE":"::1","DATE_ATOM":"2022-09-03T01:47:28+02:00"}
{"params":{"ticked":"c9f5ce73bd136f2c8845e3374884a233.e7746982bda23dfedc63490706cae245.d09985e1ec85198cf418d772b1c2615a"},"method":"loginstmisticket.getall","USER_ID":"2489","USER_EMAIL":"user1","USER_NAME":"Administrador","IPSOURCE":"::1","DATE_ATOM":"2022-09-03T01:49:31+02:00"}
{"params":{"ticked":"c9f5ce73bd136f2c8845e3374884a233.e7746982bda23dfedc63490706cae245.d09985e1ec85198cf418d772b1c2615a"},"method":"loginstmisticket.getall","USER_ID":"2489","USER_EMAIL":"user1","USER_NAME":"Administrador","IPSOURCE":"::1","DATE_ATOM":"2022-09-03T01:50:28+02:00"}
{"params":{"ticked":"c9f5ce73bd136f2c8845e3374884a233.e7746982bda23dfedc63490706cae245.d09985e1ec85198cf418d772b1c2615a"},"method":"loginstmisticket.getall","USER_ID":"2489","USER_EMAIL":"user1","USER_NAME":"Administrador","IPSOURCE":"::1","DATE_ATOM":"2022-09-03T01:50:36+02:00"}
{"params":{"ticked":"4b4d05f12c04c3ce82c663d7995726ba.730a0c6204ac7d78a3a1d0a7ed1f14e6.7387c3bd77582068d4df454bf0e62222"},"method":"loginstmisticket.getall","USER_ID":"2489","USER_EMAIL":"user1","USER_NAME":"Administrador","IPSOURCE":"::1","DATE_ATOM":"2022-09-03T01:51:55+02:00"}
{"params":{"ticked":"4b4d05f12c04c3ce82c663d7995726ba.730a0c6204ac7d78a3a1d0a7ed1f14e6.7387c3bd77582068d4df454bf0e62222"},"method":"loginstmisticket.getall","USER_ID":"2489","USER_EMAIL":"user1","USER_NAME":"Administrador","IPSOURCE":"::1","DATE_ATOM":"2022-09-03T01:52:43+02:00"}
{"params":{"ticked":"7447007650e96731dacae364da52b160.dd13b8587c8e33b1168a7c204c0beb7c.76836b1b74e495914ca8ba33d0d9ddbf"},"method":"loginstmisticket.getall","USER_ID":"2489","USER_EMAIL":"user1","USER_NAME":"Administrador","IPSOURCE":"::1","DATE_ATOM":"2022-09-03T01:54:41+02:00"}
{"params":{"ticked":"a99028019d4c832b5bc4c90262e7c3b3.16ab9bdd65311cc6cdcccb4aa1b3652e.7a0911dc197014c4bfecdb59a1a0e27b"},"method":"loginstmisticket.getall","USER_ID":"2489","USER_EMAIL":"user1","USER_NAME":"Administrador","IPSOURCE":"::1","DATE_ATOM":"2022-09-03T02:02:32+02:00"}
{"params":{"ticked":"31cf8d443c46405648e5f1143b42e19b.ab14763f8c2748747714318c07696e03.ecc93e62e0a7a0d1684b61d3d43bf369"},"method":"loginstmisticket.getall","USER_ID":"2489","USER_EMAIL":"user1","USER_NAME":"Administrador","IPSOURCE":"::1","DATE_ATOM":"2022-09-03T02:15:04+02:00"}
{"params":{"ticked":"6d6a3bc46cadcfae54dd0fcae46bcfea.ab68038cbe6c9d88ca81b3a8aa5f1990.bfaa26a8b6735b6d7d0fd15f04621285"},"method":"loginstmisticket.getall","USER_ID":"2489","USER_EMAIL":"user1","USER_NAME":"Administrador","IPSOURCE":"::1","DATE_ATOM":"2022-09-03T02:24:45+02:00"}
{"params":{"ticked":"d48299c0712c914d1d0332264ad79340.44394befef365df57113528a0fe54e5e.10d2e5ddc74e9f85749c546efbd94ed6"},"method":"loginstmisticket.getall","USER_ID":"2489","USER_EMAIL":"user1","USER_NAME":"Administrador","IPSOURCE":"::1","DATE_ATOM":"2022-09-03T02:28:18+02:00"}
{"params":{"ticked":"f54c373637c447a4f64c06afaee8edb8.f043c57e06f08f137928e99533e995c2.128159652011b4d5120ee257362f869e"},"method":"loginstmisticket.getall","USER_ID":"2489","USER_EMAIL":"user1","USER_NAME":"Administrador","IPSOURCE":"::1","DATE_ATOM":"2022-09-03T02:33:01+02:00"}
{"params":{"ticked":"c2933a71b25969257961f7bda75dab09.2fb1113d5012c96662f023c8826b2640.5e30b9ad53a8a4e6c3d2fb3611b2feb1"},"method":"loginstmisticket.getall","USER_ID":"2489","USER_EMAIL":"user1","USER_NAME":"Administrador","IPSOURCE":"::1","DATE_ATOM":"2022-09-05T16:16:03+02:00"}
{"params":{"ticked":"c2933a71b25969257961f7bda75dab09.2fb1113d5012c96662f023c8826b2640.5e30b9ad53a8a4e6c3d2fb3611b2feb1"},"method":"loginstmisticket.getall","USER_ID":"2489","USER_EMAIL":"user1","USER_NAME":"Administrador","IPSOURCE":"::1","DATE_ATOM":"2022-09-05T16:17:13+02:00"}
{"params":{"ticked":"c2933a71b25969257961f7bda75dab09.2fb1113d5012c96662f023c8826b2640.5e30b9ad53a8a4e6c3d2fb3611b2feb1"},"method":"loginstmisticket.getall","USER_ID":"2489","USER_EMAIL":"user1","USER_NAME":"Administrador","IPSOURCE":"::1","DATE_ATOM":"2022-09-05T16:21:31+02:00"}
{"params":{"ticked":"c2933a71b25969257961f7bda75dab09.2fb1113d5012c96662f023c8826b2640.5e30b9ad53a8a4e6c3d2fb3611b2feb1"},"method":"loginstmisticket.getall","USER_ID":"2489","USER_EMAIL":"user1","USER_NAME":"Administrador","IPSOURCE":"::1","DATE_ATOM":"2022-09-05T16:28:46+02:00"}
{"params":{"ticked":"b5c387a31e8588ffe7b7c3619ad2506b.81cf90558eab844e21da43a8444d9152.bc022069c0a427b2c96260b4169caa81"},"method":"loginstmisticket.getall","USER_ID":"2489","USER_EMAIL":"user1","USER_NAME":"Administrador","IPSOURCE":"::1","DATE_ATOM":"2022-09-05T16:40:15+02:00"}
{"params":{"ticked":"7366838275704a09ecb9cd31c6b89c35.2223cd8854e1e5918ec43fdb4e5e077d.bccc58d16c99e8cd56d58237c09ea363"},"method":"loginstmisticket.getall","USER_ID":"2489","USER_EMAIL":"user1","USER_NAME":"Administrador","IPSOURCE":"::1","DATE_ATOM":"2022-09-05T17:00:05+02:00"}
{"params":{"ticked":"7366838275704a09ecb9cd31c6b89c35.2223cd8854e1e5918ec43fdb4e5e077d.bccc58d16c99e8cd56d58237c09ea363"},"method":"loginstmisticket.getall","USER_ID":"2489","USER_EMAIL":"user1","USER_NAME":"Administrador","IPSOURCE":"::1","DATE_ATOM":"2022-09-05T18:29:36+02:00"}
{"params":{"ticked":"7366838275704a09ecb9cd31c6b89c35.2223cd8854e1e5918ec43fdb4e5e077d.bccc58d16c99e8cd56d58237c09ea363"},"method":"loginstmisticket.getall","USER_ID":"2489","USER_EMAIL":"user1","USER_NAME":"Administrador","IPSOURCE":"::1","DATE_ATOM":"2022-09-05T19:06:57+02:00"}
{"params":{"ticked":"7366838275704a09ecb9cd31c6b89c35.2223cd8854e1e5918ec43fdb4e5e077d.bccc58d16c99e8cd56d58237c09ea363"},"method":"loginstmisticket.getall","USER_ID":"2489","USER_EMAIL":"user1","USER_NAME":"Administrador","IPSOURCE":"::1","DATE_ATOM":"2022-09-05T19:07:42+02:00"}
{"params":{"ticked":"7366838275704a09ecb9cd31c6b89c35.2223cd8854e1e5918ec43fdb4e5e077d.bccc58d16c99e8cd56d58237c09ea363"},"method":"loginstmisticket.getall","USER_ID":"2489","USER_EMAIL":"user1","USER_NAME":"Administrador","IPSOURCE":"::1","DATE_ATOM":"2022-09-05T19:21:34+02:00"}
{"params":{"ticked":"7366838275704a09ecb9cd31c6b89c35.2223cd8854e1e5918ec43fdb4e5e077d.bccc58d16c99e8cd56d58237c09ea363"},"method":"loginstmisticket.getall","USER_ID":"2489","USER_EMAIL":"user1","USER_NAME":"Administrador","IPSOURCE":"::1","DATE_ATOM":"2022-09-05T19:51:04+02:00"}
{"params":{"ticked":"a40dac51b80b01d5f2ef5dd5ca0f32c5.3d5ca434f3fdf028e3bf046954131178.dd7ecfa668f9bb66e2d391e57f81ae1e"},"method":"loginstmisticket.getall","USER_ID":"2489","USER_EMAIL":"user1","USER_NAME":"Administrador","IPSOURCE":"::1","DATE_ATOM":"2022-09-05T21:10:23+02:00"}
{"params":{"ticked":"70deb491a2d997924bbe44ff4553e365.5cfc1d30092cd03ea7f0a989ccecc2e2.003092ab5013e1a4652f825fd5a69643"},"method":"loginstmisticket.getall","USER_ID":"2489","USER_EMAIL":"user1","USER_NAME":"Administrador","IPSOURCE":"::1","DATE_ATOM":"2022-09-05T21:11:25+02:00"}
{"params":{"ticked":"84a1e69bd712ffd690f0c6155dc840b3.d8a4847bafd6f54d9fc72b4eb773e4cb.23c2a11ad56178072494cff29959f55c"},"method":"loginstmisticket.getall","USER_ID":"2489","USER_EMAIL":"user1","USER_NAME":"Administrador","IPSOURCE":"::1","DATE_ATOM":"2022-09-06T00:29:16+02:00"}
{"params":{"ticked":"4bd67247d8037b2b8fb42a0a7b843d66.92fa2148e1997d4700b487a62b537d57.a9d18655c73bdfaee0b70db231420e83"},"method":"loginstmisticket.getall","USER_ID":"2489","USER_EMAIL":"user1","USER_NAME":"Administrador","IPSOURCE":"::1","DATE_ATOM":"2022-09-06T00:36:24+02:00"}
{"params":{"ticked":"daf11ba9164683299e9cc26cb0dbe2ed.d97a85273a9b49b7daebe2acfb23dc33.10393f9e54b69e1e2bca50efe5363f62"},"method":"loginstmisticket.getall","USER_ID":"2489","USER_EMAIL":"user1","USER_NAME":"Administrador","IPSOURCE":"::1","DATE_ATOM":"2022-09-06T00:39:49+02:00"}
{"params":{"ticked":"a5711c1832e37642db26818afb876da2.458c4c1b8157a76a5ec7475adefa2946.610ef5351ca4a3ff7cee24ec805a4a65"},"method":"loginstmisticket.getall","USER_ID":"2489","USER_EMAIL":"user1","USER_NAME":"Administrador","IPSOURCE":"::1","DATE_ATOM":"2022-09-06T00:47:04+02:00"}
{"params":{"ticked":"e15d53f15e08be883b8c2909743e38d0.1add9259e4bc174c6b794646e4cf732e.5c7bd79de3829d3f25b63b8829bfedb3"},"method":"loginstmisticket.getall","USER_ID":"2489","USER_EMAIL":"user1","USER_NAME":"Administrador","IPSOURCE":"::1","DATE_ATOM":"2022-09-06T01:01:02+02:00"}
{"params":{"ticked":"175fcd34d9a5d045eebb4ab6ecb102a7.2ec32b71020c91b49b769066f0e15641.22db2c8f9939eb1b3e7e13c18450460b"},"method":"loginstmisticket.getall","USER_ID":"2489","USER_EMAIL":"user1","USER_NAME":"Administrador","IPSOURCE":"::1","DATE_ATOM":"2022-09-06T01:03:23+02:00"}
{"params":{"ticked":"4e77631fd68dc9f9e5cc0219ac7f6a85.9413993bdcf64e31d6d541fd5f9beb5b.dd7c689d460c04bf0cc87aeace01aed3"},"method":"loginstmisticket.getall","USER_ID":"2489","USER_EMAIL":"user1","USER_NAME":"Administrador","IPSOURCE":"::1","DATE_ATOM":"2022-09-06T01:15:33+02:00"}
{"params":{"ticked":"2c312ffd1c2811650b5b29d67e2d95e4.c25478e293d43dbbb7909c7cea9d8913.e715e6034929abea887af244ddabe382"},"method":"loginstmisticket.getall","USER_ID":"2489","USER_EMAIL":"user1","USER_NAME":"Administrador","IPSOURCE":"::1","DATE_ATOM":"2022-09-06T01:17:42+02:00"}
{"params":{"ticked":"e376b825c359a499ac7714b421cd413e.04200ad360849ace0cab7eed4476407a.a873d69cd61f1033034c2ab0c26be572"},"method":"loginstmisticket.getall","USER_ID":"2489","USER_EMAIL":"user1","USER_NAME":"Administrador","IPSOURCE":"::1","DATE_ATOM":"2022-09-06T01:21:09+02:00"}
{"params":{"ticked":"bd5d7a98a4f97aa3f043ec4e19e7cd6c.0577a43a51105b1fd7d9eec1f7d84d24.505c119f541ab6a35ad422d52c36dbf7"},"method":"loginstmisticket.getall","USER_ID":"2489","USER_EMAIL":"user1","USER_NAME":"Administrador","IPSOURCE":"::1","DATE_ATOM":"2022-09-06T01:27:00+02:00"}
{"params":{"ticked":"29c9d90ad08e635e0f668d25265a8bce.5438a8abada588f2135bc26cb8a485a6.27df5b6333506203f94c7a9326b9cb49"},"method":"loginstmisticket.getall","USER_ID":"2489","USER_EMAIL":"user1","USER_NAME":"Administrador","IPSOURCE":"::1","DATE_ATOM":"2022-09-06T02:00:16+02:00"}
{"params":{"ticked":"82a97f2d94ef9f8745abb0bdd007f09f.5f7e70d64e721919666239ca3a665ce3.b20dd0ec993ba73d287dee203fe3ecd4"},"method":"loginstmisticket.getall","USER_ID":"2489","USER_EMAIL":"user1","USER_NAME":"Administrador","IPSOURCE":"::1","DATE_ATOM":"2022-09-06T02:06:28+02:00"}
{"params":{"ticked":"5f75c81779b67b8b942418153c2b6a52.3891c4ce5be7eb9d0581cfb82e396631.d648781509e753660e12ecb141c402ec"},"method":"loginstmisticket.getall","USER_ID":"2489","USER_EMAIL":"user1","USER_NAME":"Administrador","IPSOURCE":"::1","DATE_ATOM":"2022-09-06T02:08:15+02:00"}
{"params":{"ticked":"0dbfdb9c418cc782b9ee19312b1b53a0.b8fcaf9a9e2db6b4638f9aff7557c354.fd96b355b6afdaf47a7dadd8c3e71773"},"method":"loginstmisticket.getall","USER_ID":"2489","USER_EMAIL":"user1","USER_NAME":"Administrador","IPSOURCE":"::1","DATE_ATOM":"2022-09-06T15:39:29+02:00"}
{"params":{"ticked":"0dbfdb9c418cc782b9ee19312b1b53a0.b8fcaf9a9e2db6b4638f9aff7557c354.fd96b355b6afdaf47a7dadd8c3e71773"},"method":"loginstmisticket.getall","USER_ID":"2489","USER_EMAIL":"user1","USER_NAME":"Administrador","IPSOURCE":"::1","DATE_ATOM":"2022-09-06T16:33:12+02:00"}
{"params":{"ticked":"0dbfdb9c418cc782b9ee19312b1b53a0.b8fcaf9a9e2db6b4638f9aff7557c354.fd96b355b6afdaf47a7dadd8c3e71773"},"method":"loginstmisticket.getall","USER_ID":"2489","USER_EMAIL":"user1","USER_NAME":"Administrador","IPSOURCE":"::1","DATE_ATOM":"2022-09-06T16:33:19+02:00"}
{"params":{"ticked":"0dbfdb9c418cc782b9ee19312b1b53a0.b8fcaf9a9e2db6b4638f9aff7557c354.fd96b355b6afdaf47a7dadd8c3e71773"},"method":"loginstmisticket.getall","USER_ID":"2489","USER_EMAIL":"user1","USER_NAME":"Administrador","IPSOURCE":"::1","DATE_ATOM":"2022-09-06T16:33:28+02:00"}
{"params":{"ticked":"0dbfdb9c418cc782b9ee19312b1b53a0.b8fcaf9a9e2db6b4638f9aff7557c354.fd96b355b6afdaf47a7dadd8c3e71773"},"method":"loginstmisticket.getall","USER_ID":"2489","USER_EMAIL":"user1","USER_NAME":"Administrador","IPSOURCE":"::1","DATE_ATOM":"2022-09-06T16:36:43+02:00"}
{"params":{"ticked":"0dbfdb9c418cc782b9ee19312b1b53a0.b8fcaf9a9e2db6b4638f9aff7557c354.fd96b355b6afdaf47a7dadd8c3e71773"},"method":"loginstmisticket.getall","USER_ID":"2489","USER_EMAIL":"user1","USER_NAME":"Administrador","IPSOURCE":"::1","DATE_ATOM":"2022-09-06T16:36:52+02:00"}
{"params":{"ticked":"bddedadf6b5735f85bfadb414065fe43.0f0920d218e71cc8f203e52e059c8580.fdb6b3312dab3cbb9a1997daab31aa05"},"method":"loginstmisticket.getall","USER_ID":"2489","USER_EMAIL":"user1","USER_NAME":"Administrador","IPSOURCE":"::1","DATE_ATOM":"2022-09-06T17:48:14+02:00"}
{"params":{"ticked":"4675ea2fdb2c0c11cf5907f267c531d1.53834a011744369766df15e60ee92b5d.798f0848babcddf2564ec96ac1729eed"},"method":"loginstmisticket.getall","USER_ID":"2489","USER_EMAIL":"user1","USER_NAME":"Administrador","IPSOURCE":"::1","DATE_ATOM":"2022-09-06T18:27:48+02:00"}
{"params":{"ticked":"2c24e7b2978f59360bac1766316852bd.630f1cc58624684d937b1019f35c6229.f3ae603280cbbbba3a2fe220e10f607b"},"method":"loginstmisticket.getall","USER_ID":"2489","USER_EMAIL":"user1","USER_NAME":"Administrador","IPSOURCE":"::1","DATE_ATOM":"2022-09-06T18:29:07+02:00"}
{"params":{"ticked":"2c24e7b2978f59360bac1766316852bd.630f1cc58624684d937b1019f35c6229.f3ae603280cbbbba3a2fe220e10f607b"},"method":"loginstmisticket.getall","USER_ID":"2489","USER_EMAIL":"user1","USER_NAME":"Administrador","IPSOURCE":"::1","DATE_ATOM":"2022-09-06T18:29:53+02:00"}
{"params":{"ticked":"4207b2249b3ada07d7dfa53031c7d622.c0150b9b7428c677312416368f5f5117.46c787246cd42389c430a118c136abcd"},"method":"loginstmisticket.getall","USER_ID":"2489","USER_EMAIL":"user1","USER_NAME":"Administrador","IPSOURCE":"::1","DATE_ATOM":"2022-09-06T18:31:20+02:00"}
{"params":{"ticked":"4207b2249b3ada07d7dfa53031c7d622.c0150b9b7428c677312416368f5f5117.46c787246cd42389c430a118c136abcd"},"method":"loginstmisticket.getall","USER_ID":"2489","USER_EMAIL":"user1","USER_NAME":"Administrador","IPSOURCE":"::1","DATE_ATOM":"2022-09-06T18:32:52+02:00"}
{"params":{"ticked":"4207b2249b3ada07d7dfa53031c7d622.c0150b9b7428c677312416368f5f5117.46c787246cd42389c430a118c136abcd"},"method":"loginstmisticket.getall","USER_ID":"2489","USER_EMAIL":"user1","USER_NAME":"Administrador","IPSOURCE":"::1","DATE_ATOM":"2022-09-06T18:37:28+02:00"}
{"params":{"ticked":"9bc6d564219c3c609d6ef84fa00abe5c.8d7b0bbee5f5ce169974786d20ce3d77.aae66ae2eb8b5ed096ad102e09b3ac4a"},"method":"loginstmisticket.getall","USER_ID":"2489","USER_EMAIL":"user1","USER_NAME":"Administrador","IPSOURCE":"::1","DATE_ATOM":"2022-09-06T18:39:20+02:00"}
{"params":{"ticked":"a14be6d31ff66967b8831a8929f258d0.a0be5d393abd7e7be0123f21c9b39011.02b980350ac8c60193a9a3c4895adc6c"},"method":"loginstmisticket.getall","USER_ID":"2489","USER_EMAIL":"user1","USER_NAME":"Administrador","IPSOURCE":"::1","DATE_ATOM":"2022-09-06T18:53:39+02:00"}
{"params":{"ticked":"34a6cf977bb61b70114f728f58348fcd.e4cf8a1268ce2cde40307031460ded6d.d41c2e89fe41553f1e20e841a3b0116c"},"method":"loginstmisticket.getall","USER_ID":"2489","USER_EMAIL":"user1","USER_NAME":"Administrador","IPSOURCE":"::1","DATE_ATOM":"2022-09-06T19:45:46+02:00"}
{"params":{"ticked":"34a6cf977bb61b70114f728f58348fcd.e4cf8a1268ce2cde40307031460ded6d.d41c2e89fe41553f1e20e841a3b0116c"},"method":"loginstmisticket.getall","USER_ID":"2489","USER_EMAIL":"user1","USER_NAME":"Administrador","IPSOURCE":"::1","DATE_ATOM":"2022-09-06T19:46:32+02:00"}
{"params":{"ticked":"157aa67f9e8be01977199773079fa7d4.62b34aa45b02016b17470948fb356083.ff699b34f3610e643dee8239a657a8db"},"method":"loginstmisticket.getall","USER_ID":"2489","USER_EMAIL":"user1","USER_NAME":"Administrador","IPSOURCE":"::1","DATE_ATOM":"2022-09-06T21:18:00+02:00"}
{"params":{"ticked":"157aa67f9e8be01977199773079fa7d4.62b34aa45b02016b17470948fb356083.ff699b34f3610e643dee8239a657a8db"},"method":"loginstmisticket.getall","USER_ID":"2489","USER_EMAIL":"user1","USER_NAME":"Administrador","IPSOURCE":"::1","DATE_ATOM":"2022-09-06T21:18:43+02:00"}
{"params":{"ticked":"157aa67f9e8be01977199773079fa7d4.62b34aa45b02016b17470948fb356083.ff699b34f3610e643dee8239a657a8db"},"method":"loginstmisticket.getall","USER_ID":"2489","USER_EMAIL":"user1","USER_NAME":"Administrador","IPSOURCE":"::1","DATE_ATOM":"2022-09-06T21:18:47+02:00"}
{"params":{"ticked":"157aa67f9e8be01977199773079fa7d4.62b34aa45b02016b17470948fb356083.ff699b34f3610e643dee8239a657a8db"},"method":"loginstmisticket.getall","USER_ID":"2489","USER_EMAIL":"user1","USER_NAME":"Administrador","IPSOURCE":"::1","DATE_ATOM":"2022-09-06T21:19:06+02:00"}
{"params":{"ticked":"157aa67f9e8be01977199773079fa7d4.62b34aa45b02016b17470948fb356083.ff699b34f3610e643dee8239a657a8db"},"method":"loginstmisticket.getall","USER_ID":"2489","USER_EMAIL":"user1","USER_NAME":"Administrador","IPSOURCE":"::1","DATE_ATOM":"2022-09-06T21:20:08+02:00"}
{"params":{"ticked":"69c41c6344cb0a982769f030a9d715a8.cfa77a1d2f26732177254df2e3d17f5b.4c1ca4b25e74bfc88654724a2fa0f8cf"},"method":"loginstmisticket.getall","USER_ID":"2489","USER_EMAIL":"user1","USER_NAME":"Administrador","IPSOURCE":"::1","DATE_ATOM":"2022-09-06T21:50:27+02:00"}
{"params":{"ticked":"db0b5421da20b124338ed432cff9ccc3.e4e9fd38155a95e3f377da2a870a0d0d.5af68a1614fea9f6a28d7c5ea4afe941"},"method":"loginstmisticket.getall","USER_ID":"2489","USER_EMAIL":"user1","USER_NAME":"Administrador","IPSOURCE":"::1","DATE_ATOM":"2022-09-06T23:37:21+02:00"}
{"params":{"ticked":"92a041c6a4adfef50340f75c6b4e4ade.20ff09e1639fa4db4c8a6435c0fa037e.bc7083eff7d9fa7a0fd50728dc457ebe"},"method":"loginstmisticket.getall","USER_ID":"2489","USER_EMAIL":"user1","USER_NAME":"Administrador","IPSOURCE":"::1","DATE_ATOM":"2022-09-06T23:38:28+02:00"}
{"params":{"ticked":"be1b9873faaf305f230b51b2535f95be.0365051162c39c3a0f7d28decffcaa2f.ba4fbf118cb9217856494cbc03442e0b"},"method":"loginstmisticket.getall","USER_ID":"2489","USER_EMAIL":"user1","USER_NAME":"Administrador","IPSOURCE":"::1","DATE_ATOM":"2022-09-06T23:42:00+02:00"}
{"params":{"ticked":"7ea8d8796ca8cb9c68612e0a38987043.6da103d12c3b847c617cae11ecda68f2.c230f36994ef5eb9630f85809a09626f"},"method":"loginstmisticket.getall","USER_ID":"2489","USER_EMAIL":"user1","USER_NAME":"Administrador","IPSOURCE":"::1","DATE_ATOM":"2022-09-06T23:46:05+02:00"}
{"params":{"ticked":"657545248cea1956b0e00d9eb30cc375.401b594287f3729fa37f75845c6336bd.4b9ffbe93918c8e4f3ee49faf0cb82e2"},"method":"loginstmisticket.getall","USER_ID":"2489","USER_EMAIL":"user1","USER_NAME":"Administrador","IPSOURCE":"::1","DATE_ATOM":"2022-09-06T23:51:21+02:00"}
{"params":{"ticked":"e3e85828306ce38d4748ce6d6034797c.1e511ba49ecd5e7b7fa35be9af334cfe.50939d877f25bc162e8ee4b746fc64b5"},"method":"loginstmisticket.getall","USER_ID":"2489","USER_EMAIL":"user1","USER_NAME":"Administrador","IPSOURCE":"::1","DATE_ATOM":"2022-09-06T23:57:58+02:00"}
{"params":{"ticked":"9f5915da47f1c0e726420ae9bd17eac2.701c95ed2add62a0c95e20186cf49bb5.c4b360a89395342afb3aed4c6982a6f3"},"method":"loginstmisticket.getall","USER_ID":"2489","USER_EMAIL":"user1","USER_NAME":"Administrador","IPSOURCE":"::1","DATE_ATOM":"2022-09-07T00:11:58+02:00"}
{"params":{"ticked":"2ae1547c5b80830b2b22d02400da8de7.cea84435b82cb566165f7413bbdd8bcc.3bd810d74621bfcdc7df2f33d0d9bd2a"},"method":"loginstmisticket.getall","USER_ID":"2489","USER_EMAIL":"user1","USER_NAME":"Administrador","IPSOURCE":"::1","DATE_ATOM":"2022-09-07T00:14:29+02:00"}
{"params":{"ticked":"b7b4e4a0e544d937448969f0baac9da9.52862e016139bb09cb2c7fe4e130c518.d8947ff05c19da62a6b716c0ff7c358a"},"method":"loginstmisticket.getall","USER_ID":"2489","USER_EMAIL":"user1","USER_NAME":"Administrador","IPSOURCE":"::1","DATE_ATOM":"2022-09-07T00:17:00+02:00"}
{"params":{"ticked":"2d8609ac4b6f3f201717ebc8a3d9d512.82eaf160a77863fb1a410a421a442a07.83b6a048f99cfc5a95e7c7f222b2d415"},"method":"loginstmisticket.getall","USER_ID":"2489","USER_EMAIL":"user1","USER_NAME":"Administrador","IPSOURCE":"::1","DATE_ATOM":"2022-09-07T00:31:32+02:00"}
{"params":{"ticked":"6003d68c781dacd19bf45848ef4e5d46.451bf59e83276c9eb92a93f32e5856ef.10ce326a3f8af8ea13af0193d21e59a8"},"method":"loginstmisticket.getall","USER_ID":"2489","USER_EMAIL":"user1","USER_NAME":"Administrador","IPSOURCE":"::1","DATE_ATOM":"2022-09-07T00:34:41+02:00"}
{"params":{"ticked":"cf1aac91da707f12982dbf83e66cfe04.4ff3f1b4b88779e3fc89134ad92114f5.eff2cfba75fa1cf3eb9d4a231cf8cef4"},"method":"loginstmisticket.getall","USER_ID":"2489","USER_EMAIL":"user1","USER_NAME":"Administrador","IPSOURCE":"::1","DATE_ATOM":"2022-09-07T00:55:35+02:00"}
{"params":{"ticked":"fb43e80b7a2b7c530cca81c28dcdcb94.667a861117377d95d7983b586213bb3e.f5e53d46832fef01beb45f6c374a4cda"},"method":"loginstmisticket.getall","USER_ID":"2489","USER_EMAIL":"user1","USER_NAME":"Administrador","IPSOURCE":"::1","DATE_ATOM":"2022-09-07T01:00:01+02:00"}
{"params":{"ticked":"26db912c6769375d88dab90dac324059.3357362210f5851892dfc23ceb8b4dfd.8e694ffd80f12d04e7aa69a1bc37b5bd"},"method":"loginstmisticket.getall","USER_ID":"2489","USER_EMAIL":"user1","USER_NAME":"Administrador","IPSOURCE":"::1","DATE_ATOM":"2022-09-07T01:13:35+02:00"}
{"params":{"ticked":"e50845ded99f49aeedcc77ba1cf08195.014ad5f0d5e433cbe8a638f1952473a2.043f5637b72ee4a063113bf3397e67ac"},"method":"loginstmisticket.getall","USER_ID":"2489","USER_EMAIL":"user1","USER_NAME":"Administrador","IPSOURCE":"::1","DATE_ATOM":"2022-09-07T01:30:54+02:00"}
{"params":{"ticked":"d288ecf1fff5bd69b77c5a25103483bf.7b1b71895f4d384fb9f34150f0d6bbda.614ff7d4f258b0dfd0b4832ec3ab62a1"},"method":"loginstmisticket.getall","USER_ID":"2489","USER_EMAIL":"user1","USER_NAME":"Administrador","IPSOURCE":"::1","DATE_ATOM":"2022-09-07T01:41:22+02:00"}
{"params":{"ticked":"26a5898610c1a2bd7438fb4663a27abc.a52212375ee6435aec2dc3efa87277e4.6cb009248e356d0d0b374bb3851e9226"},"method":"loginstmisticket.getall","USER_ID":"2489","USER_EMAIL":"user1","USER_NAME":"Administrador","IPSOURCE":"::1","DATE_ATOM":"2022-09-07T01:46:08+02:00"}
{"params":{"ticked":"28116ab8005627cb7bed2a783b9ff441.572127a3fe6645e71356446b3051f88f.c678907f33879bd28e62eda42457194e"},"method":"loginstmisticket.getall","USER_ID":"2489","USER_EMAIL":"user1","USER_NAME":"Administrador","IPSOURCE":"::1","DATE_ATOM":"2022-09-07T01:50:40+02:00"}
{"params":{"ticked":"5d29c609cbf4acb4644732fbf7c48176.fbabf1d216dfc8bc958d5fe2d1330fa5.177593c6eb4fe76858ab3af395ff9b8d"},"method":"loginstmisticket.getall","USER_ID":"2489","USER_EMAIL":"user1","USER_NAME":"Administrador","IPSOURCE":"::1","DATE_ATOM":"2022-09-07T01:51:33+02:00"}
{"params":{"ticked":"2271b8e8a03916af38f5ec481067c45d.5ed2ed249455461ff070abaa3e697fa7.a0dba9267ac2a1f3e91874358a871349"},"method":"loginstmisticket.getall","USER_ID":"2489","USER_EMAIL":"user1","USER_NAME":"Administrador","IPSOURCE":"::1","DATE_ATOM":"2022-09-07T15:40:15+02:00"}
{"params":{"ticked":"2271b8e8a03916af38f5ec481067c45d.5ed2ed249455461ff070abaa3e697fa7.a0dba9267ac2a1f3e91874358a871349"},"method":"loginstmisticket.getall","USER_ID":"2489","USER_EMAIL":"user1","USER_NAME":"Administrador","IPSOURCE":"::1","DATE_ATOM":"2022-09-07T16:41:26+02:00"}
{"params":{"ticked":"2271b8e8a03916af38f5ec481067c45d.5ed2ed249455461ff070abaa3e697fa7.a0dba9267ac2a1f3e91874358a871349"},"method":"loginstmisticket.getall","USER_ID":"2489","USER_EMAIL":"user1","USER_NAME":"Administrador","IPSOURCE":"::1","DATE_ATOM":"2022-09-07T16:47:38+02:00"}
{"params":{"ticked":"2271b8e8a03916af38f5ec481067c45d.5ed2ed249455461ff070abaa3e697fa7.a0dba9267ac2a1f3e91874358a871349"},"method":"loginstmisticket.getall","USER_ID":"2489","USER_EMAIL":"user1","USER_NAME":"Administrador","IPSOURCE":"::1","DATE_ATOM":"2022-09-07T16:52:19+02:00"}
{"params":{"ticked":"4faaeb033018d5f699fec40c0293af82.3937169903e02871a3fa8b6cb7b1ecb6.69c067008baa268d3f46f068e3923995"},"method":"loginstmisticket.getall","USER_ID":"2489","USER_EMAIL":"user1","USER_NAME":"Administrador","IPSOURCE":"::1","DATE_ATOM":"2022-09-07T18:32:45+02:00"}
{"params":{"ticked":"e570074b086c7a53be02436599757bcb.f25483b0329b07787641afffd40f0ce2.4cc798f40fc0b4cea32aeb44033266b5"},"method":"loginstmisticket.getall","USER_ID":"2489","USER_EMAIL":"user1","USER_NAME":"Administrador","IPSOURCE":"::1","DATE_ATOM":"2022-09-07T18:35:26+02:00"}
{"params":{"ticked":"7cc6a74bc4a4777fa0d3a93b274afa34.bd36d4e42b6aee90fc154f7ef715f0ff.01d469c40ed58563d704f653e05d10c8"},"method":"loginstmisticket.getall","USER_ID":"2489","USER_EMAIL":"user1","USER_NAME":"Administrador","IPSOURCE":"::1","DATE_ATOM":"2022-09-07T18:40:14+02:00"}
{"params":{"ticked":"1d94ed363634e487cc40831c02d88124.faa35ace65780ac2d20f0ca2ff803813.1f634d04116e70fda5ec70268ab89c16"},"method":"loginstmisticket.getall","USER_ID":"2489","USER_EMAIL":"user1","USER_NAME":"Administrador","IPSOURCE":"::1","DATE_ATOM":"2022-09-07T18:56:13+02:00"}
{"params":{"ticked":"c37a8931ec5e5e10a226e54d462986ca.51f18f6536210fb80927cf361bafa33d.9d4b18b483d418f9cd2959ea799f4a32"},"method":"loginstmisticket.getall","USER_ID":"2489","USER_EMAIL":"user1","USER_NAME":"Administrador","IPSOURCE":"::1","DATE_ATOM":"2022-09-07T19:02:17+02:00"}
{"params":{"ticked":"118ae5e6c643206eb6dde4b9fb0778bd.c6095b205d6d779838d4dabe444f0115.083ea2c377521d366d0b325089507a5f"},"method":"loginstmisticket.getall","USER_ID":"2489","USER_EMAIL":"user1","USER_NAME":"Administrador","IPSOURCE":"::1","DATE_ATOM":"2022-09-07T19:06:13+02:00"}
{"params":{"ticked":"6c97f1c76b07a949ceae2ca47be5aa7b.4d80bb6ec7ad0b92a39fcd064f6f07e4.076294484c378d17f8fb66af9afd974c"},"method":"loginstmisticket.getall","USER_ID":"2489","USER_EMAIL":"user1","USER_NAME":"Administrador","IPSOURCE":"::1","DATE_ATOM":"2022-09-07T19:14:54+02:00"}
{"params":{"ticked":"824841707e3fefedc53675c193a09e52.78d74eb41b194858bc8a61fc81f40d61.622362f804c83cf427dada196ea897bc"},"method":"loginstmisticket.getall","USER_ID":"3816","USER_EMAIL":"mquiroz@optical.pe","USER_NAME":"Magda Quiroz","IPSOURCE":"::1","DATE_ATOM":"2022-09-07T19:45:29+02:00"}
{"params":{"ticked":"e9d8229405aaf47a0250e2e575eda6e6.0417a720635b1bc878d208ccde658885.4eb54038a3fd0fb4ef5644bbe1ef6bc7"},"method":"loginstmisticket.getall","USER_ID":"2489","USER_EMAIL":"user1","USER_NAME":"Administrador","IPSOURCE":"::1","DATE_ATOM":"2022-09-07T19:57:06+02:00"}
{"params":{"ticked":"e9d8229405aaf47a0250e2e575eda6e6.0417a720635b1bc878d208ccde658885.4eb54038a3fd0fb4ef5644bbe1ef6bc7"},"method":"loginstmisticket.getall","USER_ID":"2489","USER_EMAIL":"user1","USER_NAME":"Administrador","IPSOURCE":"::1","DATE_ATOM":"2022-09-07T19:57:19+02:00"}
{"params":{"ticked":"df65588aa80cebfda7ce596b5f45ee59.7809987759583807ae04071e191c9592.96102bd600800595f9b8b46da94e409e"},"method":"loginstmisticket.getall","USER_ID":"2489","USER_EMAIL":"user1","USER_NAME":"Administrador","IPSOURCE":"::1","DATE_ATOM":"2022-09-07T19:57:47+02:00"}
{"params":{"ticked":"deaf604dc93ceb4b8e05edd4d70f15c0.551b891576824fc25a7490e4de998bbb.67a0fdf2d9732816ccf7dacb9d473f21"},"method":"loginstmisticket.getall","USER_ID":"3816","USER_EMAIL":"mquiroz@optical.pe","USER_NAME":"Magda Quiroz","IPSOURCE":"::1","DATE_ATOM":"2022-09-07T19:58:17+02:00"}
{"params":{"ticked":"6d4d2c4dd516e7f5517cf6f1604ef31b.504f6388411f3177ed22a648760ec3bc.8f495fb832d8cfb858a9cf3721288c83"},"method":"loginstmisticket.getall","USER_ID":"3816","USER_EMAIL":"mquiroz@optical.pe","USER_NAME":"Magda Quiroz","IPSOURCE":"::1","DATE_ATOM":"2022-09-07T19:59:45+02:00"}
{"params":{"ticked":"f633d28b0e12d7f5372ee811d6e1dc28.4bc6d84a2db6362e824c3a7d5fbba77d.517357a1f29e4b8fee8b7c5b9c9dd812"},"method":"loginstmisticket.getall","USER_ID":"2489","USER_EMAIL":"user1","USER_NAME":"Administrador","IPSOURCE":"::1","DATE_ATOM":"2022-09-07T21:45:29+02:00"}
{"params":{"ticked":"f633d28b0e12d7f5372ee811d6e1dc28.4bc6d84a2db6362e824c3a7d5fbba77d.517357a1f29e4b8fee8b7c5b9c9dd812"},"method":"loginstmisticket.getall","USER_ID":"2489","USER_EMAIL":"user1","USER_NAME":"Administrador","IPSOURCE":"::1","DATE_ATOM":"2022-09-07T21:47:43+02:00"}
{"params":{"ticked":"2633cfeabff65739d322ea892908536a.f7326ab4a0e9f76d37d3a8d12e88b328.852f99102628c67dc161a616416c0c8c"},"method":"loginstmisticket.getall","USER_ID":"2489","USER_EMAIL":"user1","USER_NAME":"Administrador","IPSOURCE":"::1","DATE_ATOM":"2022-09-07T22:05:14+02:00"}
{"params":{"ticked":"83ceab211742a9cba02b5a62f6599fb1.90c9ab32936c9f1716ef79766a9468ad.7bf4e7c74961c7bab28753922e6e689a"},"method":"loginstmisticket.getall","USER_ID":"2489","USER_EMAIL":"user1","USER_NAME":"Administrador","IPSOURCE":"::1","DATE_ATOM":"2022-09-07T22:51:49+02:00"}
{"params":{"ticked":"cc110804f617ef15846adfc446e95c09.d2865f685b44365b5e8aeb22c95e53c5.1f56bf08f7d21fdd8a4038af4222f38d"},"method":"loginstmisticket.getall","USER_ID":"3857","USER_EMAIL":"dbernal@optical.pe","USER_NAME":"Daniel Bernal","IPSOURCE":"::1","DATE_ATOM":"2022-09-07T23:50:53+02:00"}
{"params":{"ticked":"9ede8d16dcf9b223ded1a6863cca0571.2a24a028a217a8f9be0625412936029f.e06773ba7dd2816acb498b6e31aaceb2"},"method":"loginstmisticket.getall","USER_ID":"3857","USER_EMAIL":"dbernal@optical.pe","USER_NAME":"Daniel Bernal","IPSOURCE":"::1","DATE_ATOM":"2022-09-07T23:54:47+02:00"}
{"params":{"ticked":"9ede8d16dcf9b223ded1a6863cca0571.2a24a028a217a8f9be0625412936029f.e06773ba7dd2816acb498b6e31aaceb2"},"method":"loginstmisticket.getall","USER_ID":"3857","USER_EMAIL":"dbernal@optical.pe","USER_NAME":"Daniel Bernal","IPSOURCE":"::1","DATE_ATOM":"2022-09-07T23:58:36+02:00"}
{"params":{"ticked":"9ede8d16dcf9b223ded1a6863cca0571.2a24a028a217a8f9be0625412936029f.e06773ba7dd2816acb498b6e31aaceb2"},"method":"loginstmisticket.getall","USER_ID":"3857","USER_EMAIL":"dbernal@optical.pe","USER_NAME":"Daniel Bernal","IPSOURCE":"::1","DATE_ATOM":"2022-09-08T00:00:28+02:00"}
{"params":{"ticked":"9ede8d16dcf9b223ded1a6863cca0571.2a24a028a217a8f9be0625412936029f.e06773ba7dd2816acb498b6e31aaceb2"},"method":"loginstmisticket.getall","USER_ID":"3857","USER_EMAIL":"dbernal@optical.pe","USER_NAME":"Daniel Bernal","IPSOURCE":"::1","DATE_ATOM":"2022-09-08T00:00:38+02:00"}
{"params":{"ticked":"e5440cbadd612ee6adc6f240fe7a3f3c.42f848906a994ddb931eac7f74a3b0fc.6b2e1eebd3bcf554d414464d783f4a3e"},"method":"loginstmisticket.getall","USER_ID":"2489","USER_EMAIL":"user1","USER_NAME":"Administrador","IPSOURCE":"::1","DATE_ATOM":"2022-09-08T00:15:18+02:00"}
{"params":{"ticked":"d2afe564782c7733da43c1d13a8446c4.0e47554dc66a73f1ff1f31aeeae51ae6.bf6e7fdec63cd1c57dfa47349e7057f9"},"method":"loginstmisticket.getall","USER_ID":"3857","USER_EMAIL":"dbernal@optical.pe","USER_NAME":"Daniel Bernal","IPSOURCE":"::1","DATE_ATOM":"2022-09-08T00:15:35+02:00"}
{"params":{"ticked":"4920b8ff9733a8df00bd94c6e16569b0.f26a4f10331a3db73637f311974a789f.0a4bb4860851b7b5d4cc6827d91839bf"},"method":"loginstmisticket.getall","USER_ID":"3857","USER_EMAIL":"dbernal@optical.pe","USER_NAME":"Daniel Bernal","IPSOURCE":"::1","DATE_ATOM":"2022-09-08T00:16:31+02:00"}
{"params":{"ticked":"4920b8ff9733a8df00bd94c6e16569b0.f26a4f10331a3db73637f311974a789f.0a4bb4860851b7b5d4cc6827d91839bf"},"method":"loginstmisticket.getall","USER_ID":"3857","USER_EMAIL":"dbernal@optical.pe","USER_NAME":"Daniel Bernal","IPSOURCE":"::1","DATE_ATOM":"2022-09-08T00:17:34+02:00"}
{"params":{"ticked":"d2381fd30a76064ee8461c607dc4b349.642c08fd28fe35351712bc58d0b85641.3da9c06acc7d35f6d846300dd44af671"},"method":"loginstmisticket.getall","USER_ID":"3857","USER_EMAIL":"dbernal@optical.pe","USER_NAME":"Daniel Bernal","IPSOURCE":"::1","DATE_ATOM":"2022-09-08T00:24:43+02:00"}
{"params":{"ticked":"d2381fd30a76064ee8461c607dc4b349.642c08fd28fe35351712bc58d0b85641.3da9c06acc7d35f6d846300dd44af671"},"method":"loginstmisticket.getall","USER_ID":"3857","USER_EMAIL":"dbernal@optical.pe","USER_NAME":"Daniel Bernal","IPSOURCE":"::1","DATE_ATOM":"2022-09-08T00:27:09+02:00"}
{"params":{"ticked":"d2381fd30a76064ee8461c607dc4b349.642c08fd28fe35351712bc58d0b85641.3da9c06acc7d35f6d846300dd44af671"},"method":"loginstmisticket.getall","USER_ID":"3857","USER_EMAIL":"dbernal@optical.pe","USER_NAME":"Daniel Bernal","IPSOURCE":"::1","DATE_ATOM":"2022-09-08T00:30:11+02:00"}
{"params":{"ticked":"13b7cc3be6716875732d822513b3205d.41d17c8b2c46962298c95e1ebce564d9.81aa102b5dc7728ffad181e365c56c7f"},"method":"loginstmisticket.getall","USER_ID":"4090","USER_EMAIL":"user1_preventa@optical.pe","USER_NAME":"User1 Preventa","IPSOURCE":"::1","DATE_ATOM":"2022-09-08T00:52:16+02:00"}
{"params":{"ticked":"d2381fd30a76064ee8461c607dc4b349.642c08fd28fe35351712bc58d0b85641.3da9c06acc7d35f6d846300dd44af671"},"method":"loginstmisticket.getall","USER_ID":"3857","USER_EMAIL":"dbernal@optical.pe","USER_NAME":"Daniel Bernal","IPSOURCE":"::1","DATE_ATOM":"2022-09-08T01:16:16+02:00"}
{"params":{"ticked":"a323ea72a325eb42dd71416dd7140521.6d7f179184f0da5fb7eb4d3f267da78b.c5a8f7eea412b41b40f93e9c63bea1ae"},"method":"loginstmisticket.getall","USER_ID":"2489","USER_EMAIL":"user1","USER_NAME":"Administrador","IPSOURCE":"::1","DATE_ATOM":"2022-09-08T01:25:05+02:00"}
{"params":{"ticked":"e442bb08a8963f318cf90875233d47a3.6784e721066d6270bfc713fffb79a8bb.63aa8234e8891be26b82486bb35fcdc8"},"method":"loginstmisticket.getall","USER_ID":"4090","USER_EMAIL":"user1_preventa@optical.pe","USER_NAME":"User1 Preventa","IPSOURCE":"::1","DATE_ATOM":"2022-09-08T01:48:50+02:00"}
{"params":{"ticked":"f0ef800c1fc1c56ba8428ffa7f2b4660.7de34c4f35ddfea49bce9def78b11a58.d3320001266072bad2cf94269b1e317d"},"method":"loginstmisticket.getall","USER_ID":"4090","USER_EMAIL":"user1_preventa@optical.pe","USER_NAME":"User1 Preventa","IPSOURCE":"::1","DATE_ATOM":"2022-09-08T01:51:55+02:00"}
{"params":{"ticked":"f0ef800c1fc1c56ba8428ffa7f2b4660.7de34c4f35ddfea49bce9def78b11a58.d3320001266072bad2cf94269b1e317d"},"method":"loginstmisticket.getall","USER_ID":"4090","USER_EMAIL":"user1_preventa@optical.pe","USER_NAME":"User1 Preventa","IPSOURCE":"::1","DATE_ATOM":"2022-09-08T01:53:09+02:00"}
{"params":{"ticked":"ee66d605d0d24bdb443b548e42cce93f.b11aa24b12e6a64eaebe3332d2dfc15f.2e6fcfb615a7cfe61932fe7e8c201afc"},"method":"loginstmisticket.getall","USER_ID":"4090","USER_EMAIL":"user1_preventa@optical.pe","USER_NAME":"User1 Preventa","IPSOURCE":"::1","DATE_ATOM":"2022-09-08T01:55:55+02:00"}
{"params":{"ticked":"ee66d605d0d24bdb443b548e42cce93f.b11aa24b12e6a64eaebe3332d2dfc15f.2e6fcfb615a7cfe61932fe7e8c201afc"},"method":"loginstmisticket.getall","USER_ID":"4090","USER_EMAIL":"user1_preventa@optical.pe","USER_NAME":"User1 Preventa","IPSOURCE":"::1","DATE_ATOM":"2022-09-08T01:56:33+02:00"}
{"params":{"ticked":"daf620355027b2cf27aa5469915ecf45.55835d55bbd2b6b854dad10cbba79468.faf28abcb7b7c4bb597aead283ccdaaf"},"method":"loginstmisticket.getall","USER_ID":"4090","USER_EMAIL":"user1_preventa@optical.pe","USER_NAME":"User1 Preventa","IPSOURCE":"::1","DATE_ATOM":"2022-09-08T01:57:42+02:00"}
{"params":{"ticked":"daf620355027b2cf27aa5469915ecf45.55835d55bbd2b6b854dad10cbba79468.faf28abcb7b7c4bb597aead283ccdaaf"},"method":"loginstmisticket.getall","USER_ID":"4090","USER_EMAIL":"user1_preventa@optical.pe","USER_NAME":"User1 Preventa","IPSOURCE":"::1","DATE_ATOM":"2022-09-08T01:58:28+02:00"}
{"params":{"ticked":"b194ba2b84329b7f5eb9e51e9491b9a8.0752d483efc13822e58eb88c50588818.c3d5780c41fff6d495da43cf09ff825f"},"method":"loginstmisticket.getall","USER_ID":"4090","USER_EMAIL":"user1_preventa@optical.pe","USER_NAME":"User1 Preventa","IPSOURCE":"::1","DATE_ATOM":"2022-09-08T01:59:45+02:00"}
{"params":{"ticked":"b194ba2b84329b7f5eb9e51e9491b9a8.0752d483efc13822e58eb88c50588818.c3d5780c41fff6d495da43cf09ff825f"},"method":"loginstmisticket.getall","USER_ID":"4090","USER_EMAIL":"user1_preventa@optical.pe","USER_NAME":"User1 Preventa","IPSOURCE":"::1","DATE_ATOM":"2022-09-08T02:00:11+02:00"}
{"params":{"ticked":"b194ba2b84329b7f5eb9e51e9491b9a8.0752d483efc13822e58eb88c50588818.c3d5780c41fff6d495da43cf09ff825f"},"method":"loginstmisticket.getall","USER_ID":"4090","USER_EMAIL":"user1_preventa@optical.pe","USER_NAME":"User1 Preventa","IPSOURCE":"::1","DATE_ATOM":"2022-09-08T02:00:29+02:00"}
{"params":{"ticked":"b194ba2b84329b7f5eb9e51e9491b9a8.0752d483efc13822e58eb88c50588818.c3d5780c41fff6d495da43cf09ff825f"},"method":"loginstmisticket.getall","USER_ID":"4090","USER_EMAIL":"user1_preventa@optical.pe","USER_NAME":"User1 Preventa","IPSOURCE":"::1","DATE_ATOM":"2022-09-08T02:01:39+02:00"}
{"params":{"ticked":"bc4bd2753bfac3bbbf3823802099338e.95fed30b1d807c3cad8dd5fc86750f52.91f5a23f9deb0f028e31ea4c5096faae"},"method":"loginstmisticket.getall","USER_ID":"2489","USER_EMAIL":"user1","USER_NAME":"Administrador","IPSOURCE":"::1","DATE_ATOM":"2022-09-08T17:33:20+02:00"}
{"params":{"ticked":"df7359ba34459b66ea693612df610a22.00115bcb6fddfed323f4c10ed60b3291.7ea50d1500a7167867b5591bac989621"},"method":"loginstmisticket.getall","USER_ID":"3857","USER_EMAIL":"dbernal@optical.pe","USER_NAME":"Daniel Bernal","IPSOURCE":"::1","DATE_ATOM":"2022-09-08T17:36:49+02:00"}
{"params":{"ticked":"4f190ac6feaa97e26c8ad0bfae410bde.9107af2ee1201ab68dc541e1ea29da22.a4fd046376b62041f00fb17b9d38745f"},"method":"loginstmisticket.getall","USER_ID":"2489","USER_EMAIL":"user1","USER_NAME":"Administrador","IPSOURCE":"::1","DATE_ATOM":"2022-09-08T19:09:02+02:00"}
{"params":{"ticked":"ca560ec629d729c9cf014a8f54f236b5.5a564c47eb0eceb16c6322ac8c8148f7.364820ea9e5c5822eb8f6acc43bc6bb2"},"method":"loginstmisticket.getall","USER_ID":"2489","USER_EMAIL":"user1","USER_NAME":"Administrador","IPSOURCE":"::1","DATE_ATOM":"2022-09-08T19:10:32+02:00"}
{"params":{"ticked":"240ccc9c9fe9a6c52d70adfdb275c6be.c7acee30c3edd568d88c275d2cc5eef4.ec0dc29d8cdf919cd65b4d0eecd10366"},"method":"loginstmisticket.getall","USER_ID":"2489","USER_EMAIL":"user1","USER_NAME":"Administrador","IPSOURCE":"::1","DATE_ATOM":"2022-09-08T19:12:00+02:00"}
{"params":{"ticked":"11f52dff80a114dcae651e7dd06a3a13.3bd9a81d12f08285f400391685859d50.58dfb69c6eb8df17a735047e720d403a"},"method":"loginstmisticket.getall","USER_ID":"2489","USER_EMAIL":"user1","USER_NAME":"Administrador","IPSOURCE":"::1","DATE_ATOM":"2022-09-08T19:13:16+02:00"}
{"params":{"ticked":"5368a305822523142b752ea2e86e252b.dee3d940821da1e69a26fa78b5cc805f.9cae6825c9a5ead13012259cb520d2fe"},"method":"loginstmisticket.getall","USER_ID":"2489","USER_EMAIL":"user1","USER_NAME":"Administrador","IPSOURCE":"::1","DATE_ATOM":"2022-09-08T19:16:44+02:00"}
{"params":{"ticked":"a289d2d336ae1f141f00e44513654e4d.c03e76d2218f98384d23b2eb999ef6c5.1fbf8494628a68188ed700b17d9d39c4"},"method":"loginstmisticket.getall","USER_ID":"2489","USER_EMAIL":"user1","USER_NAME":"Administrador","IPSOURCE":"::1","DATE_ATOM":"2022-09-08T19:57:06+02:00"}
{"params":{"ticked":"a7aa766df5a61b8e54881fa2309d6b65.32ae6494082bd7b912526f358c4e3550.ce9aec89c467806fba53b691321ff772"},"method":"loginstmisticket.getall","USER_ID":"2489","USER_EMAIL":"user1","USER_NAME":"Administrador","IPSOURCE":"::1","DATE_ATOM":"2022-09-08T19:59:03+02:00"}
{"params":{"ticked":"89c84316d52005745fafb4c64b9e339a.0d3b10e6e85717f6969537a99ff3d04c.6885543fc84b3ba433e83dcc50aeb564"},"method":"loginstmisticket.getall","USER_ID":"2489","USER_EMAIL":"user1","USER_NAME":"Administrador","IPSOURCE":"::1","DATE_ATOM":"2022-09-08T20:00:06+02:00"}
{"params":{"ticked":"ab4677e884027a2283074d0b1545b65a.adc7e73a461dca3b23fe39031daf03f7.655182722fa88314e54f89c8c798bb0e"},"method":"loginstmisticket.getall","USER_ID":"2489","USER_EMAIL":"user1","USER_NAME":"Administrador","IPSOURCE":"::1","DATE_ATOM":"2022-09-08T20:00:55+02:00"}
{"params":{"ticked":"8d413da2af4f457f04f11cea4eeeb159.058c69ea415504964f1b5b7b6b5c91b5.e087fb313fbe90ab02d2d0f1ca8601eb"},"method":"loginstmisticket.getall","USER_ID":"3857","USER_EMAIL":"dbernal@optical.pe","USER_NAME":"Daniel Bernal","IPSOURCE":"::1","DATE_ATOM":"2022-09-08T20:57:40+02:00"}
{"params":{"ticked":"48d9f330c7898c01bdff2af14dd0727b.532679a17f01142620d3a9c41fd8197a.d07b882af9327c937d31a54788a15c17"},"method":"loginstmisticket.getall","USER_ID":"2489","USER_EMAIL":"user1","USER_NAME":"Administrador","IPSOURCE":"::1","DATE_ATOM":"2022-09-08T21:21:51+02:00"}
{"params":{"ticked":"48d9f330c7898c01bdff2af14dd0727b.532679a17f01142620d3a9c41fd8197a.d07b882af9327c937d31a54788a15c17"},"method":"loginstmisticket.getall","USER_ID":"2489","USER_EMAIL":"user1","USER_NAME":"Administrador","IPSOURCE":"::1","DATE_ATOM":"2022-09-08T21:22:36+02:00"}
{"params":{"ticked":"d96489419d935f82d73fbfa86e46240f.89fe08ff59ffd00867d6a2e6b077a04a.0a3148463d8b0d9a85dc8a62164b4b3a"},"method":"loginstmisticket.getall","USER_ID":"2489","USER_EMAIL":"user1","USER_NAME":"Administrador","IPSOURCE":"::1","DATE_ATOM":"2022-09-08T22:39:20+02:00"}
{"params":{"ticked":"d59c8c89b531765ed7b884b7caa00661.c31779190789723ae2ab0e5ac26b4752.2d7d72c08b8f9f37c68f60aeb52c8358"},"method":"loginstmisticket.getall","USER_ID":"2489","USER_EMAIL":"user1","USER_NAME":"Administrador","IPSOURCE":"::1","DATE_ATOM":"2022-09-08T23:37:27+02:00"}
{"params":{"ticked":"7822f90ba057aef27882c7242f5070e0.9b9ec627cf8f494c010c50671e0226e3.0601231c037fb85d01a0403cc28a2d05"},"method":"loginstmisticket.getall","USER_ID":"2489","USER_EMAIL":"user1","USER_NAME":"Administrador","IPSOURCE":"::1","DATE_ATOM":"2022-09-08T23:49:52+02:00"}
{"params":{"ticked":"80016a3007cfa39142902f7e5e2d35fc.057891bc3123b03f92a2cee61a8160dc.05b274f1e7622d72617fcc693394a2fc"},"method":"loginstmisticket.getall","USER_ID":"2489","USER_EMAIL":"user1","USER_NAME":"Administrador","IPSOURCE":"::1","DATE_ATOM":"2022-09-09T00:46:03+02:00"}
{"params":{"ticked":"f82a4fd6c60d9e3de0e1d50664c18483.a9e7b1976dcfb5415a2f2dfe83c075c2.75f6c29082ec694d3f26656a3329a193"},"method":"loginstmisticket.getall","USER_ID":"2489","USER_EMAIL":"user1","USER_NAME":"Administrador","IPSOURCE":"::1","DATE_ATOM":"2022-09-09T00:51:05+02:00"}
{"params":{"ticked":"f585f70765ecc20fbfe8f77ecada1180.eda3f438ca2fbe7d1edb3bab72784dfd.82878e7749ca458612f3852ee9e3f0d4"},"method":"loginstmisticket.getall","USER_ID":"2489","USER_EMAIL":"user1","USER_NAME":"Administrador","IPSOURCE":"::1","DATE_ATOM":"2022-09-09T00:52:57+02:00"}
{"params":{"ticked":"8c84715a59f92b9c1fe09c98c148ed44.ee2b8c929eaea8a2d996a453a05b2e42.2c23f7eebbe626787d45c6ebf49445e0"},"method":"loginstmisticket.getall","USER_ID":"2489","USER_EMAIL":"user1","USER_NAME":"Administrador","IPSOURCE":"::1","DATE_ATOM":"2022-09-09T01:00:15+02:00"}
{"params":{"ticked":"f724b0cbd5682628a27743c68da98c60.8313db119d5c65695e21b3b754107f3a.c9375de20bce61e263a9f2094da69d4b"},"method":"loginstmisticket.getall","USER_ID":"2489","USER_EMAIL":"user1","USER_NAME":"Administrador","IPSOURCE":"::1","DATE_ATOM":"2022-09-09T01:15:04+02:00"}
{"params":{"ticked":"05e950b69c1ae78b371bd58c7fe6fbb6.6b2550102735b6d6a5e2984523b7cf3c.3fc784ae1895400ddaa7fd38ffb88e4e"},"method":"loginstmisticket.getall","USER_ID":"2489","USER_EMAIL":"user1","USER_NAME":"Administrador","IPSOURCE":"::1","DATE_ATOM":"2022-09-09T01:20:59+02:00"}
{"params":{"ticked":"c16add8052ae6dc9166b6cbe88262396.36c30c460b565505dec3f3003605654b.25cdbfd4b7a59a6eab45d61dfcf04413"},"method":"loginstmisticket.getall","USER_ID":"2489","USER_EMAIL":"user1","USER_NAME":"Administrador","IPSOURCE":"::1","DATE_ATOM":"2022-09-09T01:24:25+02:00"}
{"params":{"ticked":"c387cf6515cd790dfcae26c2b7b3966a.896825a1c0c9f5ec82d6efd1306b7c78.85702622db333c5cbcbe3ab15a013d3e"},"method":"loginstmisticket.getall","USER_ID":"2489","USER_EMAIL":"user1","USER_NAME":"Administrador","IPSOURCE":"::1","DATE_ATOM":"2022-09-09T01:30:04+02:00"}
{"params":{"ticked":"f24a583b4dc4163973b4e438bf7c7e87.a8a2f70da07a8b869fc5f1833b1ea9d3.ed7f56f95443b66daf8b04b071bc4927"},"method":"loginstmisticket.getall","USER_ID":"2489","USER_EMAIL":"user1","USER_NAME":"Administrador","IPSOURCE":"::1","DATE_ATOM":"2022-09-09T01:42:28+02:00"}
{"params":{"ticked":"30628f34140ee870c420f59a2bed4ad7.b42b672bbebd2423252aa3723ae8e6b9.8a438d70554d8d28dde2009e6a87a7b6"},"method":"loginstmisticket.getall","USER_ID":"2489","USER_EMAIL":"user1","USER_NAME":"Administrador","IPSOURCE":"::1","DATE_ATOM":"2022-09-09T01:48:32+02:00"}
{"params":{"ticked":"6c895af33e585904cf86f98c91841961.5c0256592647bb70096beb75845d186e.31e53741757c855279119a5eb4a5f3ee"},"method":"loginstmisticket.getall","USER_ID":"2489","USER_EMAIL":"user1","USER_NAME":"Administrador","IPSOURCE":"::1","DATE_ATOM":"2022-09-09T01:53:49+02:00"}
{"params":{"ticked":"ae35a03a66c391957242490a5ccc4636.576bb034d7b1c8b073072f978250e208.73e45af7d5870edb4d096cadc3728ef3"},"method":"loginstmisticket.getall","USER_ID":"2489","USER_EMAIL":"user1","USER_NAME":"Administrador","IPSOURCE":"::1","DATE_ATOM":"2022-09-09T01:59:25+02:00"}
{"params":{"ticked":"e36941b7e489dcec9e7be78fbb180279.4a0d688c98308234a3051140dde0799a.078f8d62747260885fbd9c80c4f33ee0"},"method":"loginstmisticket.getall","USER_ID":"2489","USER_EMAIL":"user1","USER_NAME":"Administrador","IPSOURCE":"::1","DATE_ATOM":"2022-09-09T02:00:38+02:00"}
{"params":{"ticked":"10c2ae29573dbafcc9982dc5ba39422d.991037830fedaecc6b8477bd75d907de.8d67e267cf2b6f0dcac1abffdea22487"},"method":"loginstmisticket.getall","USER_ID":"2489","USER_EMAIL":"user1","USER_NAME":"Administrador","IPSOURCE":"::1","DATE_ATOM":"2022-09-09T02:02:07+02:00"}
{"params":{"ticked":"c4dc6ac636aa1fbf1f36d38a3e27cbd6.c3d2b620cd020a23a73bafcca3a3c858.28658b6675ee7b697c971fa3d814efc8"},"method":"loginstmisticket.getall","USER_ID":"2489","USER_EMAIL":"user1","USER_NAME":"Administrador","IPSOURCE":"::1","DATE_ATOM":"2022-09-09T02:02:45+02:00"}
{"params":{"ticked":"8aedae2773d0bf6389a030851e8ee149.7db1a6f3d667ff080dc613595d04ac2b.37877b7a5fa5e89f42ea0e9526182caf"},"method":"loginstmisticket.getall","USER_ID":"2489","USER_EMAIL":"user1","USER_NAME":"Administrador","IPSOURCE":"::1","DATE_ATOM":"2022-09-09T02:04:22+02:00"}
{"params":{"ticked":"4492e0be8e7490f9a41327794614dfc9.bd082161434820e729e847a5c959e6eb.7a0d734bf5cb9a5e88da0c1ac5489375"},"method":"loginstmisticket.getall","USER_ID":"2489","USER_EMAIL":"user1","USER_NAME":"Administrador","IPSOURCE":"::1","DATE_ATOM":"2022-09-09T02:06:24+02:00"}
{"params":{"ticked":"c22ea6ad9a397dabbf211278eadae4fb.f03673fe549060bb9d92c279b8b32fe4.5a4afa3c4124112e1bb6702640fe6630"},"method":"loginstmisticket.getall","USER_ID":"2489","USER_EMAIL":"user1","USER_NAME":"Administrador","IPSOURCE":"::1","DATE_ATOM":"2022-09-09T02:07:27+02:00"}
{"params":{"ticked":"e0cfd00d0f5046ebf0a526098c83f3cb.eda36b23b2cf7f5a12db6b5e5b86d438.aa8a9a9fd8b418713ea2a3789315a3d8"},"method":"loginstmisticket.getall","USER_ID":"2489","USER_EMAIL":"user1","USER_NAME":"Administrador","IPSOURCE":"::1","DATE_ATOM":"2022-09-09T15:45:59+02:00"}
{"params":{"ticked":"feb64a26770cb7ce46cefb5cf0fe2e8f.0c2cf413daaa1b5ecde4be82ee9c803f.c0ea4a175f482cd74a16365f4304880e"},"method":"loginstmisticket.getall","USER_ID":"2489","USER_EMAIL":"user1","USER_NAME":"Administrador","IPSOURCE":"::1","DATE_ATOM":"2022-09-09T16:35:49+02:00"}
{"params":{"ticked":"4b4547b2996394fc50eb9c77b51ba555.585e72704d6b8259147ca375a8e0fb15.c8e51d5526f5bd7f2c5435a4928891a1"},"method":"loginstmisticket.getall","USER_ID":"2489","USER_EMAIL":"user1","USER_NAME":"Administrador","IPSOURCE":"::1","DATE_ATOM":"2022-09-09T16:51:28+02:00"}
{"params":{"ticked":"aa32e0906e21ecd481e34eff8b527542.2d80e922363d7e56f91e15477bd17183.bac0418ff80e504b12ab3f56b9f36c53"},"method":"loginstmisticket.getall","USER_ID":"2489","USER_EMAIL":"user1","USER_NAME":"Administrador","IPSOURCE":"::1","DATE_ATOM":"2022-09-09T16:58:08+02:00"}
{"params":{"ticked":"6df5be44fb769230f15e9dbf80114d32.07741a0da36bbb0be65408b783b6e2a8.4e88736a0f88eeee6c88732df8a6a944"},"method":"loginstmisticket.getall","USER_ID":"2489","USER_EMAIL":"user1","USER_NAME":"Administrador","IPSOURCE":"::1","DATE_ATOM":"2022-09-09T17:36:46+02:00"}
{"params":{"ticked":"222432dfe595e50e60b2c727fa386a90.21d06fd94199f7c68758475582459967.170cc3b227d6e55a66f19438ad8768fc"},"method":"loginstmisticket.getall","USER_ID":"2489","USER_EMAIL":"user1","USER_NAME":"Administrador","IPSOURCE":"::1","DATE_ATOM":"2022-09-09T17:43:34+02:00"}
{"params":{"ticked":"c7cfb478ec17f69944cdb3a507390acd.2047e1939043d80c43ddcc0d670c3c05.30be6eb10e37e077954ca0e224845d4a"},"method":"loginstmisticket.getall","USER_ID":"2489","USER_EMAIL":"user1","USER_NAME":"Administrador","IPSOURCE":"::1","DATE_ATOM":"2022-09-09T17:49:47+02:00"}
{"params":{"ticked":"fb8f1b94de04c1a05324e9c1208642c2.9ab1781d59d7f3ff04c01738e706bf82.86dac1b692cd3eeaad136d0c651aa20f"},"method":"loginstmisticket.getall","USER_ID":"2489","USER_EMAIL":"user1","USER_NAME":"Administrador","IPSOURCE":"::1","DATE_ATOM":"2022-09-09T19:16:00+02:00"}
{"params":{"ticked":"ee8d023df77114ad6e4c87819f0be3c2.2786885b0aa07811e51315d656394ffa.2ba9ae41014d8871ecb254633848ac20"},"method":"loginstmisticket.getall","USER_ID":"2489","USER_EMAIL":"user1","USER_NAME":"Administrador","IPSOURCE":"::1","DATE_ATOM":"2022-09-09T21:35:16+02:00"}
{"params":{"ticked":"2d7f863a52e8c4ce2f36d7bced5347d6.36cc1c28f9e94bb8df1e27eb6a76439d.e22affa77f5939513c4581db3397e679"},"method":"loginstmisticket.getall","USER_ID":"2489","USER_EMAIL":"user1","USER_NAME":"Administrador","IPSOURCE":"::1","DATE_ATOM":"2022-09-12T16:05:22+02:00"}
{"params":{"ticked":"a63da15986842c633769b9c94019b427.05e725f307832c7d3dffe383ec800662.2b2f41fec0d87864520f8254228f2309"},"method":"loginstmisticket.getall","USER_ID":"3857","USER_EMAIL":"dbernal@optical.pe","USER_NAME":"Daniel Bernal","IPSOURCE":"::1","DATE_ATOM":"2022-09-12T16:44:06+02:00"}
{"params":{"ticked":"19e2bcf47ca719ea4891befa9ea0d364.754f36966a01078349b691e4b435085e.6a6ffbbd450c13f20893d85ce5c78fcb"},"method":"loginstmisticket.getall","USER_ID":"3857","USER_EMAIL":"dbernal@optical.pe","USER_NAME":"Daniel Bernal","IPSOURCE":"::1","DATE_ATOM":"2022-09-12T16:58:18+02:00"}
{"params":{"ticked":"fb71c8b5578f1d3da75776dccad89598.d7b8fb265a8b41a4f69eef37302afc7e.a5a6d4f5ad5da0b3f3efacd87ff10828"},"method":"loginstmisticket.getall","USER_ID":"2489","USER_EMAIL":"user1","USER_NAME":"Administrador","IPSOURCE":"::1","DATE_ATOM":"2022-09-13T16:14:36+02:00"}
{"params":{"ticked":"52bf9edbe79e198fb1884d1b6cb236a3.a9c747187fe0c16c8a4d2805351b88c2.24115789391af905d9044081366357f0"},"method":"loginstmisticket.getall","USER_ID":"2489","USER_EMAIL":"user1","USER_NAME":"Administrador","IPSOURCE":"::1","DATE_ATOM":"2022-09-13T16:36:52+02:00"}
{"params":{"ticked":"70cfbdb97c72c2e8e6c6ddbd4c29ca4a.023f358b2fb3fd1a8cfbf5ec7d840368.086e5c8983c13fb0dce909043ab62b66"},"method":"loginstmisticket.getall","USER_ID":"3857","USER_EMAIL":"dbernal@optical.pe","USER_NAME":"Daniel Bernal","IPSOURCE":"::1","DATE_ATOM":"2022-09-13T16:38:29+02:00"}
{"params":{"ticked":"fb8cf58747b813b7c8b571aba7d2f59a.4db1ede59a98e9a2e1b8d9406bdf50f0.6d0cc198de966a6ef61ca577b4e4bc90"},"method":"loginstmisticket.getall","USER_ID":"2489","USER_EMAIL":"user1","USER_NAME":"Administrador","IPSOURCE":"::1","DATE_ATOM":"2022-09-13T16:45:37+02:00"}
{"params":{"ticked":"244c8bd9d54fb3d4df58f0a9bd04e859.3a15b72d1bd169850d9b60943574b956.4af611d27d54120f89a878e12e43d58e"},"method":"loginstmisticket.getall","USER_ID":"3857","USER_EMAIL":"dbernal@optical.pe","USER_NAME":"Daniel Bernal","IPSOURCE":"::1","DATE_ATOM":"2022-09-13T16:46:30+02:00"}
{"params":{"ticked":"c7c6af646aaa3aa02d16ca17fc751d4e.3cb3e75c6994597ff8dd89ec6d33c926.840176d20a36a834238aa06bced7a13e"},"method":"loginstmisticket.getall","USER_ID":"3857","USER_EMAIL":"dbernal@optical.pe","USER_NAME":"Daniel Bernal","IPSOURCE":"::1","DATE_ATOM":"2022-09-13T16:55:26+02:00"}
{"params":{"ticked":"eb94da457ddaff2d12e5d43ac6e76198.922fddcbae7cff0b772bb04726fef2b5.54656879c7e331555f075eb2ebc0bd7b"},"method":"loginstmisticket.getall","USER_ID":"2489","USER_EMAIL":"user1","USER_NAME":"Administrador","IPSOURCE":"::1","DATE_ATOM":"2022-09-13T16:58:17+02:00"}
{"params":{"ticked":"4d1558971fc95dc4faf1d0a439b1b5b1.2036ad55db23f74ab8baf783c0d67225.01e4d0c9b280b1385e65e8ec7103e18c"},"method":"loginstmisticket.getall","USER_ID":"2489","USER_EMAIL":"user1","USER_NAME":"Administrador","IPSOURCE":"::1","DATE_ATOM":"2022-09-13T16:59:23+02:00"}
{"params":{"ticked":"9200bd0ecd4471c0d042de106b7e78f7.fce8008661f4b1356a18e5e8f804b543.71768355a71a4d63b224f60caecdf944"},"method":"loginstmisticket.getall","USER_ID":"3857","USER_EMAIL":"dbernal@optical.pe","USER_NAME":"Daniel Bernal","IPSOURCE":"::1","DATE_ATOM":"2022-09-13T17:00:05+02:00"}
{"params":{"ticked":"c2c3adbda9e25ec6ccaca0ac5e8a82f4.0ed32ee84799b0f40207ab23d256126d.567bf601bfea70762b84709e9f1fc1ad"},"method":"loginstmisticket.getall","USER_ID":"2489","USER_EMAIL":"user1","USER_NAME":"Administrador","IPSOURCE":"::1","DATE_ATOM":"2022-09-13T17:04:13+02:00"}
{"params":{"ticked":"c2c3adbda9e25ec6ccaca0ac5e8a82f4.0ed32ee84799b0f40207ab23d256126d.567bf601bfea70762b84709e9f1fc1ad"},"method":"loginstmisticket.getall","USER_ID":"2489","USER_EMAIL":"user1","USER_NAME":"Administrador","IPSOURCE":"::1","DATE_ATOM":"2022-09-13T17:07:42+02:00"}
{"params":{"ticked":"c2c3adbda9e25ec6ccaca0ac5e8a82f4.0ed32ee84799b0f40207ab23d256126d.567bf601bfea70762b84709e9f1fc1ad"},"method":"loginstmisticket.getall","USER_ID":"2489","USER_EMAIL":"user1","USER_NAME":"Administrador","IPSOURCE":"::1","DATE_ATOM":"2022-09-13T17:07:50+02:00"}
{"params":{"ticked":"c2c3adbda9e25ec6ccaca0ac5e8a82f4.0ed32ee84799b0f40207ab23d256126d.567bf601bfea70762b84709e9f1fc1ad"},"method":"loginstmisticket.getall","USER_ID":"2489","USER_EMAIL":"user1","USER_NAME":"Administrador","IPSOURCE":"::1","DATE_ATOM":"2022-09-13T17:07:57+02:00"}
{"params":{"ticked":"c2c3adbda9e25ec6ccaca0ac5e8a82f4.0ed32ee84799b0f40207ab23d256126d.567bf601bfea70762b84709e9f1fc1ad"},"method":"loginstmisticket.getall","USER_ID":"2489","USER_EMAIL":"user1","USER_NAME":"Administrador","IPSOURCE":"::1","DATE_ATOM":"2022-09-13T17:08:08+02:00"}
{"params":{"ticked":"c2c3adbda9e25ec6ccaca0ac5e8a82f4.0ed32ee84799b0f40207ab23d256126d.567bf601bfea70762b84709e9f1fc1ad"},"method":"loginstmisticket.getall","USER_ID":"2489","USER_EMAIL":"user1","USER_NAME":"Administrador","IPSOURCE":"::1","DATE_ATOM":"2022-09-13T17:08:08+02:00"}
{"params":{"ticked":"d5a586764e61b4568351726cbf1cd7ac.62f0e96a7586f4f9f62d798a34c0cb4a.b659b6b1811431f46f1410e877fc1329"},"method":"loginstmisticket.getall","USER_ID":"3857","USER_EMAIL":"dbernal@optical.pe","USER_NAME":"Daniel Bernal","IPSOURCE":"::1","DATE_ATOM":"2022-09-13T17:08:27+02:00"}
{"params":{"ticked":"85f52ae463c7e3f796301f6e6ae05b05.b053afd5a937b4ed4a613e45cfd0b3f7.ed840b41c67a9de2e5e34cb54d497608"},"method":"loginstmisticket.getall","USER_ID":"3857","USER_EMAIL":"dbernal@optical.pe","USER_NAME":"Daniel Bernal","IPSOURCE":"::1","DATE_ATOM":"2022-09-13T18:39:43+02:00"}
{"params":{"ticked":"85f52ae463c7e3f796301f6e6ae05b05.b053afd5a937b4ed4a613e45cfd0b3f7.ed840b41c67a9de2e5e34cb54d497608"},"method":"loginstmisticket.getall","USER_ID":"3857","USER_EMAIL":"dbernal@optical.pe","USER_NAME":"Daniel Bernal","IPSOURCE":"::1","DATE_ATOM":"2022-09-13T18:41:55+02:00"}
{"params":{"ticked":"39c8617c936e5242517a4b0b4c765d0d.a7d48ad1808f691ed0d2e682a8a2b624.07b6318bc851901828079c2c105d8731"},"method":"loginstmisticket.getall","USER_ID":"3857","USER_EMAIL":"dbernal@optical.pe","USER_NAME":"Daniel Bernal","IPSOURCE":"::1","DATE_ATOM":"2022-09-13T21:34:39+02:00"}
{"params":{"ticked":"c8a8993cbbcb9f037dddad1f83d2a0c6.fb9e38e83c7574181ef665dc2c10c5d4.f1587d8f56a70d274450332883d0e109"},"method":"loginstmisticket.getall","USER_ID":"3857","USER_EMAIL":"dbernal@optical.pe","USER_NAME":"Daniel Bernal","IPSOURCE":"::1","DATE_ATOM":"2022-09-13T21:36:50+02:00"}
{"params":{"ticked":"e1b1494a449efd4ea6428ea14a5dc2d0.4e5247405819b3653f17d4acd0fa00a2.9109ff02c8171662cee15716e674dac7"},"method":"loginstmisticket.getall","USER_ID":"3857","USER_EMAIL":"dbernal@optical.pe","USER_NAME":"Daniel Bernal","IPSOURCE":"::1","DATE_ATOM":"2022-09-13T21:40:44+02:00"}
{"params":{"ticked":"a4f27f0bb0334613ab1a735cc477d1de.bd8bbef5c831c5e3bc45ef2a72f60d70.3f2fb0df4cb3a602e873833be7e5dd24"},"method":"loginstmisticket.getall","USER_ID":"3857","USER_EMAIL":"dbernal@optical.pe","USER_NAME":"Daniel Bernal","IPSOURCE":"::1","DATE_ATOM":"2022-09-13T23:20:15+02:00"}
{"params":{"ticked":"42a5c78e5d63e4d03a7fcd0cfd32c844.b78ea3b1571fa04f6d2db5e00ac8db5f.1d07c09609d55ad410a3524497d571ec"},"method":"loginstmisticket.getall","USER_ID":"3857","USER_EMAIL":"dbernal@optical.pe","USER_NAME":"Daniel Bernal","IPSOURCE":"::1","DATE_ATOM":"2022-09-13T23:30:33+02:00"}
{"params":{"ticked":"42a5c78e5d63e4d03a7fcd0cfd32c844.b78ea3b1571fa04f6d2db5e00ac8db5f.1d07c09609d55ad410a3524497d571ec"},"method":"loginstmisticket.getall","USER_ID":"3857","USER_EMAIL":"dbernal@optical.pe","USER_NAME":"Daniel Bernal","IPSOURCE":"::1","DATE_ATOM":"2022-09-14T00:45:26+02:00"}
{"params":{"ticked":"42a5c78e5d63e4d03a7fcd0cfd32c844.b78ea3b1571fa04f6d2db5e00ac8db5f.1d07c09609d55ad410a3524497d571ec"},"method":"loginstmisticket.getall","USER_ID":"3857","USER_EMAIL":"dbernal@optical.pe","USER_NAME":"Daniel Bernal","IPSOURCE":"::1","DATE_ATOM":"2022-09-14T00:45:26+02:00"}
{"params":{"ticked":"42a5c78e5d63e4d03a7fcd0cfd32c844.b78ea3b1571fa04f6d2db5e00ac8db5f.1d07c09609d55ad410a3524497d571ec"},"method":"loginstmisticket.getall","USER_ID":"3857","USER_EMAIL":"dbernal@optical.pe","USER_NAME":"Daniel Bernal","IPSOURCE":"::1","DATE_ATOM":"2022-09-14T00:46:04+02:00"}
{"params":{"ticked":"593170922f8b27d74c9fb194a3f0ad9e.97749dc4ca4c6279ef375397fd3c5b8b.e7d4b0b3ccf5618231a129d14a6acb7b"},"method":"loginstmisticket.getall","USER_ID":"2489","USER_EMAIL":"user1","USER_NAME":"Administrador","IPSOURCE":"::1","DATE_ATOM":"2022-09-14T01:33:54+02:00"}
{"params":{"ticked":"9acd4d560e01034d97fb3e81f3eb9513.f4569ca0af747a76bbdc3cbed68c792a.ff1181a0c7f5e1d502277e626dafdedc"},"method":"loginstmisticket.getall","USER_ID":"3857","USER_EMAIL":"dbernal@optical.pe","USER_NAME":"Daniel Bernal","IPSOURCE":"::1","DATE_ATOM":"2022-09-14T01:34:47+02:00"}
{"params":{"ticked":"4b771825f44f214b760649224b27a1db.3cda981af6e150afe74673cf9f4e5bca.84aa3dc1f9462a74961608ce18792e2e"},"method":"loginstmisticket.getall","USER_ID":"2489","USER_EMAIL":"user1","USER_NAME":"Administrador","IPSOURCE":"::1","DATE_ATOM":"2022-09-14T01:39:40+02:00"}
{"params":{"ticked":"8147882067c90a3a9d7fabae27e4c51b.0b9978128c63380932bd9e85c08d287f.580200fd12f465d2a0f3c8df43a95517"},"method":"loginstmisticket.getall","USER_ID":"2489","USER_EMAIL":"user1","USER_NAME":"Administrador","IPSOURCE":"::1","DATE_ATOM":"2022-09-14T17:01:31+02:00"}
{"params":{"ticked":"c74206ef2171fba6e4d0172e97184ecf.0c8032b748740e73074a81b397723648.36c51c4f464ac1d4ddfc9ebbf127a407"},"method":"loginstmisticket.getall","USER_ID":"3857","USER_EMAIL":"dbernal@optical.pe","USER_NAME":"Daniel Bernal","IPSOURCE":"::1","DATE_ATOM":"2022-09-14T17:12:44+02:00"}
{"params":{"ticked":"162cdcb574128d74573d3c45ea7bfd4b.c3bd2bf9194ead44e60b505003aa5cdd.484ec7a942a251f57eb226627e8454f0"},"method":"loginstmisticket.getall","USER_ID":"2489","USER_EMAIL":"user1","USER_NAME":"Administrador","IPSOURCE":"::1","DATE_ATOM":"2022-09-14T17:13:56+02:00"}
{"params":{"ticked":"162cdcb574128d74573d3c45ea7bfd4b.c3bd2bf9194ead44e60b505003aa5cdd.484ec7a942a251f57eb226627e8454f0"},"method":"loginstmisticket.getall","USER_ID":"2489","USER_EMAIL":"user1","USER_NAME":"Administrador","IPSOURCE":"::1","DATE_ATOM":"2022-09-14T17:14:25+02:00"}
{"params":{"ticked":"c74206ef2171fba6e4d0172e97184ecf.0c8032b748740e73074a81b397723648.36c51c4f464ac1d4ddfc9ebbf127a407"},"method":"loginstmisticket.getall","USER_ID":"3857","USER_EMAIL":"dbernal@optical.pe","USER_NAME":"Daniel Bernal","IPSOURCE":"::1","DATE_ATOM":"2022-09-14T17:17:58+02:00"}
{"params":{"ticked":"162cdcb574128d74573d3c45ea7bfd4b.c3bd2bf9194ead44e60b505003aa5cdd.484ec7a942a251f57eb226627e8454f0"},"method":"loginstmisticket.getall","USER_ID":"2489","USER_EMAIL":"user1","USER_NAME":"Administrador","IPSOURCE":"::1","DATE_ATOM":"2022-09-14T17:18:37+02:00"}
{"params":{"ticked":"c20b9e23d7a6a2ba7159524840614848.940063be2e3e74471fadc90aa9eb400e.424af48d653c4de054bca1453d60ee2a"},"method":"loginstmisticket.getall","USER_ID":"3874","USER_EMAIL":"user1_provision@optical.pe","USER_NAME":"disenio1","IPSOURCE":"::1","DATE_ATOM":"2022-09-14T17:19:06+02:00"}
{"params":{"ticked":"576c45f5fdaea12bb0f08595bbdb62c3.95e2838df77a3c954eaa46f7ed4c1bbd.e7862e22c2016aa36cf2fa096b94426e"},"method":"loginstmisticket.getall","USER_ID":"2578","USER_EMAIL":"katilio@optical.pe","USER_NAME":"Kennedy Atilio","IPSOURCE":"::1","DATE_ATOM":"2022-09-14T17:30:19+02:00"}
{"params":{"ticked":"c74206ef2171fba6e4d0172e97184ecf.0c8032b748740e73074a81b397723648.36c51c4f464ac1d4ddfc9ebbf127a407"},"method":"loginstmisticket.getall","USER_ID":"3857","USER_EMAIL":"dbernal@optical.pe","USER_NAME":"Daniel Bernal","IPSOURCE":"::1","DATE_ATOM":"2022-09-14T17:33:35+02:00"}
{"params":{"ticked":"c74206ef2171fba6e4d0172e97184ecf.0c8032b748740e73074a81b397723648.36c51c4f464ac1d4ddfc9ebbf127a407"},"method":"loginstmisticket.getall","USER_ID":"3857","USER_EMAIL":"dbernal@optical.pe","USER_NAME":"Daniel Bernal","IPSOURCE":"::1","DATE_ATOM":"2022-09-14T17:34:04+02:00"}
{"params":{"ticked":"c74206ef2171fba6e4d0172e97184ecf.0c8032b748740e73074a81b397723648.36c51c4f464ac1d4ddfc9ebbf127a407"},"method":"loginstmisticket.getall","USER_ID":"3857","USER_EMAIL":"dbernal@optical.pe","USER_NAME":"Daniel Bernal","IPSOURCE":"::1","DATE_ATOM":"2022-09-14T17:36:02+02:00"}
{"params":{"ticked":"c74206ef2171fba6e4d0172e97184ecf.0c8032b748740e73074a81b397723648.36c51c4f464ac1d4ddfc9ebbf127a407"},"method":"loginstmisticket.getall","USER_ID":"3857","USER_EMAIL":"dbernal@optical.pe","USER_NAME":"Daniel Bernal","IPSOURCE":"::1","DATE_ATOM":"2022-09-14T17:38:11+02:00"}
{"params":{"ticked":"c74206ef2171fba6e4d0172e97184ecf.0c8032b748740e73074a81b397723648.36c51c4f464ac1d4ddfc9ebbf127a407"},"method":"loginstmisticket.getall","USER_ID":"3857","USER_EMAIL":"dbernal@optical.pe","USER_NAME":"Daniel Bernal","IPSOURCE":"::1","DATE_ATOM":"2022-09-14T17:39:18+02:00"}
{"params":{"ticked":"4b0988e838be4f95209668e29482508f.353c34e9e0bd768530c1c2460ad6dca1.aae4b6663cfcd373c24446a75e112bb6"},"method":"loginstmisticket.getall","USER_ID":"4182","USER_EMAIL":"user2_provision@optical.pe","USER_NAME":"provision2","IPSOURCE":"::1","DATE_ATOM":"2022-09-14T17:40:43+02:00"}
{"params":{"ticked":"4b0988e838be4f95209668e29482508f.353c34e9e0bd768530c1c2460ad6dca1.aae4b6663cfcd373c24446a75e112bb6"},"method":"loginstmisticket.getall","USER_ID":"4182","USER_EMAIL":"user2_provision@optical.pe","USER_NAME":"provision2","IPSOURCE":"::1","DATE_ATOM":"2022-09-14T17:52:00+02:00"}
{"params":{"ticked":"c20b9e23d7a6a2ba7159524840614848.940063be2e3e74471fadc90aa9eb400e.424af48d653c4de054bca1453d60ee2a"},"method":"loginstmisticket.getall","USER_ID":"3874","USER_EMAIL":"user1_provision@optical.pe","USER_NAME":"disenio1","IPSOURCE":"::1","DATE_ATOM":"2022-09-14T17:58:24+02:00"}
{"params":{"ticked":"c20b9e23d7a6a2ba7159524840614848.940063be2e3e74471fadc90aa9eb400e.424af48d653c4de054bca1453d60ee2a"},"method":"loginstmisticket.getall","USER_ID":"3874","USER_EMAIL":"user1_provision@optical.pe","USER_NAME":"disenio1","IPSOURCE":"::1","DATE_ATOM":"2022-09-14T18:05:19+02:00"}
{"params":{"ticked":"4e1e9351b8094b22e0ca5324614a646a.232cde8c71ba701f31195386b8aa8da7.14fd3cd68ea6ba6bcafa2fc611a6d43c"},"method":"loginstmisticket.getall","USER_ID":"2489","USER_EMAIL":"user1","USER_NAME":"Administrador","IPSOURCE":"::1","DATE_ATOM":"2022-09-14T18:37:27+02:00"}
{"params":{"ticked":"4e1e9351b8094b22e0ca5324614a646a.232cde8c71ba701f31195386b8aa8da7.14fd3cd68ea6ba6bcafa2fc611a6d43c"},"method":"loginstmisticket.getall","USER_ID":"2489","USER_EMAIL":"user1","USER_NAME":"Administrador","IPSOURCE":"::1","DATE_ATOM":"2022-09-14T18:38:36+02:00"}
{"params":{"ticked":"4e1e9351b8094b22e0ca5324614a646a.232cde8c71ba701f31195386b8aa8da7.14fd3cd68ea6ba6bcafa2fc611a6d43c"},"method":"loginstmisticket.getall","USER_ID":"2489","USER_EMAIL":"user1","USER_NAME":"Administrador","IPSOURCE":"::1","DATE_ATOM":"2022-09-14T18:39:06+02:00"}
{"params":{"ticked":"4e1e9351b8094b22e0ca5324614a646a.232cde8c71ba701f31195386b8aa8da7.14fd3cd68ea6ba6bcafa2fc611a6d43c"},"method":"loginstmisticket.getall","USER_ID":"2489","USER_EMAIL":"user1","USER_NAME":"Administrador","IPSOURCE":"::1","DATE_ATOM":"2022-09-14T18:40:43+02:00"}
{"params":{"ticked":"26a7dd7ed152e309905e44cfe9ffea78.dac18ed41d19c74f1c2410be23880a33.1b02b2d1f6df3d6c41e3ad8ff2489341"},"method":"loginstmisticket.getall","USER_ID":"2489","USER_EMAIL":"user1","USER_NAME":"Administrador","IPSOURCE":"::1","DATE_ATOM":"2022-09-14T18:47:46+02:00"}
{"params":{"ticked":"4b6a7f566bb2c2f529c5201fc4b639ae.a2d2cd1f987f2b99ffe56f52cb639cb3.6b59a3d9243b9f7bec008c50f27986bb"},"method":"loginstmisticket.getall","USER_ID":"2489","USER_EMAIL":"user1","USER_NAME":"Administrador","IPSOURCE":"::1","DATE_ATOM":"2022-09-14T19:02:41+02:00"}
{"params":{"ticked":"4df26aa0114e137917fbf3ca64662a59.ae4964ce2d1e79ffd0146253ebd16c54.0df36f974a55a6b005469749a13837fa"},"method":"loginstmisticket.getall","USER_ID":"2489","USER_EMAIL":"user1","USER_NAME":"Administrador","IPSOURCE":"::1","DATE_ATOM":"2022-09-14T19:03:38+02:00"}
{"params":{"ticked":"46bb67c3a745806e9a2c266ab18618d1.8a7642c5d66baa4bfce1f7ec56404203.a2054fff422af9468f9ee3630310d749"},"method":"loginstmisticket.getall","USER_ID":"2489","USER_EMAIL":"user1","USER_NAME":"Administrador","IPSOURCE":"::1","DATE_ATOM":"2022-09-14T19:30:09+02:00"}
{"params":{"ticked":"564e91df734cdb3f46ee3c46bf9ef8fe.5ff475307b17940ef6b71be60335cbba.041dedee2fca4c4eeb7592fef968525a"},"method":"loginstmisticket.getall","USER_ID":"2489","USER_EMAIL":"user1","USER_NAME":"Administrador","IPSOURCE":"::1","DATE_ATOM":"2022-09-14T19:40:16+02:00"}
{"params":{"ticked":"564e91df734cdb3f46ee3c46bf9ef8fe.5ff475307b17940ef6b71be60335cbba.041dedee2fca4c4eeb7592fef968525a"},"method":"loginstmisticket.getall","USER_ID":"2489","USER_EMAIL":"user1","USER_NAME":"Administrador","IPSOURCE":"::1","DATE_ATOM":"2022-09-14T19:58:31+02:00"}
{"params":{"ticked":"667423a3c6c055c89fc7b6876c849318.9c64c6b223dd44b893d57d914a7e8396.d6176c00520a3a764e485fc95d1b76cb"},"method":"loginstmisticket.getall","USER_ID":"2489","USER_EMAIL":"user1","USER_NAME":"Administrador","IPSOURCE":"::1","DATE_ATOM":"2022-09-14T20:01:40+02:00"}
{"params":{"ticked":"65ce22cd57768e6a00a8b76ea7afee36.b30fa08edae9942ee78321494babbce3.5491617301f0e326f5c918e7d8ee5fd1"},"method":"loginstmisticket.getall","USER_ID":"2489","USER_EMAIL":"user1","USER_NAME":"Administrador","IPSOURCE":"::1","DATE_ATOM":"2022-09-14T20:11:31+02:00"}
{"params":{"ticked":"29ccce15f3d484942a76f04438fcc6dc.6e6038429f0936a46da27b542e12d8c2.1abb924a7657130235993e538ed985bb"},"method":"loginstmisticket.getall","USER_ID":"2489","USER_EMAIL":"user1","USER_NAME":"Administrador","IPSOURCE":"::1","DATE_ATOM":"2022-09-14T20:13:32+02:00"}
{"params":{"ticked":"17f78e8d7ce6f1d999398c25e798f572.d251f4abf681cf5735f952f3294fcbc2.d2886195a638d3268ec9835b5b1f7c18"},"method":"loginstmisticket.getall","USER_ID":"2489","USER_EMAIL":"user1","USER_NAME":"Administrador","IPSOURCE":"::1","DATE_ATOM":"2022-09-14T20:15:27+02:00"}
{"params":{"ticked":"3ff9f99246ba587ef1c07cafc0c6fa0e.3ff0e75ccd4908159e1ed2d53f7ccf19.32cf0ca33ec04f422dd97e54fcc48898"},"method":"loginstmisticket.getall","USER_ID":"2489","USER_EMAIL":"user1","USER_NAME":"Administrador","IPSOURCE":"::1","DATE_ATOM":"2022-09-14T20:16:35+02:00"}
{"params":{"ticked":"1d7c968252c9effa98610425313ca77b.3c17188f4bb0474a0eaea4a684e59707.c1c80c62de8cb7be91db81fca2cca144"},"method":"loginstmisticket.getall","USER_ID":"2489","USER_EMAIL":"user1","USER_NAME":"Administrador","IPSOURCE":"::1","DATE_ATOM":"2022-09-14T20:18:06+02:00"}
{"params":{"ticked":"ed0c3a32b0437233bec7ea4b6ad852cf.91cd424dbbe77a4c924300a72ee4fd09.d452de19dd44a38f6933964a499e7940"},"method":"loginstmisticket.getall","USER_ID":"3857","USER_EMAIL":"dbernal@optical.pe","USER_NAME":"Daniel Bernal","IPSOURCE":"::1","DATE_ATOM":"2022-09-14T22:55:29+02:00"}
{"params":{"ticked":"0200076ec6625ae632b1388f1f8f1c3d.9ce6f50b65769019a2c4707eed9e7ecd.aa6d582b39d03766e74a4907afc22b14"},"method":"loginstmisticket.getall","USER_ID":"3857","USER_EMAIL":"dbernal@optical.pe","USER_NAME":"Daniel Bernal","IPSOURCE":"::1","DATE_ATOM":"2022-09-14T22:56:14+02:00"}
{"params":{"ticked":"0200076ec6625ae632b1388f1f8f1c3d.9ce6f50b65769019a2c4707eed9e7ecd.aa6d582b39d03766e74a4907afc22b14"},"method":"loginstmisticket.getall","USER_ID":"3857","USER_EMAIL":"dbernal@optical.pe","USER_NAME":"Daniel Bernal","IPSOURCE":"::1","DATE_ATOM":"2022-09-14T22:56:36+02:00"}
{"params":{"ticked":"b37d7f1f2b2f997037cf4ce2e8326d69.aa15cfb74bf659be325b202853e418db.c709382f050e0b13eb1d7e8cdcbd187f"},"method":"loginstmisticket.getall","USER_ID":"3857","USER_EMAIL":"dbernal@optical.pe","USER_NAME":"Daniel Bernal","IPSOURCE":"::1","DATE_ATOM":"2022-09-14T22:58:54+02:00"}
{"params":{"ticked":"0200076ec6625ae632b1388f1f8f1c3d.9ce6f50b65769019a2c4707eed9e7ecd.aa6d582b39d03766e74a4907afc22b14"},"method":"loginstmisticket.getall","USER_ID":"3857","USER_EMAIL":"dbernal@optical.pe","USER_NAME":"Daniel Bernal","IPSOURCE":"::1","DATE_ATOM":"2022-09-14T22:59:22+02:00"}
{"params":{"ticked":"f5ba3ace884f554a64c5fb39fe30ba57.99b3a9cea9a65edfe41eff5be343069a.9f7d13e9f70f5b8432c7a7c42f816bdb"},"method":"loginstmisticket.getall","USER_ID":"3857","USER_EMAIL":"dbernal@optical.pe","USER_NAME":"Daniel Bernal","IPSOURCE":"::1","DATE_ATOM":"2022-09-14T23:02:42+02:00"}
{"params":{"ticked":"0200076ec6625ae632b1388f1f8f1c3d.9ce6f50b65769019a2c4707eed9e7ecd.aa6d582b39d03766e74a4907afc22b14"},"method":"loginstmisticket.getall","USER_ID":"3857","USER_EMAIL":"dbernal@optical.pe","USER_NAME":"Daniel Bernal","IPSOURCE":"::1","DATE_ATOM":"2022-09-14T23:12:31+02:00"}
{"params":{"ticked":"2366f36457c96b93989d5b6c117e69c7.bd1979523ae78197e1100190e891b2ea.4c66ab3b580155834938319e76ff6e40"},"method":"loginstmisticket.getall","USER_ID":"3857","USER_EMAIL":"dbernal@optical.pe","USER_NAME":"Daniel Bernal","IPSOURCE":"::1","DATE_ATOM":"2022-09-14T23:22:53+02:00"}
{"params":{"ticked":"0200076ec6625ae632b1388f1f8f1c3d.9ce6f50b65769019a2c4707eed9e7ecd.aa6d582b39d03766e74a4907afc22b14"},"method":"loginstmisticket.getall","USER_ID":"3857","USER_EMAIL":"dbernal@optical.pe","USER_NAME":"Daniel Bernal","IPSOURCE":"::1","DATE_ATOM":"2022-09-14T23:23:29+02:00"}
{"params":{"ticked":"43f75b45726741921a3c802f793bc0bf.f55425ed518d1929e87f3eafd3762235.faa05edc2f6ff5a19ee15bd8349faf08"},"method":"loginstmisticket.getall","USER_ID":"3857","USER_EMAIL":"dbernal@optical.pe","USER_NAME":"Daniel Bernal","IPSOURCE":"::1","DATE_ATOM":"2022-09-14T23:42:57+02:00"}
{"params":{"ticked":"61da67e12f03a519c6428d2e5ee08a90.7030332b4c47f05715cb147ca27b03a9.589044a07a1ab45759954480d2777c93"},"method":"loginstmisticket.getall","USER_ID":"3857","USER_EMAIL":"dbernal@optical.pe","USER_NAME":"Daniel Bernal","IPSOURCE":"::1","DATE_ATOM":"2022-09-15T00:18:56+02:00"}
{"params":{"ticked":"f6b8044b74efbc200b8aaf0b140e05d9.820cbb21c0ae1f1fab99a2cd5b2aadd9.c743a26baf7ab9081b167d606f55183e"},"method":"loginstmisticket.getall","USER_ID":"3857","USER_EMAIL":"dbernal@optical.pe","USER_NAME":"Daniel Bernal","IPSOURCE":"::1","DATE_ATOM":"2022-09-15T01:03:13+02:00"}
{"params":{"ticked":"d84b5114fd416637019aa3a391241db6.5ab3c3d44ef470f3babe837cfa25fec9.80c21fc13fc302f1da4f3d3e07d999f1"},"method":"loginstmisticket.getall","USER_ID":"4182","USER_EMAIL":"user2_provision@optical.pe","USER_NAME":"provision2","IPSOURCE":"::1","DATE_ATOM":"2022-09-15T01:04:41+02:00"}
{"params":{"ticked":"f6b8044b74efbc200b8aaf0b140e05d9.820cbb21c0ae1f1fab99a2cd5b2aadd9.c743a26baf7ab9081b167d606f55183e"},"method":"loginstmisticket.getall","USER_ID":"3857","USER_EMAIL":"dbernal@optical.pe","USER_NAME":"Daniel Bernal","IPSOURCE":"::1","DATE_ATOM":"2022-09-15T01:05:06+02:00"}
{"params":{"ticked":"d84b5114fd416637019aa3a391241db6.5ab3c3d44ef470f3babe837cfa25fec9.80c21fc13fc302f1da4f3d3e07d999f1"},"method":"loginstmisticket.getall","USER_ID":"4182","USER_EMAIL":"user2_provision@optical.pe","USER_NAME":"provision2","IPSOURCE":"::1","DATE_ATOM":"2022-09-15T01:05:32+02:00"}
{"params":{"ticked":"d84b5114fd416637019aa3a391241db6.5ab3c3d44ef470f3babe837cfa25fec9.80c21fc13fc302f1da4f3d3e07d999f1"},"method":"loginstmisticket.getall","USER_ID":"4182","USER_EMAIL":"user2_provision@optical.pe","USER_NAME":"provision2","IPSOURCE":"::1","DATE_ATOM":"2022-09-15T01:10:33+02:00"}
{"params":{"ticked":"d84b5114fd416637019aa3a391241db6.5ab3c3d44ef470f3babe837cfa25fec9.80c21fc13fc302f1da4f3d3e07d999f1"},"method":"loginstmisticket.getall","USER_ID":"4182","USER_EMAIL":"user2_provision@optical.pe","USER_NAME":"provision2","IPSOURCE":"::1","DATE_ATOM":"2022-09-15T01:11:19+02:00"}
{"params":{"ticked":"d84b5114fd416637019aa3a391241db6.5ab3c3d44ef470f3babe837cfa25fec9.80c21fc13fc302f1da4f3d3e07d999f1"},"method":"loginstmisticket.getall","USER_ID":"4182","USER_EMAIL":"user2_provision@optical.pe","USER_NAME":"provision2","IPSOURCE":"::1","DATE_ATOM":"2022-09-15T01:12:20+02:00"}
{"params":{"ticked":"a3564e48df6d11c13770f7f6ac659ba0.997e424e26f270d8604687e5fae3740f.f8290f54bf8e2776765be3c01b0959a6"},"method":"loginstmisticket.getall","USER_ID":"2489","USER_EMAIL":"user1","USER_NAME":"Administrador","IPSOURCE":"::1","DATE_ATOM":"2022-09-19T16:41:31+02:00"}
{"params":{"ticked":"8a534c94b226f3cc181ca9ffafb23edd.2b8acedb6e95af4b2d6777e57797d674.14762e4d78dcf65d258d9b39574892c3"},"method":"loginstmisticket.getall","USER_ID":"2489","USER_EMAIL":"user1","USER_NAME":"Administrador","IPSOURCE":"::1","DATE_ATOM":"2022-09-19T16:44:49+02:00"}
{"params":{"ticked":"b92d8f9135a090380ecb4a8b7a394292.9e1c71ec8b70f1d4a188670c0ba28d09.5794683a0a0110f2a4eba8c4e29743fa"},"method":"loginstmisticket.getall","USER_ID":"2489","USER_EMAIL":"user1","USER_NAME":"Administrador","IPSOURCE":"::1","DATE_ATOM":"2022-09-19T17:40:24+02:00"}
{"params":{"ticked":"2a77227fde81e491b8dbc6d51a268a4a.bb1eb80572e7efc9dcfe5a4627ba16f7.635b9f0c40e0dd1b82f09b1eac51bc4d"},"method":"loginstmisticket.getall","USER_ID":"2489","USER_EMAIL":"user1","USER_NAME":"Administrador","IPSOURCE":"::1","DATE_ATOM":"2022-09-19T18:03:50+02:00"}
{"params":{"ticked":"01fbafce0fb5bb7ae4d1995145c5cf2f.2b724e4a7e2963db869125cf93dd54ec.06c16314466028fd478dff450dcd807b"},"method":"loginstmisticket.getall","USER_ID":"2489","USER_EMAIL":"user1","USER_NAME":"Administrador","IPSOURCE":"::1","DATE_ATOM":"2022-09-19T18:38:00+02:00"}
{"params":{"ticked":"01fbafce0fb5bb7ae4d1995145c5cf2f.2b724e4a7e2963db869125cf93dd54ec.06c16314466028fd478dff450dcd807b"},"method":"loginstmisticket.getall","USER_ID":"2489","USER_EMAIL":"user1","USER_NAME":"Administrador","IPSOURCE":"::1","DATE_ATOM":"2022-09-19T18:42:36+02:00"}
{"params":{"ticked":"01fbafce0fb5bb7ae4d1995145c5cf2f.2b724e4a7e2963db869125cf93dd54ec.06c16314466028fd478dff450dcd807b"},"method":"loginstmisticket.getall","USER_ID":"2489","USER_EMAIL":"user1","USER_NAME":"Administrador","IPSOURCE":"::1","DATE_ATOM":"2022-09-19T18:42:57+02:00"}
{"params":{"ticked":"6e96be259a55fb70261137fbe6ad9ab8.5a7c89485922c12970ffe3d795ea9740.08378bf9561d7cd26228a8d7e3641479"},"method":"loginstmisticket.getall","USER_ID":"3857","USER_EMAIL":"dbernal@optical.pe","USER_NAME":"Daniel Bernal","IPSOURCE":"::1","DATE_ATOM":"2022-09-19T18:59:15+02:00"}
{"params":{"ticked":"b9f1361cadcc82081552ce529f92f753.b2c10f266cbff409c5fb0de1abc3e5fd.635616f7604c269bf7e92981a703a1af"},"method":"loginstmisticket.getall","USER_ID":"3857","USER_EMAIL":"dbernal@optical.pe","USER_NAME":"Daniel Bernal","IPSOURCE":"::1","DATE_ATOM":"2022-09-19T19:00:29+02:00"}
{"params":{"ticked":"6e96be259a55fb70261137fbe6ad9ab8.5a7c89485922c12970ffe3d795ea9740.08378bf9561d7cd26228a8d7e3641479"},"method":"loginstmisticket.getall","USER_ID":"3857","USER_EMAIL":"dbernal@optical.pe","USER_NAME":"Daniel Bernal","IPSOURCE":"::1","DATE_ATOM":"2022-09-19T19:08:51+02:00"}
{"params":{"ticked":"83f12c1d8fc5a832764f87f352f4b39d.13942a189d2c7f61cc114e62b8919cf6.5fb6b12345e52d09261d487c6b7b386c"},"method":"loginstmisticket.getall","USER_ID":"3874","USER_EMAIL":"user1_provision@optical.pe","USER_NAME":"disenio1","IPSOURCE":"::1","DATE_ATOM":"2022-09-19T19:11:53+02:00"}
{"params":{"ticked":"b9f1361cadcc82081552ce529f92f753.b2c10f266cbff409c5fb0de1abc3e5fd.635616f7604c269bf7e92981a703a1af"},"method":"loginstmisticket.getall","USER_ID":"3857","USER_EMAIL":"dbernal@optical.pe","USER_NAME":"Daniel Bernal","IPSOURCE":"::1","DATE_ATOM":"2022-09-19T19:34:44+02:00"}
{"params":{"ticked":"59065660c6b7f2c3de966b58abd681c4.382090646821d894e3289d5511ddc602.fbda1cde1cd53b0b6850cb452ae29429"},"method":"loginstmisticket.getall","USER_ID":"3857","USER_EMAIL":"dbernal@optical.pe","USER_NAME":"Daniel Bernal","IPSOURCE":"::1","DATE_ATOM":"2022-09-19T19:41:03+02:00"}
{"params":{"ticked":"59065660c6b7f2c3de966b58abd681c4.382090646821d894e3289d5511ddc602.fbda1cde1cd53b0b6850cb452ae29429"},"method":"loginstmisticket.getall","USER_ID":"3857","USER_EMAIL":"dbernal@optical.pe","USER_NAME":"Daniel Bernal","IPSOURCE":"::1","DATE_ATOM":"2022-09-19T19:42:12+02:00"}
{"params":{"ticked":"bdc71f83bee95f8c21e121aa283fde3b.6f544e7ea49087cea74a77723b1be8e9.863e62f7b761bac2dd852f5868ed26a0"},"method":"loginstmisticket.getall","USER_ID":"3857","USER_EMAIL":"dbernal@optical.pe","USER_NAME":"Daniel Bernal","IPSOURCE":"::1","DATE_ATOM":"2022-09-19T19:46:17+02:00"}
{"params":{"ticked":"bdc71f83bee95f8c21e121aa283fde3b.6f544e7ea49087cea74a77723b1be8e9.863e62f7b761bac2dd852f5868ed26a0"},"method":"loginstmisticket.getall","USER_ID":"3857","USER_EMAIL":"dbernal@optical.pe","USER_NAME":"Daniel Bernal","IPSOURCE":"::1","DATE_ATOM":"2022-09-19T19:46:47+02:00"}
{"params":{"ticked":"bdc71f83bee95f8c21e121aa283fde3b.6f544e7ea49087cea74a77723b1be8e9.863e62f7b761bac2dd852f5868ed26a0"},"method":"loginstmisticket.getall","USER_ID":"3857","USER_EMAIL":"dbernal@optical.pe","USER_NAME":"Daniel Bernal","IPSOURCE":"::1","DATE_ATOM":"2022-09-19T19:46:53+02:00"}
{"params":{"ticked":"bdc71f83bee95f8c21e121aa283fde3b.6f544e7ea49087cea74a77723b1be8e9.863e62f7b761bac2dd852f5868ed26a0"},"method":"loginstmisticket.getall","USER_ID":"3857","USER_EMAIL":"dbernal@optical.pe","USER_NAME":"Daniel Bernal","IPSOURCE":"::1","DATE_ATOM":"2022-09-19T19:47:39+02:00"}
{"params":{"ticked":"de2a7957ee1a398bc42a939d94430920.4f7f5733ea116a1e7a66a247f38ee70c.ca73e2d6778e43cd208b2908023bf6be"},"method":"loginstmisticket.getall","USER_ID":"3857","USER_EMAIL":"dbernal@optical.pe","USER_NAME":"Daniel Bernal","IPSOURCE":"::1","DATE_ATOM":"2022-09-19T21:18:58+02:00"}
{"params":{"ticked":"de2a7957ee1a398bc42a939d94430920.4f7f5733ea116a1e7a66a247f38ee70c.ca73e2d6778e43cd208b2908023bf6be"},"method":"loginstmisticket.getall","USER_ID":"3857","USER_EMAIL":"dbernal@optical.pe","USER_NAME":"Daniel Bernal","IPSOURCE":"::1","DATE_ATOM":"2022-09-19T21:25:17+02:00"}
{"params":{"ticked":"d7f9d144b0e533010ac6f3d82a473a05.a79736ba563c9949ec271bed21adc356.7038d83d48de3b94e2304c2f419b0bd1"},"method":"loginstmisticket.getall","USER_ID":"3857","USER_EMAIL":"dbernal@optical.pe","USER_NAME":"Daniel Bernal","IPSOURCE":"::1","DATE_ATOM":"2022-09-19T21:41:07+02:00"}
{"params":{"ticked":"a70557d4349ff25c5cec25668d79c46a.84252a964b0bf61eea53b550d5c3cb7b.d4525f21e81e54d974b72daec025284c"},"method":"loginstmisticket.getall","USER_ID":"3857","USER_EMAIL":"dbernal@optical.pe","USER_NAME":"Daniel Bernal","IPSOURCE":"::1","DATE_ATOM":"2022-09-19T21:44:54+02:00"}
{"params":{"ticked":"c7c7cb40411b59c360267573f8f1a431.d4c9f1d4679590ad444d5b28c7e21a2a.be66d72ff13959303bac066f2413774a"},"method":"loginstmisticket.getall","USER_ID":"3857","USER_EMAIL":"dbernal@optical.pe","USER_NAME":"Daniel Bernal","IPSOURCE":"::1","DATE_ATOM":"2022-09-19T22:02:40+02:00"}
{"params":{"ticked":"c76a40523262ca608c4bd771f22a6972.6d2aea819b19239722808c6653cb8be8.cc41a716d43f9f6b22b257fbcb6436a4"},"method":"loginstmisticket.getall","USER_ID":"2489","USER_EMAIL":"user1","USER_NAME":"Administrador","IPSOURCE":"::1","DATE_ATOM":"2022-09-19T22:07:35+02:00"}
{"params":{"ticked":"01a4aaf15b4e6c6feac7af9b08867282.f7240bd14588de58d4bf91df7c7857a1.a137fc66120adb6bbc977dce3cc47b19"},"method":"loginstmisticket.getall","USER_ID":"3857","USER_EMAIL":"dbernal@optical.pe","USER_NAME":"Daniel Bernal","IPSOURCE":"::1","DATE_ATOM":"2022-09-19T23:34:18+02:00"}
{"params":{"ticked":"01a4aaf15b4e6c6feac7af9b08867282.f7240bd14588de58d4bf91df7c7857a1.a137fc66120adb6bbc977dce3cc47b19"},"method":"loginstmisticket.getall","USER_ID":"3857","USER_EMAIL":"dbernal@optical.pe","USER_NAME":"Daniel Bernal","IPSOURCE":"::1","DATE_ATOM":"2022-09-19T23:47:39+02:00"}
{"params":{"ticked":"01a4aaf15b4e6c6feac7af9b08867282.f7240bd14588de58d4bf91df7c7857a1.a137fc66120adb6bbc977dce3cc47b19"},"method":"loginstmisticket.getall","USER_ID":"3857","USER_EMAIL":"dbernal@optical.pe","USER_NAME":"Daniel Bernal","IPSOURCE":"::1","DATE_ATOM":"2022-09-19T23:48:22+02:00"}
{"params":{"ticked":"01a4aaf15b4e6c6feac7af9b08867282.f7240bd14588de58d4bf91df7c7857a1.a137fc66120adb6bbc977dce3cc47b19"},"method":"loginstmisticket.getall","USER_ID":"3857","USER_EMAIL":"dbernal@optical.pe","USER_NAME":"Daniel Bernal","IPSOURCE":"::1","DATE_ATOM":"2022-09-19T23:49:21+02:00"}
{"params":{"ticked":"01a4aaf15b4e6c6feac7af9b08867282.f7240bd14588de58d4bf91df7c7857a1.a137fc66120adb6bbc977dce3cc47b19"},"method":"loginstmisticket.getall","USER_ID":"3857","USER_EMAIL":"dbernal@optical.pe","USER_NAME":"Daniel Bernal","IPSOURCE":"::1","DATE_ATOM":"2022-09-19T23:51:21+02:00"}
{"params":{"ticked":"9025023f3a7dff99460be31a7f04d892.961f05ee58120aedbc2f7dd82f83f88f.f99209f396f70ae654660703f3a6fffa"},"method":"loginstmisticket.getall","USER_ID":"2489","USER_EMAIL":"user1","USER_NAME":"Administrador","IPSOURCE":"::1","DATE_ATOM":"2022-09-20T00:14:06+02:00"}
{"params":{"ticked":"9025023f3a7dff99460be31a7f04d892.961f05ee58120aedbc2f7dd82f83f88f.f99209f396f70ae654660703f3a6fffa"},"method":"loginstmisticket.getall","USER_ID":"2489","USER_EMAIL":"user1","USER_NAME":"Administrador","IPSOURCE":"::1","DATE_ATOM":"2022-09-20T00:16:53+02:00"}
{"params":{"ticked":"81dd5f28185e4440dd9a36d99e112417.08c99a673155bc45e657a560c2f32fb9.9148e81e3e754a2dd7a52330d54989c7"},"method":"loginstmisticket.getall","USER_ID":"2489","USER_EMAIL":"user1","USER_NAME":"Administrador","IPSOURCE":"::1","DATE_ATOM":"2022-09-20T00:17:34+02:00"}
{"params":{"ticked":"0a55cef0421520fc370b522768e3b13b.ab82ffa5067533017487334db2eed4c3.e0a3fd685f47264e8fc8800f49a87439"},"method":"loginstmisticket.getall","USER_ID":"2489","USER_EMAIL":"user1","USER_NAME":"Administrador","IPSOURCE":"::1","DATE_ATOM":"2022-09-20T00:20:49+02:00"}
{"params":{"ticked":"0a55cef0421520fc370b522768e3b13b.ab82ffa5067533017487334db2eed4c3.e0a3fd685f47264e8fc8800f49a87439"},"method":"loginstmisticket.getall","USER_ID":"2489","USER_EMAIL":"user1","USER_NAME":"Administrador","IPSOURCE":"::1","DATE_ATOM":"2022-09-20T00:21:24+02:00"}
{"params":{"ticked":"e51ced42a715385dab174ec07b1059f4.041aa5c0780920ba269a5e2c14f89156.17befb803b668b2cb93cb8334a78a3de"},"method":"loginstmisticket.getall","USER_ID":"4090","USER_EMAIL":"user1_preventa@optical.pe","USER_NAME":"User1 Preventa","IPSOURCE":"::1","DATE_ATOM":"2022-09-20T00:22:13+02:00"}
{"params":{"ticked":"3bd6358c2c8fb9e4fe77df7d216676d7.7349cc6a8b69760deeed719db19cf83b.817e687fc6ab93fd7a4b7b037464068f"},"method":"loginstmisticket.getall","USER_ID":"4090","USER_EMAIL":"user1_preventa@optical.pe","USER_NAME":"User1 Preventa","IPSOURCE":"::1","DATE_ATOM":"2022-09-20T00:28:46+02:00"}
{"params":{"ticked":"3bd6358c2c8fb9e4fe77df7d216676d7.7349cc6a8b69760deeed719db19cf83b.817e687fc6ab93fd7a4b7b037464068f"},"method":"loginstmisticket.getall","USER_ID":"4090","USER_EMAIL":"user1_preventa@optical.pe","USER_NAME":"User1 Preventa","IPSOURCE":"::1","DATE_ATOM":"2022-09-20T00:31:04+02:00"}
{"params":{"ticked":"3bd6358c2c8fb9e4fe77df7d216676d7.7349cc6a8b69760deeed719db19cf83b.817e687fc6ab93fd7a4b7b037464068f"},"method":"loginstmisticket.getall","USER_ID":"4090","USER_EMAIL":"user1_preventa@optical.pe","USER_NAME":"User1 Preventa","IPSOURCE":"::1","DATE_ATOM":"2022-09-20T00:34:46+02:00"}
{"params":{"ticked":"1c4882283963f1f9b566d32ee4835032.885a4a5ede44eb5f03a03e7b3d3a2a3b.02f242d00f6404cf1f109a677ca9ca66"},"method":"loginstmisticket.getall","USER_ID":"3874","USER_EMAIL":"user1_provision@optical.pe","USER_NAME":"disenio1","IPSOURCE":"::1","DATE_ATOM":"2022-09-20T00:54:17+02:00"}
{"params":{"ticked":"1c4882283963f1f9b566d32ee4835032.885a4a5ede44eb5f03a03e7b3d3a2a3b.02f242d00f6404cf1f109a677ca9ca66"},"method":"loginstmisticket.getall","USER_ID":"3874","USER_EMAIL":"user1_provision@optical.pe","USER_NAME":"disenio1","IPSOURCE":"::1","DATE_ATOM":"2022-09-20T00:56:35+02:00"}
{"params":{"ticked":"1c4882283963f1f9b566d32ee4835032.885a4a5ede44eb5f03a03e7b3d3a2a3b.02f242d00f6404cf1f109a677ca9ca66"},"method":"loginstmisticket.getall","USER_ID":"3874","USER_EMAIL":"user1_provision@optical.pe","USER_NAME":"disenio1","IPSOURCE":"::1","DATE_ATOM":"2022-09-20T00:57:04+02:00"}
{"params":{"ticked":"1c4882283963f1f9b566d32ee4835032.885a4a5ede44eb5f03a03e7b3d3a2a3b.02f242d00f6404cf1f109a677ca9ca66"},"method":"loginstmisticket.getall","USER_ID":"3874","USER_EMAIL":"user1_provision@optical.pe","USER_NAME":"disenio1","IPSOURCE":"::1","DATE_ATOM":"2022-09-20T00:58:11+02:00"}
{"params":{"ticked":"158f1cbcc282f653cadd69e3cadb449c.54b6f236246b17bd75084266b11adcb2.b07840af2d0382afeecb59d90738b066"},"method":"loginstmisticket.getall","USER_ID":"3857","USER_EMAIL":"dbernal@optical.pe","USER_NAME":"Daniel Bernal","IPSOURCE":"::1","DATE_ATOM":"2022-09-20T01:20:26+02:00"}
{"params":{"ticked":"0f22da968e25a43664a1120b68bc264c.a67928d770ac8b9de53ea20861a31599.8990da9e094ed1ae207ad693839ffce0"},"method":"loginstmisticket.getall","USER_ID":"3857","USER_EMAIL":"dbernal@optical.pe","USER_NAME":"Daniel Bernal","IPSOURCE":"::1","DATE_ATOM":"2022-09-20T19:53:10+02:00"}
{"params":{"ticked":"79a72bfcb09298d3ab35f7db8ff71e3f.1d35aefa3d1baa951a67071b70bddbc0.5277c5d3de48df3fd8f159ff694e7053"},"method":"loginstmisticket.getall","USER_ID":"4121","USER_EMAIL":"hvasquez@optical.pe","USER_NAME":"Hugo Martin Vasquez Chavez","IPSOURCE":"::1","DATE_ATOM":"2022-09-20T20:02:41+02:00"}
