{"params":{"ticked":"a3564e48df6d11c13770f7f6ac659ba0.997e424e26f270d8604687e5fae3740f.f8290f54bf8e2776765be3c01b0959a6"},"method":"loginstmisticket.getallprocess","USER_ID":"2489","USER_EMAIL":"user1","USER_NAME":"Administrador","IPSOURCE":"::1","DATE_ATOM":"2022-09-19T16:41:30+02:00"}
{"params":{"ticked":"8a534c94b226f3cc181ca9ffafb23edd.2b8acedb6e95af4b2d6777e57797d674.14762e4d78dcf65d258d9b39574892c3"},"method":"loginstmisticket.getallprocess","USER_ID":"2489","USER_EMAIL":"user1","USER_NAME":"Administrador","IPSOURCE":"::1","DATE_ATOM":"2022-09-19T16:44:46+02:00"}
{"params":{"ticked":"b92d8f9135a090380ecb4a8b7a394292.9e1c71ec8b70f1d4a188670c0ba28d09.5794683a0a0110f2a4eba8c4e29743fa"},"method":"loginstmisticket.getallprocess","USER_ID":"2489","USER_EMAIL":"user1","USER_NAME":"Administrador","IPSOURCE":"::1","DATE_ATOM":"2022-09-19T17:40:23+02:00"}
{"params":{"ticked":"2a77227fde81e491b8dbc6d51a268a4a.bb1eb80572e7efc9dcfe5a4627ba16f7.635b9f0c40e0dd1b82f09b1eac51bc4d"},"method":"loginstmisticket.getallprocess","USER_ID":"2489","USER_EMAIL":"user1","USER_NAME":"Administrador","IPSOURCE":"::1","DATE_ATOM":"2022-09-19T18:03:49+02:00"}
{"params":{"ticked":"01fbafce0fb5bb7ae4d1995145c5cf2f.2b724e4a7e2963db869125cf93dd54ec.06c16314466028fd478dff450dcd807b"},"method":"loginstmisticket.getallprocess","USER_ID":"2489","USER_EMAIL":"user1","USER_NAME":"Administrador","IPSOURCE":"::1","DATE_ATOM":"2022-09-19T18:37:59+02:00"}
{"params":{"ticked":"01fbafce0fb5bb7ae4d1995145c5cf2f.2b724e4a7e2963db869125cf93dd54ec.06c16314466028fd478dff450dcd807b"},"method":"loginstmisticket.getallprocess","USER_ID":"2489","USER_EMAIL":"user1","USER_NAME":"Administrador","IPSOURCE":"::1","DATE_ATOM":"2022-09-19T18:42:34+02:00"}
{"params":{"ticked":"01fbafce0fb5bb7ae4d1995145c5cf2f.2b724e4a7e2963db869125cf93dd54ec.06c16314466028fd478dff450dcd807b"},"method":"loginstmisticket.getallprocess","USER_ID":"2489","USER_EMAIL":"user1","USER_NAME":"Administrador","IPSOURCE":"::1","DATE_ATOM":"2022-09-19T18:42:56+02:00"}
{"params":{"ticked":"6e96be259a55fb70261137fbe6ad9ab8.5a7c89485922c12970ffe3d795ea9740.08378bf9561d7cd26228a8d7e3641479"},"method":"loginstmisticket.getallprocess","USER_ID":"3857","USER_EMAIL":"dbernal@optical.pe","USER_NAME":"Daniel Bernal","IPSOURCE":"::1","DATE_ATOM":"2022-09-19T18:59:14+02:00"}
{"params":{"ticked":"b9f1361cadcc82081552ce529f92f753.b2c10f266cbff409c5fb0de1abc3e5fd.635616f7604c269bf7e92981a703a1af"},"method":"loginstmisticket.getallprocess","USER_ID":"3857","USER_EMAIL":"dbernal@optical.pe","USER_NAME":"Daniel Bernal","IPSOURCE":"::1","DATE_ATOM":"2022-09-19T19:00:28+02:00"}
{"params":{"ticked":"6e96be259a55fb70261137fbe6ad9ab8.5a7c89485922c12970ffe3d795ea9740.08378bf9561d7cd26228a8d7e3641479"},"method":"loginstmisticket.getallprocess","USER_ID":"3857","USER_EMAIL":"dbernal@optical.pe","USER_NAME":"Daniel Bernal","IPSOURCE":"::1","DATE_ATOM":"2022-09-19T19:08:42+02:00"}
{"params":{"ticked":"83f12c1d8fc5a832764f87f352f4b39d.13942a189d2c7f61cc114e62b8919cf6.5fb6b12345e52d09261d487c6b7b386c"},"method":"loginstmisticket.getallprocess","USER_ID":"3874","USER_EMAIL":"user1_provision@optical.pe","USER_NAME":"disenio1","IPSOURCE":"::1","DATE_ATOM":"2022-09-19T19:11:51+02:00"}
{"params":{"ticked":"b9f1361cadcc82081552ce529f92f753.b2c10f266cbff409c5fb0de1abc3e5fd.635616f7604c269bf7e92981a703a1af"},"method":"loginstmisticket.getallprocess","USER_ID":"3857","USER_EMAIL":"dbernal@optical.pe","USER_NAME":"Daniel Bernal","IPSOURCE":"::1","DATE_ATOM":"2022-09-19T19:34:42+02:00"}
{"params":{"ticked":"59065660c6b7f2c3de966b58abd681c4.382090646821d894e3289d5511ddc602.fbda1cde1cd53b0b6850cb452ae29429"},"method":"loginstmisticket.getallprocess","USER_ID":"3857","USER_EMAIL":"dbernal@optical.pe","USER_NAME":"Daniel Bernal","IPSOURCE":"::1","DATE_ATOM":"2022-09-19T19:41:02+02:00"}
{"params":{"ticked":"59065660c6b7f2c3de966b58abd681c4.382090646821d894e3289d5511ddc602.fbda1cde1cd53b0b6850cb452ae29429"},"method":"loginstmisticket.getallprocess","USER_ID":"3857","USER_EMAIL":"dbernal@optical.pe","USER_NAME":"Daniel Bernal","IPSOURCE":"::1","DATE_ATOM":"2022-09-19T19:42:11+02:00"}
{"params":{"ticked":"bdc71f83bee95f8c21e121aa283fde3b.6f544e7ea49087cea74a77723b1be8e9.863e62f7b761bac2dd852f5868ed26a0"},"method":"loginstmisticket.getallprocess","USER_ID":"3857","USER_EMAIL":"dbernal@optical.pe","USER_NAME":"Daniel Bernal","IPSOURCE":"::1","DATE_ATOM":"2022-09-19T19:46:15+02:00"}
{"params":{"ticked":"bdc71f83bee95f8c21e121aa283fde3b.6f544e7ea49087cea74a77723b1be8e9.863e62f7b761bac2dd852f5868ed26a0"},"method":"loginstmisticket.getallprocess","USER_ID":"3857","USER_EMAIL":"dbernal@optical.pe","USER_NAME":"Daniel Bernal","IPSOURCE":"::1","DATE_ATOM":"2022-09-19T19:46:46+02:00"}
{"params":{"ticked":"bdc71f83bee95f8c21e121aa283fde3b.6f544e7ea49087cea74a77723b1be8e9.863e62f7b761bac2dd852f5868ed26a0"},"method":"loginstmisticket.getallprocess","USER_ID":"3857","USER_EMAIL":"dbernal@optical.pe","USER_NAME":"Daniel Bernal","IPSOURCE":"::1","DATE_ATOM":"2022-09-19T19:46:52+02:00"}
{"params":{"ticked":"bdc71f83bee95f8c21e121aa283fde3b.6f544e7ea49087cea74a77723b1be8e9.863e62f7b761bac2dd852f5868ed26a0"},"method":"loginstmisticket.getallprocess","USER_ID":"3857","USER_EMAIL":"dbernal@optical.pe","USER_NAME":"Daniel Bernal","IPSOURCE":"::1","DATE_ATOM":"2022-09-19T19:47:38+02:00"}
{"params":{"ticked":"de2a7957ee1a398bc42a939d94430920.4f7f5733ea116a1e7a66a247f38ee70c.ca73e2d6778e43cd208b2908023bf6be"},"method":"loginstmisticket.getallprocess","USER_ID":"3857","USER_EMAIL":"dbernal@optical.pe","USER_NAME":"Daniel Bernal","IPSOURCE":"::1","DATE_ATOM":"2022-09-19T21:18:57+02:00"}
{"params":{"ticked":"de2a7957ee1a398bc42a939d94430920.4f7f5733ea116a1e7a66a247f38ee70c.ca73e2d6778e43cd208b2908023bf6be"},"method":"loginstmisticket.getallprocess","USER_ID":"3857","USER_EMAIL":"dbernal@optical.pe","USER_NAME":"Daniel Bernal","IPSOURCE":"::1","DATE_ATOM":"2022-09-19T21:25:16+02:00"}
{"params":{"ticked":"d7f9d144b0e533010ac6f3d82a473a05.a79736ba563c9949ec271bed21adc356.7038d83d48de3b94e2304c2f419b0bd1"},"method":"loginstmisticket.getallprocess","USER_ID":"3857","USER_EMAIL":"dbernal@optical.pe","USER_NAME":"Daniel Bernal","IPSOURCE":"::1","DATE_ATOM":"2022-09-19T21:41:05+02:00"}
{"params":{"ticked":"a70557d4349ff25c5cec25668d79c46a.84252a964b0bf61eea53b550d5c3cb7b.d4525f21e81e54d974b72daec025284c"},"method":"loginstmisticket.getallprocess","USER_ID":"3857","USER_EMAIL":"dbernal@optical.pe","USER_NAME":"Daniel Bernal","IPSOURCE":"::1","DATE_ATOM":"2022-09-19T21:44:49+02:00"}
{"params":{"ticked":"c7c7cb40411b59c360267573f8f1a431.d4c9f1d4679590ad444d5b28c7e21a2a.be66d72ff13959303bac066f2413774a"},"method":"loginstmisticket.getallprocess","USER_ID":"3857","USER_EMAIL":"dbernal@optical.pe","USER_NAME":"Daniel Bernal","IPSOURCE":"::1","DATE_ATOM":"2022-09-19T22:02:36+02:00"}
{"params":{"ticked":"c76a40523262ca608c4bd771f22a6972.6d2aea819b19239722808c6653cb8be8.cc41a716d43f9f6b22b257fbcb6436a4"},"method":"loginstmisticket.getallprocess","USER_ID":"2489","USER_EMAIL":"user1","USER_NAME":"Administrador","IPSOURCE":"::1","DATE_ATOM":"2022-09-19T22:07:33+02:00"}
{"params":{"ticked":"01a4aaf15b4e6c6feac7af9b08867282.f7240bd14588de58d4bf91df7c7857a1.a137fc66120adb6bbc977dce3cc47b19"},"method":"loginstmisticket.getallprocess","USER_ID":"3857","USER_EMAIL":"dbernal@optical.pe","USER_NAME":"Daniel Bernal","IPSOURCE":"::1","DATE_ATOM":"2022-09-19T23:34:16+02:00"}
{"params":{"ticked":"01a4aaf15b4e6c6feac7af9b08867282.f7240bd14588de58d4bf91df7c7857a1.a137fc66120adb6bbc977dce3cc47b19"},"method":"loginstmisticket.getallprocess","USER_ID":"3857","USER_EMAIL":"dbernal@optical.pe","USER_NAME":"Daniel Bernal","IPSOURCE":"::1","DATE_ATOM":"2022-09-19T23:47:36+02:00"}
{"params":{"ticked":"9025023f3a7dff99460be31a7f04d892.961f05ee58120aedbc2f7dd82f83f88f.f99209f396f70ae654660703f3a6fffa"},"method":"loginstmisticket.getallprocess","USER_ID":"2489","USER_EMAIL":"user1","USER_NAME":"Administrador","IPSOURCE":"::1","DATE_ATOM":"2022-09-20T00:14:05+02:00"}
{"params":{"ticked":"81dd5f28185e4440dd9a36d99e112417.08c99a673155bc45e657a560c2f32fb9.9148e81e3e754a2dd7a52330d54989c7"},"method":"loginstmisticket.getallprocess","USER_ID":"2489","USER_EMAIL":"user1","USER_NAME":"Administrador","IPSOURCE":"::1","DATE_ATOM":"2022-09-20T00:17:31+02:00"}
{"params":{"ticked":"0a55cef0421520fc370b522768e3b13b.ab82ffa5067533017487334db2eed4c3.e0a3fd685f47264e8fc8800f49a87439"},"method":"loginstmisticket.getallprocess","USER_ID":"2489","USER_EMAIL":"user1","USER_NAME":"Administrador","IPSOURCE":"::1","DATE_ATOM":"2022-09-20T00:20:47+02:00"}
{"params":{"ticked":"e51ced42a715385dab174ec07b1059f4.041aa5c0780920ba269a5e2c14f89156.17befb803b668b2cb93cb8334a78a3de"},"method":"loginstmisticket.getallprocess","USER_ID":"4090","USER_EMAIL":"user1_preventa@optical.pe","USER_NAME":"User1 Preventa","IPSOURCE":"::1","DATE_ATOM":"2022-09-20T00:22:11+02:00"}
{"params":{"ticked":"3bd6358c2c8fb9e4fe77df7d216676d7.7349cc6a8b69760deeed719db19cf83b.817e687fc6ab93fd7a4b7b037464068f"},"method":"loginstmisticket.getallprocess","USER_ID":"4090","USER_EMAIL":"user1_preventa@optical.pe","USER_NAME":"User1 Preventa","IPSOURCE":"::1","DATE_ATOM":"2022-09-20T00:28:38+02:00"}
{"params":{"ticked":"3bd6358c2c8fb9e4fe77df7d216676d7.7349cc6a8b69760deeed719db19cf83b.817e687fc6ab93fd7a4b7b037464068f"},"method":"loginstmisticket.getallprocess","USER_ID":"4090","USER_EMAIL":"user1_preventa@optical.pe","USER_NAME":"User1 Preventa","IPSOURCE":"::1","DATE_ATOM":"2022-09-20T00:30:14+02:00"}
{"params":{"ticked":"3bd6358c2c8fb9e4fe77df7d216676d7.7349cc6a8b69760deeed719db19cf83b.817e687fc6ab93fd7a4b7b037464068f"},"method":"loginstmisticket.getallprocess","USER_ID":"4090","USER_EMAIL":"user1_preventa@optical.pe","USER_NAME":"User1 Preventa","IPSOURCE":"::1","DATE_ATOM":"2022-09-20T00:34:37+02:00"}
{"params":{"ticked":"1c4882283963f1f9b566d32ee4835032.885a4a5ede44eb5f03a03e7b3d3a2a3b.02f242d00f6404cf1f109a677ca9ca66"},"method":"loginstmisticket.getallprocess","USER_ID":"3874","USER_EMAIL":"user1_provision@optical.pe","USER_NAME":"disenio1","IPSOURCE":"::1","DATE_ATOM":"2022-09-20T00:54:15+02:00"}
{"params":{"ticked":"158f1cbcc282f653cadd69e3cadb449c.54b6f236246b17bd75084266b11adcb2.b07840af2d0382afeecb59d90738b066"},"method":"loginstmisticket.getallprocess","USER_ID":"3857","USER_EMAIL":"dbernal@optical.pe","USER_NAME":"Daniel Bernal","IPSOURCE":"::1","DATE_ATOM":"2022-09-20T01:20:24+02:00"}
{"params":{"ticked":"0f22da968e25a43664a1120b68bc264c.a67928d770ac8b9de53ea20861a31599.8990da9e094ed1ae207ad693839ffce0"},"method":"loginstmisticket.getallprocess","USER_ID":"3857","USER_EMAIL":"dbernal@optical.pe","USER_NAME":"Daniel Bernal","IPSOURCE":"::1","DATE_ATOM":"2022-09-20T19:53:09+02:00"}
{"params":{"ticked":"79a72bfcb09298d3ab35f7db8ff71e3f.1d35aefa3d1baa951a67071b70bddbc0.5277c5d3de48df3fd8f159ff694e7053"},"method":"loginstmisticket.getallprocess","USER_ID":"4121","USER_EMAIL":"hvasquez@optical.pe","USER_NAME":"Hugo Martin Vasquez Chavez","IPSOURCE":"::1","DATE_ATOM":"2022-09-20T20:02:40+02:00"}
