{"params":{"userid":"user1","password":"admin$2021","ticked":"31e418c4c2338d01e3bc25f0ef24741a","deviceid":"3adabdab698b80275fed91adce7a55cb"},"method":"loglogin.login","IPSOURCE":"::1","DATE_ATOM":"2022-07-26T19:54:58+02:00"}
{"params":{"userid":"user1","password":"admin$2021","ticked":"0126eaaa6360c43e5ad864ee017938f1","deviceid":"35d84026d1265845dfe3aa97c38963be"},"method":"loglogin.login","IPSOURCE":"::1","DATE_ATOM":"2022-07-26T21:33:45+02:00"}
{"params":{"userid":"user1","password":"admin$2021","ticked":"7ff838311d401d3d32ef202f455604f6","deviceid":"b5a4852c4676f2da9a34f090adf82b74"},"method":"loglogin.login","IPSOURCE":"::1","DATE_ATOM":"2022-07-26T21:34:19+02:00"}
{"params":{"userid":"user1","password":"admin$2021","ticked":"efc1f0631b9fe9f62b6022242273c3ec","deviceid":"0bd56d7d40f3336a19f320b3a2a947a4"},"method":"loglogin.login","IPSOURCE":"::1","DATE_ATOM":"2022-07-26T21:40:04+02:00"}
{"params":{"userid":"user1_preventa@optical.pe","password":"...","ticked":"bf8ed1a91b8584287797f15ef8db998a","deviceid":"b874ce05e977694941f17cf9d26d3918"},"method":"loglogin.login","IPSOURCE":"::1","DATE_ATOM":"2022-07-26T21:40:14+02:00"}
{"params":{"userid":"user1_preventa@optical.pe","password":"...","ticked":"7d74d5c16f50870e24b33a2cdaa5bc2e","deviceid":"5d5e75ce7a4d861b93c836db68d2d390"},"method":"loglogin.login","IPSOURCE":"::1","DATE_ATOM":"2022-07-26T23:22:29+02:00"}
{"params":{"userid":"dbernal@optical.pe","password":"...","ticked":"cacccb7564d6bbba362e90fb8b52ed53","deviceid":"491f8a4187c36969e7ea4d4bb875a47c"},"method":"loglogin.login","IPSOURCE":"::1","DATE_ATOM":"2022-07-26T23:42:28+02:00"}
{"params":{"userid":"user1","password":"admin$2021","ticked":"5e0ec9f7fc12afcbab20e703e89c000d","deviceid":"00086850b9d50d739c73b6d925217525"},"method":"loglogin.login","IPSOURCE":"::1","DATE_ATOM":"2022-07-27T02:14:22+02:00"}
{"params":{"userid":"user1","password":"admin$2021","ticked":"8916bed4e0e91d15b1fc050144960730","deviceid":"7207e0b0d71bdba916d8b8fb6015511b"},"method":"loglogin.login","IPSOURCE":"::1","DATE_ATOM":"2022-07-27T17:37:32+02:00"}
{"params":{"userid":"user1_provision@optical.pe","password":"...","ticked":"645e9a14b5c171038ceb3516699e89a0","deviceid":"8c6e9dad8ee8bf317ed854cb34bfde89"},"method":"loglogin.login","IPSOURCE":"::1","DATE_ATOM":"2022-07-27T17:47:40+02:00"}
{"params":{"userid":"jmitma@optical.pe","password":"dQwJ80wq","ticked":"7fe68c198541e34af450a5ad0d4eed8a","deviceid":"3a55391ec8a50f461fb372f6e32fec0a"},"method":"loglogin.login","IPSOURCE":"::1","DATE_ATOM":"2022-07-27T22:20:05+02:00"}
{"params":{"userid":"jmitma@optical.pe","password":"dQwJ80wq","ticked":"35694ad9bd5e2a01c48b19767dc1e372","deviceid":"3a55391ec8a50f461fb372f6e32fec0a"},"method":"loglogin.login","IPSOURCE":"::1","DATE_ATOM":"2022-07-27T22:20:39+02:00"}
{"params":{"userid":"jmitma@optical.pe","password":"dQwJ80wq","ticked":"c60122b54b96e364c305bdccc01746cb","deviceid":"3a55391ec8a50f461fb372f6e32fec0a"},"method":"loglogin.login","IPSOURCE":"::1","DATE_ATOM":"2022-07-27T22:21:33+02:00"}
{"params":{"userid":"jmitma@optical.pe","password":"dQwJ80wq","ticked":"52d76acae1ec230336a9efdd00e81359","deviceid":"a6ad6cfc67895a021266ccae57c39030"},"method":"loglogin.login","IPSOURCE":"::1","DATE_ATOM":"2022-07-27T22:23:07+02:00"}
{"params":{"userid":"user1","password":"admin$2021","ticked":"75b57474508e1887297dc9ddf742c405","deviceid":"0f82f3b99dfaad80a9190367655969a4"},"method":"loglogin.login","IPSOURCE":"::1","DATE_ATOM":"2022-07-28T00:45:11+02:00"}
{"params":{"userid":"user1","password":"admin$2021","ticked":"a6e45dc73604c1c2bb6f57e4907b2eed","deviceid":"10941bbcde7c047adb9c825daa288580"},"method":"loglogin.login","IPSOURCE":"::1","DATE_ATOM":"2022-08-09T17:10:16+02:00"}
{"params":{"userid":"user1","password":"admin$2021","ticked":"a9b24462ac0ae3bf8dfa4da2d5daee90","deviceid":"1922cd26ed6ed133652677ba3bf84811"},"method":"loglogin.login","IPSOURCE":"::1","DATE_ATOM":"2022-08-09T17:10:29+02:00"}
{"params":{"userid":"user1","password":"admin$2021","ticked":"834e40c458b6a8a320390478515ad51a","deviceid":"42b0c3a2e59ee2f8349ff0ccff4a7973"},"method":"loglogin.login","IPSOURCE":"::1","DATE_ATOM":"2022-08-11T19:33:31+02:00"}
{"params":{"userid":"user1_preventa@optical.pe","password":"...","ticked":"b5f2e6da0f52b6b9e982e5f4e5b3ab97","deviceid":"cbc8a3b50af098eff890bef9f6736d51"},"method":"loglogin.login","IPSOURCE":"::1","DATE_ATOM":"2022-08-11T19:34:19+02:00"}
{"params":{"userid":"user1_provision@optical.pe","password":"...","ticked":"fc57705659ef75170428fb33cd33b62a","deviceid":"e458bbce2df4472e8165167a31d0bf8a"},"method":"loglogin.login","IPSOURCE":"::1","DATE_ATOM":"2022-08-13T00:30:09+02:00"}
{"params":{"userid":"user1_provision@optical.pe","password":"...","ticked":"32bfce6e33e320ad4bb50da82cc90baf","deviceid":"5fb72c0b76f47f1828b6c57935f52626"},"method":"loglogin.login","IPSOURCE":"::1","DATE_ATOM":"2022-08-13T00:30:25+02:00"}
{"params":{"userid":"user1_provision@optical.pe","password":"...","ticked":"8ad02cb4fbbb05d379f2c605856ab938","deviceid":"afe7206745c77aa368acff635ce29938"},"method":"loglogin.login","IPSOURCE":"::1","DATE_ATOM":"2022-08-13T02:41:28+02:00"}
{"params":{"userid":"user1_provision@optical.pe","password":"...","ticked":"03397614103dfdf33efee4e6debce72d","deviceid":"418e869c076c64377a5a4aea424e4352"},"method":"loglogin.login","IPSOURCE":"::1","DATE_ATOM":"2022-08-15T19:13:56+02:00"}
{"params":{"userid":"user1","password":"admin$2021","ticked":"176c0a77ff72cf095366077741a56cc4","deviceid":"5b19763954d4916a7e9a041bc0fb5a0e"},"method":"loglogin.login","IPSOURCE":"::1","DATE_ATOM":"2022-08-17T21:20:16+02:00"}
{"params":{"userid":"user1_provision@optical.pe","password":"...","ticked":"779bc24b17e94afd0805ff4c5de5def5","deviceid":"7846d156dc4db7e15b5509e150096dae"},"method":"loglogin.login","IPSOURCE":"::1","DATE_ATOM":"2022-08-23T19:51:17+02:00"}
{"params":{"userid":"user1","password":"admin$2021","ticked":"d71298ad8ddd683beffdec235dec8fdb","deviceid":"69efb87fbd193ef12c0b9f45016bf7c2"},"method":"loglogin.login","IPSOURCE":"::1","DATE_ATOM":"2022-08-23T22:23:30+02:00"}
{"params":{"userid":"user1_preventa@optical.pe","password":"...","ticked":"6f87c053fb0a32871eaaed8664a4809e","deviceid":"b396e66ba993606150901dec32bf35ff"},"method":"loglogin.login","IPSOURCE":"::1","DATE_ATOM":"2022-08-23T22:23:40+02:00"}
{"params":{"userid":"user1_preventa@optical.pe","password":"...","ticked":"bc889425dc63f097fcb08dd647582577","deviceid":"8daf4de046c36f3ef42bc92066e53f73"},"method":"loglogin.login","IPSOURCE":"::1","DATE_ATOM":"2022-08-23T22:53:06+02:00"}
{"params":{"userid":"user1_provision@optical.pe","password":"...","ticked":"530a2b3c76aff72508ed8e53d5f064a9","deviceid":"2a9f12c2ba0dde7f1b5bccd99bc94847"},"method":"loglogin.login","IPSOURCE":"::1","DATE_ATOM":"2022-08-24T17:37:52+02:00"}
{"params":{"userid":"user1","password":"admin$2021","ticked":"728e0ad9cb0668fb4ab07ad214bac5a7","deviceid":"6135e08667151b864c28c20d0f343821"},"method":"loglogin.login","IPSOURCE":"::1","DATE_ATOM":"2022-08-29T16:22:19+02:00"}
{"params":{"userid":"user1_preventa@optical.pe","password":"...","ticked":"bb42d44a758d57ac75031c95b64063a8","deviceid":"f5353b5477e4e8409e262319d72b4e8b"},"method":"loglogin.login","IPSOURCE":"::1","DATE_ATOM":"2022-08-29T16:22:28+02:00"}
{"params":{"userid":"user1","password":"admin$2021","ticked":"4a8ec43ae0229ab14a549d1a97110b0a","deviceid":"81ad24842a7cb4d5984caeed81d65ec8"},"method":"loglogin.login","IPSOURCE":"::1","DATE_ATOM":"2022-08-29T16:40:18+02:00"}
{"params":{"userid":"user1","password":"admin$2021","ticked":"d87f2306dc374796b2a566349a20f1ab","deviceid":"37ff680cb587280906b0c6062f643c24"},"method":"loglogin.login","IPSOURCE":"::1","DATE_ATOM":"2022-08-31T17:09:09+02:00"}
{"params":{"userid":"user1_preventa@optical.pe","password":"...","ticked":"2dff6dcc8e492a011c86a59bda949f13","deviceid":"6ad5cc58b69a69ae9cca3e7f2a872c46"},"method":"loglogin.login","IPSOURCE":"::1","DATE_ATOM":"2022-08-31T17:10:37+02:00"}
{"params":{"userid":"user1_preventa@optical.pe","password":"...","ticked":"65701a596c7b5d1e8187a8fd29b5fcbf","deviceid":"4157561926ef0fd9c63fff4ddc9249ae"},"method":"loglogin.login","IPSOURCE":"::1","DATE_ATOM":"2022-08-31T19:19:15+02:00"}
{"params":{"userid":"user1_preventa@optical.pe","password":"...","ticked":"be9d9c6872fbb2ddbb58512ac5c00b24","deviceid":"d276dc86d0cee2b3b1cb545a05925946"},"method":"loglogin.login","IPSOURCE":"::1","DATE_ATOM":"2022-08-31T19:23:11+02:00"}
{"params":{"userid":"user1","password":"admin$2021","ticked":"e21d4dc0c9c198ed0aa95c62157a697b","deviceid":"15f7a70f968fa5ae8d46b417194a985e"},"method":"loglogin.login","IPSOURCE":"::1","DATE_ATOM":"2022-09-01T19:32:57+02:00"}
{"params":{"userid":"user1","password":"admin$2021","ticked":"76037e6688f0a29f874a6a13fcc7149e","deviceid":"db5ad168916fe9b79f02fb520fe7f33d"},"method":"loglogin.login","IPSOURCE":"::1","DATE_ATOM":"2022-09-01T19:34:47+02:00"}
{"params":{"userid":"user1","password":"admin$2021","ticked":"7c2f9dc06c8bda538eb69a3d67b04360","deviceid":"03d0d6c6f960c4aca58cc67f3b848fa6"},"method":"loglogin.login","IPSOURCE":"::1","DATE_ATOM":"2022-09-01T19:36:27+02:00"}
{"params":{"userid":"user1","password":"admin$2021","ticked":"3525fc027d830d7fdb6c4f12bf4d1ed3","deviceid":"a16fe2344d6f0c6f58e645b8f1e23e7b"},"method":"loglogin.login","IPSOURCE":"::1","DATE_ATOM":"2022-09-01T19:39:11+02:00"}
{"params":{"userid":"user1","password":"admin$2021","ticked":"13ea3dd4a11b3b89553a06f619ca073e","deviceid":"5ca685ff4005f8684c8db78ddcb505f1"},"method":"loglogin.login","IPSOURCE":"::1","DATE_ATOM":"2022-09-01T19:41:54+02:00"}
{"params":{"userid":"user1","password":"admin$2021","ticked":"676dc6b62a760bd1a0c3b45baa839a45","deviceid":"aa662b23d7f4f4692aa1121b8a801de1"},"method":"loglogin.login","IPSOURCE":"::1","DATE_ATOM":"2022-09-01T19:42:23+02:00"}
{"params":{"userid":"user1","password":"admin$2021","ticked":"8256ef9e1144367a89f19a54c4d20758","deviceid":"a3ef54fdb3951ba698423f747e7acd4e"},"method":"loglogin.login","IPSOURCE":"::1","DATE_ATOM":"2022-09-01T21:33:29+02:00"}
{"params":{"userid":"user1","password":"admin$2021","ticked":"149f975fad85bd3356b1933732e7a563","deviceid":"b9851352fb4c1111517cb5338ba527c9"},"method":"loglogin.login","IPSOURCE":"::1","DATE_ATOM":"2022-09-01T21:38:40+02:00"}
{"params":{"userid":"user1","password":"admin$2021","ticked":"6d5e0ea8494803c86f4b1f7a425afb6d","deviceid":"8b0198c7f556d6289137bcdc3a56d046"},"method":"loglogin.login","IPSOURCE":"::1","DATE_ATOM":"2022-09-01T21:39:37+02:00"}
{"params":{"userid":"user1","password":"admin$2021","ticked":"74518576d22eaefed491a498fa1147d7","deviceid":"060559047150f979ec59801de36b9f4f"},"method":"loglogin.login","IPSOURCE":"::1","DATE_ATOM":"2022-09-01T23:12:13+02:00"}
{"params":{"userid":"user1","password":"admin$2021","ticked":"5c2458a66d628e458e30f0593106e6d9","deviceid":"5c99d378b44f6aa07050ccc9eef7e04e"},"method":"loglogin.login","IPSOURCE":"::1","DATE_ATOM":"2022-09-01T23:40:59+02:00"}
{"params":{"userid":"user1","password":"admin$2021","ticked":"2a5e72ada9ae0731edb8bd163661be09","deviceid":"bb8f8f52d6dccde2195838cc7c7cade6"},"method":"loglogin.login","IPSOURCE":"::1","DATE_ATOM":"2022-09-02T00:46:33+02:00"}
{"params":{"userid":"user1_preventa@optical.pe","password":"...","ticked":"6b70d32b9c20e14996f9cb0e35888dd9","deviceid":"28cf4e9694aed7f0296f0e849619b867"},"method":"loglogin.login","IPSOURCE":"::1","DATE_ATOM":"2022-09-02T00:48:50+02:00"}
{"params":{"userid":"user1","password":"admin$2021","ticked":"4eadc4be10c7ab413698f17665d5b5db","deviceid":"73a99ea830f70c1529d2a0e8d0c62496"},"method":"loglogin.login","IPSOURCE":"::1","DATE_ATOM":"2022-09-02T00:56:32+02:00"}
{"params":{"userid":"user1","password":"admin$2021","ticked":"f3d777a2667f619c3657ad4eb9c11f2e","deviceid":"0c477c58bbdd07d2b8c5c261536a1772"},"method":"loglogin.login","IPSOURCE":"::1","DATE_ATOM":"2022-09-02T00:58:48+02:00"}
{"params":{"userid":"user1","password":"admin$2021","ticked":"835b20dc64f2a4ab007dfdf46e1a4100","deviceid":"3a332a178dfe701f0fdc0d6fe5faeb5d"},"method":"loglogin.login","IPSOURCE":"::1","DATE_ATOM":"2022-09-02T01:00:08+02:00"}
{"params":{"userid":"user1","password":"admin$2021","ticked":"619abfd1aa11c11e83b70bb82e7802bc","deviceid":"dfec0cd48461ada3cf2bb27f35e55ac9"},"method":"loglogin.login","IPSOURCE":"::1","DATE_ATOM":"2022-09-02T01:00:46+02:00"}
{"params":{"userid":"user1","password":"admin$2021","ticked":"7111c9903d7ab58a84cf29006cae2fde","deviceid":"c9b242b16ae412b174897f9ae1d75b2e"},"method":"loglogin.login","IPSOURCE":"::1","DATE_ATOM":"2022-09-02T01:05:33+02:00"}
{"params":{"userid":"user1","password":"admin$2021","ticked":"4cb3fa0e681aa380cf014fcb25c3d4aa","deviceid":"b0767f42276c8420782f770f6245e125"},"method":"loglogin.login","IPSOURCE":"::1","DATE_ATOM":"2022-09-02T01:12:08+02:00"}
{"params":{"userid":"user1","password":"admin$2021","ticked":"673de9d8a6fbb147de729c2e4e5b17eb","deviceid":"cfda264c1041c926adc5c8d1e4558096"},"method":"loglogin.login","IPSOURCE":"::1","DATE_ATOM":"2022-09-02T01:13:19+02:00"}
{"params":{"userid":"user1","password":"admin$2021","ticked":"8c8a22902edd43c43e6e9babdb76ad82","deviceid":"a239b257033221d107e890a045775c0b"},"method":"loglogin.login","IPSOURCE":"::1","DATE_ATOM":"2022-09-02T01:14:13+02:00"}
{"params":{"userid":"user1","password":"admin$2021","ticked":"1ed410748cd1ade89251a7bb2cafaf03","deviceid":"b0bdd52bc41139b90c22af8ee3e5fe45"},"method":"loglogin.login","IPSOURCE":"::1","DATE_ATOM":"2022-09-02T01:20:16+02:00"}
{"params":{"userid":"user1","password":"admin$2021","ticked":"7f906e6fc54c6da75427c63aa4d3a800","deviceid":"305d95a6dfbf408ca6542fa317e63aa9"},"method":"loglogin.login","IPSOURCE":"::1","DATE_ATOM":"2022-09-02T01:21:28+02:00"}
{"params":{"userid":"user1","password":"admin$2021","ticked":"1fe888d6e3b6c650c9cb85213ccfcfa8","deviceid":"4f1f6a9b26d8f5d3095be372f86bbd1e"},"method":"loglogin.login","IPSOURCE":"::1","DATE_ATOM":"2022-09-02T01:25:01+02:00"}
{"params":{"userid":"user1","password":"admin$2021","ticked":"f2ff526c4d95470241a3b5ce577b2431","deviceid":"61ab076a421a644bd46fa0e68cc02c88"},"method":"loglogin.login","IPSOURCE":"::1","DATE_ATOM":"2022-09-02T01:27:11+02:00"}
{"params":{"userid":"user1","password":"admin$2021","ticked":"ad2cd9eb0000f18c97132d72326dce0e","deviceid":"ff5538fc881f4f954b31728a79d7612b"},"method":"loglogin.login","IPSOURCE":"::1","DATE_ATOM":"2022-09-02T01:42:55+02:00"}
{"params":{"userid":"user1","password":"admin$2021","ticked":"a3c3fcfc8cb28a4db4583150eb4a8e67","deviceid":"831ad0874aa501c12a94b7952653af73"},"method":"loglogin.login","IPSOURCE":"::1","DATE_ATOM":"2022-09-02T01:44:25+02:00"}
{"params":{"userid":"user1","password":"admin$2021","ticked":"c56d0afa8831ed77f78a893aacf410f9","deviceid":"c37a7df9e50937aedaeefdc51680ce5f"},"method":"loglogin.login","IPSOURCE":"::1","DATE_ATOM":"2022-09-02T01:52:21+02:00"}
{"params":{"userid":"user1","password":"admin$2021","ticked":"a285891927b07997ae6eac6db0ee5d26","deviceid":"615410602ae540890eca8278c273bdb2"},"method":"loglogin.login","IPSOURCE":"::1","DATE_ATOM":"2022-09-02T16:09:25+02:00"}
{"params":{"userid":"user1","password":"admin$2021","ticked":"8753a7dd4a55e53e2a13fc01fd3ee4d2","deviceid":"064006fa38a124e55e1c4be302bfdd5f"},"method":"loglogin.login","IPSOURCE":"::1","DATE_ATOM":"2022-09-02T16:11:49+02:00"}
{"params":{"userid":"user1_preventa@optical.pe","password":"...","ticked":"7f1ed10281583cdf6829abe7eec212b4","deviceid":"c78452b4ddaaa25b623c3c45a9f3b089"},"method":"loglogin.login","IPSOURCE":"::1","DATE_ATOM":"2022-09-02T16:43:38+02:00"}
{"params":{"userid":"user1","password":"admin$2021","ticked":"a3c14f862e7de0f2db6863ae296b1437","deviceid":"74d830fd465527561b7e21563084b9e1"},"method":"loglogin.login","IPSOURCE":"::1","DATE_ATOM":"2022-09-02T18:48:25+02:00"}
{"params":{"userid":"user1","password":"admin$2021","ticked":"50930706fe9061f5215dd1e3ea082108","deviceid":"99409d7eae13bea113da7ff44a94fb3a"},"method":"loglogin.login","IPSOURCE":"::1","DATE_ATOM":"2022-09-02T18:58:03+02:00"}
{"params":{"userid":"user1","password":"admin$2021","ticked":"4a69c8a10fae46e999fb4c72af81baa7","deviceid":"84ac85e78d98f358471ee3063b0b1710"},"method":"loglogin.login","IPSOURCE":"::1","DATE_ATOM":"2022-09-02T19:00:38+02:00"}
{"params":{"userid":"user1","password":"admin$2021","ticked":"b5b94ec2f3a9f5b496337a0c4dc85218","deviceid":"109b668602492c39b20a05a974861e04"},"method":"loglogin.login","IPSOURCE":"::1","DATE_ATOM":"2022-09-02T19:03:42+02:00"}
{"params":{"userid":"user1","password":"admin$2021","ticked":"d011cf0fd02b08f0967b071500b5133d","deviceid":"7ae26d8e6f39e908f5d6a32653bc5dfc"},"method":"loglogin.login","IPSOURCE":"::1","DATE_ATOM":"2022-09-02T19:16:27+02:00"}
{"params":{"userid":"user1","password":"admin$2021","ticked":"ff148819c2c736f7beed73a7c9ce77a1","deviceid":"0db5d36b2b7b194b28885500a57bcb91"},"method":"loglogin.login","IPSOURCE":"::1","DATE_ATOM":"2022-09-02T19:18:08+02:00"}
{"params":{"userid":"user1","password":"admin$2021","ticked":"1fdf8217b47870d10ac8eef310d51e8e","deviceid":"c169a47f3686a7021b308d2d1c15cf20"},"method":"loglogin.login","IPSOURCE":"::1","DATE_ATOM":"2022-09-02T19:19:20+02:00"}
{"params":{"userid":"user1","password":"admin$2021","ticked":"70abf18f7b6030e621a055a0552e5667","deviceid":"984af1a2746bdbd459f91e289232aa60"},"method":"loglogin.login","IPSOURCE":"::1","DATE_ATOM":"2022-09-02T19:20:30+02:00"}
{"params":{"userid":"user1","password":"admin$2021","ticked":"9eaebd70b241caeac04ba52813be7884","deviceid":"6e4132d4524d8a1723f4d9011593d97f"},"method":"loglogin.login","IPSOURCE":"::1","DATE_ATOM":"2022-09-02T19:22:18+02:00"}
{"params":{"userid":"user1","password":"admin$2021","ticked":"b7e8db203694af28d5e81131cbab07dd","deviceid":"49fae54fa66bb5b02352c747fa2ec6c2"},"method":"loglogin.login","IPSOURCE":"::1","DATE_ATOM":"2022-09-03T00:03:26+02:00"}
{"params":{"userid":"user1","password":"admin$2021","ticked":"12eca5e3c4d51615b19a6c740f802918","deviceid":"ba44fcacb7a5cb707e1a3739efde0344"},"method":"loglogin.login","IPSOURCE":"::1","DATE_ATOM":"2022-09-03T00:31:01+02:00"}
{"params":{"userid":"user1","password":"admin$2021","ticked":"1c138544b258e68970f3bf3801e9342e","deviceid":"b1b4daa7203e9f6d07acf2353669a99a"},"method":"loglogin.login","IPSOURCE":"::1","DATE_ATOM":"2022-09-03T00:32:12+02:00"}
{"params":{"userid":"user1","password":"admin$2021","ticked":"3172df5b441caf831d51565f1e64a433","deviceid":"19b58a47483ef182db65ed711bb9126d"},"method":"loglogin.login","IPSOURCE":"::1","DATE_ATOM":"2022-09-03T00:35:06+02:00"}
{"params":{"userid":"user1","password":"admin$2021","ticked":"073151267f4c8d0377730cf857125856","deviceid":"9136a89e56cfdc180bf6b92064a9f73d"},"method":"loglogin.login","IPSOURCE":"::1","DATE_ATOM":"2022-09-03T00:39:10+02:00"}
{"params":{"userid":"user1","password":"admin$2021","ticked":"f50712673d9a19038e982a80d8db08d7","deviceid":"c408c5737a2549bf69c15457e7a5fe96"},"method":"loglogin.login","IPSOURCE":"::1","DATE_ATOM":"2022-09-03T00:40:18+02:00"}
{"params":{"userid":"user1","password":"admin$2021","ticked":"50e64c8ee32e2dffad8b3dde06b421da","deviceid":"972e476cb12755a22ea6c362d1b87e83"},"method":"loglogin.login","IPSOURCE":"::1","DATE_ATOM":"2022-09-03T00:46:55+02:00"}
{"params":{"userid":"user1","password":"admin$2021","ticked":"b369cd592e904c1133aa5fd85d02a770","deviceid":"75a7dbcda870f21d6f446db59d67407a"},"method":"loglogin.login","IPSOURCE":"::1","DATE_ATOM":"2022-09-03T01:03:49+02:00"}
{"params":{"userid":"user1","password":"admin$2021","ticked":"df2b890cfe7039b5f79eb562bf9cd821","deviceid":"c643a0510ebda2cde3ce7def85fdeab2"},"method":"loglogin.login","IPSOURCE":"::1","DATE_ATOM":"2022-09-03T01:08:28+02:00"}
{"params":{"userid":"user1","password":"admin$2021","ticked":"5a7416e82677d44969e050f01abd0604","deviceid":"d4b83184bbf265ad623cf235b7976969"},"method":"loglogin.login","IPSOURCE":"::1","DATE_ATOM":"2022-09-03T01:31:26+02:00"}
{"params":{"userid":"user1","password":"admin$2021","ticked":"12bc1718d330d56363cf0dec47cc5549","deviceid":"787ee3e8c175be03494aac909d10d7bc"},"method":"loglogin.login","IPSOURCE":"::1","DATE_ATOM":"2022-09-03T01:37:34+02:00"}
{"params":{"userid":"user1","password":"admin$2021","ticked":"3b9e7a70666a7140623bde51379c1dee","deviceid":"787ee3e8c175be03494aac909d10d7bc"},"method":"loglogin.login","IPSOURCE":"::1","DATE_ATOM":"2022-09-03T01:37:37+02:00"}
{"params":{"userid":"user1","password":"admin$2021","ticked":"6012959e1667e49ccbdeeb5add63f22c","deviceid":"f02711e8123b1c691deb88c1b260ba82"},"method":"loglogin.login","IPSOURCE":"::1","DATE_ATOM":"2022-09-03T01:37:52+02:00"}
{"params":{"userid":"user1","password":"admin$2021","ticked":"7e8f7b0dbde68e15d20f3f1201cb3058","deviceid":"b13bb3865e10b2c2e725c28b074ca192"},"method":"loglogin.login","IPSOURCE":"::1","DATE_ATOM":"2022-09-03T01:43:06+02:00"}
{"params":{"userid":"user1","password":"admin$2021","ticked":"b96e783dbf726ae22e32b8e7c6320dcc","deviceid":"46445c2d52b5d68a7be7e9f030d51626"},"method":"loglogin.login","IPSOURCE":"::1","DATE_ATOM":"2022-09-03T01:47:23+02:00"}
{"params":{"userid":"user1","password":"admin$2021","ticked":"0d4e2fde2315a8c775e61d4e306fd6f5","deviceid":"5ace27270986dd639527ad242a9beee8"},"method":"loglogin.login","IPSOURCE":"::1","DATE_ATOM":"2022-09-03T01:51:51+02:00"}
{"params":{"userid":"user1","password":"admin$2021","ticked":"b505a6d00d99d5ef911dedc4c7136810","deviceid":"b165b843bed0fd634e8585e1bd0152ff"},"method":"loglogin.login","IPSOURCE":"::1","DATE_ATOM":"2022-09-03T01:54:36+02:00"}
{"params":{"userid":"user1","password":"admin$2021","ticked":"3802acd3a287b5c1ca6446573e5ff05e","deviceid":"62446b6f1c1c634f4d93d825c4ab1abe"},"method":"loglogin.login","IPSOURCE":"::1","DATE_ATOM":"2022-09-03T02:01:47+02:00"}
{"params":{"userid":"user1","password":"admin$2021","ticked":"f6d0f47f671bcb9c5e8cd7918a6f2638","deviceid":"b075fb2d97e96112e035dcfd05220498"},"method":"loglogin.login","IPSOURCE":"::1","DATE_ATOM":"2022-09-03T02:02:26+02:00"}
{"params":{"userid":"user1","password":"admin$2021","ticked":"b01ca78135b5e8e4bdb7621b0226d84b","deviceid":"8bef80ebcc5c658c951c02417c2a0c93"},"method":"loglogin.login","IPSOURCE":"::1","DATE_ATOM":"2022-09-03T02:12:06+02:00"}
{"params":{"userid":"user1","password":"admin$2021","ticked":"446e4a117525e3629eeb74b8958f4e29","deviceid":"6d0ece2de1d5309cdb16b51d002ccee9"},"method":"loglogin.login","IPSOURCE":"::1","DATE_ATOM":"2022-09-03T02:14:58+02:00"}
{"params":{"userid":"user1","password":"admin$2021","ticked":"dd32292da14565fd68aef86dbcbe64df","deviceid":"c1a95c4bde0db4fc9dacc257d30e9e8b"},"method":"loglogin.login","IPSOURCE":"::1","DATE_ATOM":"2022-09-03T02:23:02+02:00"}
{"params":{"userid":"user1","password":"admin$2021","ticked":"f97deca3d88460ec7509424ac907d29c","deviceid":"855f0dde2084ffa0542794df8421d5a8"},"method":"loglogin.login","IPSOURCE":"::1","DATE_ATOM":"2022-09-03T02:24:41+02:00"}
{"params":{"userid":"user1","password":"admin$2021","ticked":"81af0d4025b02171863adce06db116a0","deviceid":"49c5ad563218d86225f6323d918f5e55"},"method":"loglogin.login","IPSOURCE":"::1","DATE_ATOM":"2022-09-03T02:26:01+02:00"}
{"params":{"userid":"user1","password":"admin$2021","ticked":"278fabe15c7cdca82a60ebd69882baff","deviceid":"05da6aca47f7288b3022b3dc6e520e53"},"method":"loglogin.login","IPSOURCE":"::1","DATE_ATOM":"2022-09-03T02:28:12+02:00"}
{"params":{"userid":"user1","password":"admin$2021","ticked":"ee0a122da5216301afc167a50b791732","deviceid":"e30db885667477e39430b9784821c623"},"method":"loglogin.login","IPSOURCE":"::1","DATE_ATOM":"2022-09-03T02:29:41+02:00"}
{"params":{"userid":"user1","password":"admin$2021","ticked":"8b875faf15c53fb9bd1cf1837ecbf3ad","deviceid":"c5cfb3935c03056304c3f71efd3e1118"},"method":"loglogin.login","IPSOURCE":"::1","DATE_ATOM":"2022-09-03T02:32:57+02:00"}
{"params":{"userid":"user1","password":"admin$2021","ticked":"155aec51869227dd2fc924c96d030a3b","deviceid":"4f6fe949012e60b85f73032428167889"},"method":"loglogin.login","IPSOURCE":"::1","DATE_ATOM":"2022-09-05T16:15:50+02:00"}
{"params":{"userid":"user1","password":"admin$2021","ticked":"e444837131199e4f0071d8ad34fae10d","deviceid":"6582a6392d380a68db19ec1981cead80"},"method":"loglogin.login","IPSOURCE":"::1","DATE_ATOM":"2022-09-05T16:35:29+02:00"}
{"params":{"userid":"user1","password":"admin$2021","ticked":"14fc3688f9e3ad7a16abe37066246c14","deviceid":"580f0abaabd26343b3cf60748e117c8b"},"method":"loglogin.login","IPSOURCE":"::1","DATE_ATOM":"2022-09-05T16:40:07+02:00"}
{"params":{"userid":"user1","password":"admin$2021","ticked":"35e659b9ad330536f7908db347680b8f","deviceid":"6d9afab19e974c5e66cf0b961200569f"},"method":"loglogin.login","IPSOURCE":"::1","DATE_ATOM":"2022-09-05T16:45:01+02:00"}
{"params":{"userid":"user1","password":"admin$2021","ticked":"b00c6b26124c81b845ca0a8fb6c1764d","deviceid":"55dab1480bd2c2284116ddb6f6cbf0ea"},"method":"loglogin.login","IPSOURCE":"::1","DATE_ATOM":"2022-09-05T16:45:39+02:00"}
{"params":{"userid":"user1","password":"admin$2021","ticked":"aaac8cddb3c02bd971d6b98184dfc0f9","deviceid":"c161a0c156c99361d91df65e5f03e493"},"method":"loglogin.login","IPSOURCE":"::1","DATE_ATOM":"2022-09-05T16:58:35+02:00"}
{"params":{"userid":"user1_preventa@optical.pe","password":"...","ticked":"15895ed169c09b5798c8db57203e2a17","deviceid":"e8c81fd8ed1e47a4688e70e48aa060a4"},"method":"loglogin.login","IPSOURCE":"::1","DATE_ATOM":"2022-09-05T19:42:10+02:00"}
{"params":{"userid":"user1","password":"admin$2021","ticked":"d0bbc85f59a3f6c93143c367e4f3cb09","deviceid":"a932acf50d78dcf9ccdceefaadc9f18d"},"method":"loglogin.login","IPSOURCE":"::1","DATE_ATOM":"2022-09-05T21:10:19+02:00"}
{"params":{"userid":"user1","password":"admin$2021","ticked":"f4f87a2af600187b465a41f4c1427b5d","deviceid":"2be013f999ae998ffe8f09ff20bde56e"},"method":"loglogin.login","IPSOURCE":"::1","DATE_ATOM":"2022-09-05T21:11:19+02:00"}
{"params":{"userid":"user1","password":"admin$2021","ticked":"5082f0e785d3caaea5dff12d574c899e","deviceid":"171acdf08f43351f02b4711120a3a1b0"},"method":"loglogin.login","IPSOURCE":"::1","DATE_ATOM":"2022-09-05T23:14:11+02:00"}
{"params":{"userid":"user1","password":"admin$2021","ticked":"3a6ddd405ff9b2c198becd0e9326dd0e","deviceid":"c0110a905c31097a31965c3e4364b367"},"method":"loglogin.login","IPSOURCE":"::1","DATE_ATOM":"2022-09-06T00:28:49+02:00"}
{"params":{"userid":"user1","password":"admin$2021","ticked":"af663c0b205b2725e9c44e8b8cc3a69f","deviceid":"42586eb2f1b8c872b6ff5c2d36b82f0b"},"method":"loglogin.login","IPSOURCE":"::1","DATE_ATOM":"2022-09-06T00:36:11+02:00"}
{"params":{"userid":"user1","password":"admin$2021","ticked":"2ebc5ce9b6d15601ebcdd86867d76960","deviceid":"964e2f4835e282f45802ca8d3c6597a7"},"method":"loglogin.login","IPSOURCE":"::1","DATE_ATOM":"2022-09-06T00:39:41+02:00"}
{"params":{"userid":"user1","password":"admin$2021","ticked":"a07a4ec974697ac854964accfa971f7b","deviceid":"1cca0ab0cb01f30759c74ef7c9b1f7fd"},"method":"loglogin.login","IPSOURCE":"::1","DATE_ATOM":"2022-09-06T00:46:56+02:00"}
{"params":{"userid":"user1","password":"admin$2021","ticked":"d686be00982e6a281716c73c02e7c317","deviceid":"0322076c450a08be79a8305de51bc749"},"method":"loglogin.login","IPSOURCE":"::1","DATE_ATOM":"2022-09-06T01:00:53+02:00"}
{"params":{"userid":"user1","password":"admin$2021","ticked":"e324695ddba4f278eadd1adc9217db2d","deviceid":"07da7d699a24ccce4b55d9f6e29462c7"},"method":"loglogin.login","IPSOURCE":"::1","DATE_ATOM":"2022-09-06T01:03:17+02:00"}
{"params":{"userid":"user1","password":"admin$2021","ticked":"bc9c5b390d20b8060ac55e503144079a","deviceid":"5622bec669dffa5b3918773106a77b67"},"method":"loglogin.login","IPSOURCE":"::1","DATE_ATOM":"2022-09-06T01:15:22+02:00"}
{"params":{"userid":"user1","password":"admin$2021","ticked":"552815125b35d7a3902325b3bc58a0a9","deviceid":"f320c6f6f31e4a04da10f18ee3971510"},"method":"loglogin.login","IPSOURCE":"::1","DATE_ATOM":"2022-09-06T01:17:33+02:00"}
{"params":{"userid":"user1","password":"admin$2021","ticked":"051b8304eac49a395b54903a5636705f","deviceid":"c3ceb0689a87ac8577da49d91f3f562b"},"method":"loglogin.login","IPSOURCE":"::1","DATE_ATOM":"2022-09-06T01:20:51+02:00"}
{"params":{"userid":"user1","password":"admin$2021","ticked":"116694bdf3d5d129f373e9ba43a62ea1","deviceid":"efacfe42cf21ac98130d04b4c46393a7"},"method":"loglogin.login","IPSOURCE":"::1","DATE_ATOM":"2022-09-06T01:26:49+02:00"}
{"params":{"userid":"user1","password":"admin$2021","ticked":"44fc3a11ba2d5bf07f843e08fa14eaa8","deviceid":"592b4d313e0729239dde73cc921f793e"},"method":"loglogin.login","IPSOURCE":"::1","DATE_ATOM":"2022-09-06T02:00:12+02:00"}
{"params":{"userid":"user1","password":"admin$2021","ticked":"84e75326ca2c167e9ea8398cfa7ec1f1","deviceid":"7b125f15621566ed2939de460711d9ba"},"method":"loglogin.login","IPSOURCE":"::1","DATE_ATOM":"2022-09-06T02:06:21+02:00"}
{"params":{"userid":"user1","password":"admin$2021","ticked":"0e0ce183c0b6dde15af7ebb41f8c03de","deviceid":"30782ea8eb93737cfb78e45a1fd5abf3"},"method":"loglogin.login","IPSOURCE":"::1","DATE_ATOM":"2022-09-06T02:08:10+02:00"}
{"params":{"userid":"user1","password":"admin$2021","ticked":"aea845cc94b5bc3026231beeed022071","deviceid":"af4c35710226727ffcbbb003aa53a7d3"},"method":"loglogin.login","IPSOURCE":"::1","DATE_ATOM":"2022-09-06T15:39:24+02:00"}
{"params":{"userid":"user1","password":"admin$2021","ticked":"536bd279b0499af7c45b3ea3e0ddb17e","deviceid":"ef379f89d81d77f1a93114cb3fc52c0e"},"method":"loglogin.login","IPSOURCE":"::1","DATE_ATOM":"2022-09-06T16:43:14+02:00"}
{"params":{"userid":"user1","password":"admin$2021","ticked":"ace5c73b27c84c10c2c40575daf4c1b7","deviceid":"b13526b39ce432705b4b39700ee4b4cf"},"method":"loglogin.login","IPSOURCE":"::1","DATE_ATOM":"2022-09-06T16:51:21+02:00"}
{"params":{"userid":"user1","password":"admin$2021","ticked":"96b4911d935558d23f1249d2964583e7","deviceid":"f5b9e37221696fc3fd10c5efb4a2c168"},"method":"loglogin.login","IPSOURCE":"::1","DATE_ATOM":"2022-09-06T17:39:49+02:00"}
{"params":{"userid":"user1","password":"admin$2021","ticked":"06afc6e728b959273bd815b33e028bac","deviceid":"ea48e5674a62e4652c5df16cce347566"},"method":"loglogin.login","IPSOURCE":"::1","DATE_ATOM":"2022-09-06T17:49:57+02:00"}
{"params":{"userid":"user1","password":"admin$2021","ticked":"b3e2651bf983872adbf3d603c4501a76","deviceid":"422ac914cb3a314d85bb1f8ca9452237"},"method":"loglogin.login","IPSOURCE":"::1","DATE_ATOM":"2022-09-06T18:27:43+02:00"}
{"params":{"userid":"user1","password":"admin$2021","ticked":"5476f4136358db8932134c4249a60db7","deviceid":"6fccd432cf8394eb91524733d321bf14"},"method":"loglogin.login","IPSOURCE":"::1","DATE_ATOM":"2022-09-06T18:28:56+02:00"}
{"params":{"userid":"user1","password":"admin$2021","ticked":"dbb05975bd3f155723b15c1f3e5be8d8","deviceid":"6b649011e94c0caec96dfa8eb4712357"},"method":"loglogin.login","IPSOURCE":"::1","DATE_ATOM":"2022-09-06T18:31:16+02:00"}
{"params":{"userid":"user1","password":"admin$2021","ticked":"a29979ac9f54412affffa8a633cd2c16","deviceid":"c4cb5a1008fdf27161bbb8433e3115a8"},"method":"loglogin.login","IPSOURCE":"::1","DATE_ATOM":"2022-09-06T18:38:54+02:00"}
{"params":{"userid":"user1","password":"admin$2021","ticked":"bf79d9ffd46661b0a7f6d7c2d53ae889","deviceid":"29765d33883b08a1a09125fd5a906d5f"},"method":"loglogin.login","IPSOURCE":"::1","DATE_ATOM":"2022-09-06T18:53:19+02:00"}
{"params":{"userid":"user1","password":"admin$2021","ticked":"8f9c670d4a973bb0c6178ebbbc5814c0","deviceid":"2e9a23358e280a657e05a0973be9eb75"},"method":"loglogin.login","IPSOURCE":"::1","DATE_ATOM":"2022-09-06T19:45:34+02:00"}
{"params":{"userid":"user1","password":"admin$2021","ticked":"60cf380d45700ed9829f4b5b9f9b17f8","deviceid":"233a415b24f632fde6e27915ee59f326"},"method":"loglogin.login","IPSOURCE":"::1","DATE_ATOM":"2022-09-06T19:45:39+02:00"}
{"params":{"userid":"user1","password":"admin$2021","ticked":"5c075cb382cfddf73845e166cf60bde7","deviceid":"c1564fa80bc5e15592b09ac442569d9e"},"method":"loglogin.login","IPSOURCE":"::1","DATE_ATOM":"2022-09-06T21:17:54+02:00"}
{"params":{"userid":"user1","password":"admin$2021","ticked":"8fd040edb042ac493a7f149aef0e0091","deviceid":"6f686df380c83c980bc8ee33663c22e1"},"method":"loglogin.login","IPSOURCE":"::1","DATE_ATOM":"2022-09-06T21:31:36+02:00"}
{"params":{"userid":"user1_preventa@optical.pe","password":"...","ticked":"08dabe5642b58d08993cd0b0abad55e4","deviceid":"b6677ba0c70a9df0c23b5e3dd507da60"},"method":"loglogin.login","IPSOURCE":"::1","DATE_ATOM":"2022-09-06T21:31:55+02:00"}
{"params":{"userid":"user1","password":"admin$2021","ticked":"a4e76625f93dc3c9fc2b897e5f498412","deviceid":"c042d77b8a1d0f220109510a1701aff8"},"method":"loglogin.login","IPSOURCE":"::1","DATE_ATOM":"2022-09-06T21:50:20+02:00"}
{"params":{"userid":"user1","password":"admin$2021","ticked":"6138ba384eddeb3e8d0dd444f858fa2d","deviceid":"78b6aa99beb778ef127aaecfd20a6fea"},"method":"loglogin.login","IPSOURCE":"::1","DATE_ATOM":"2022-09-06T23:37:12+02:00"}
{"params":{"userid":"user1","password":"admin$2021","ticked":"9730e0795f2e0ff49b9058c6eab110c3","deviceid":"f1e8f6634223b5d6f9684c2683a02019"},"method":"loglogin.login","IPSOURCE":"::1","DATE_ATOM":"2022-09-06T23:38:24+02:00"}
{"params":{"userid":"user1","password":"admin$2021","ticked":"ec46c10b8cd560e5f874f8f3eca08377","deviceid":"8f78d00ae4bbc33d9f79c4656dd576b5"},"method":"loglogin.login","IPSOURCE":"::1","DATE_ATOM":"2022-09-06T23:41:54+02:00"}
{"params":{"userid":"user1","password":"admin$2021","ticked":"a735ef797905a03c5fad9dad1bcca34f","deviceid":"a145dec48a30985a4572942454803cbb"},"method":"loglogin.login","IPSOURCE":"::1","DATE_ATOM":"2022-09-06T23:46:00+02:00"}
{"params":{"userid":"user1","password":"admin$2021","ticked":"4108d3aa5e916da7fb776b3b2f0b47c1","deviceid":"21c9f3d6f27ed6aef3e5e01758b0d1c6"},"method":"loglogin.login","IPSOURCE":"::1","DATE_ATOM":"2022-09-06T23:51:17+02:00"}
{"params":{"userid":"user1","password":"admin$2021","ticked":"0613f7177c2a5c866260502a4184605e","deviceid":"469ee9a05c5fdf8d7ac0d21910200036"},"method":"loglogin.login","IPSOURCE":"::1","DATE_ATOM":"2022-09-06T23:57:52+02:00"}
{"params":{"userid":"user1","password":"admin$2021","ticked":"ce81d40897d20b034a0453b81395eff3","deviceid":"917ca47aaab98ae0f53105f4f3870457"},"method":"loglogin.login","IPSOURCE":"::1","DATE_ATOM":"2022-09-07T00:11:51+02:00"}
{"params":{"userid":"user1","password":"admin$2021","ticked":"d318a55e300d890be0f9adefc5fba6e1","deviceid":"a39e71fcdfd3fe16febbfa4f38dc855b"},"method":"loglogin.login","IPSOURCE":"::1","DATE_ATOM":"2022-09-07T00:14:22+02:00"}
{"params":{"userid":"user1","password":"admin$2021","ticked":"7172f59fc561b5cec25bc6d5a18ff2bf","deviceid":"ed52505b745a046cdb7cd05c83f7464b"},"method":"loglogin.login","IPSOURCE":"::1","DATE_ATOM":"2022-09-07T00:16:55+02:00"}
{"params":{"userid":"user1","password":"admin$2021","ticked":"50fa57485f5ba5b453a6c48cc63cdbc3","deviceid":"c52cb88bfea70b18ac9d7db20f33f8ea"},"method":"loglogin.login","IPSOURCE":"::1","DATE_ATOM":"2022-09-07T00:31:26+02:00"}
{"params":{"userid":"user1","password":"admin$2021","ticked":"ebef83a5d956b7981aea9a9660b4aaf6","deviceid":"3dca9fe46ba34a7a78b4db9dbd759d60"},"method":"loglogin.login","IPSOURCE":"::1","DATE_ATOM":"2022-09-07T00:34:02+02:00"}
{"params":{"userid":"user1","password":"admin$2021","ticked":"53212ad2b84f0101fbfd0013f5194184","deviceid":"d262d51bb31babaa2e6b969d18b0387f"},"method":"loglogin.login","IPSOURCE":"::1","DATE_ATOM":"2022-09-07T00:55:29+02:00"}
{"params":{"userid":"user1","password":"admin$2021","ticked":"35e0b93945b502195cc54e06a02458fd","deviceid":"ad8268f9d8831ce4503fd48d5860eb80"},"method":"loglogin.login","IPSOURCE":"::1","DATE_ATOM":"2022-09-07T00:59:54+02:00"}
{"params":{"userid":"user1","password":"admin$2021","ticked":"6743c7bc2704f0343a73890fb144ac95","deviceid":"3b4c1b09a7cbc6e6b97a4e1629d3c901"},"method":"loglogin.login","IPSOURCE":"::1","DATE_ATOM":"2022-09-07T01:13:28+02:00"}
{"params":{"userid":"user1","password":"admin$2021","ticked":"1b595fa079c81743eddc2546d924e8b2","deviceid":"3b4c1b09a7cbc6e6b97a4e1629d3c901"},"method":"loglogin.login","IPSOURCE":"::1","DATE_ATOM":"2022-09-07T01:13:29+02:00"}
{"params":{"userid":"user1","password":"admin$2021","ticked":"d6f52237b640bca4e9f5c2d6fc4d50c2","deviceid":"8e06ab7c012eec509d75d3f02f34092c"},"method":"loglogin.login","IPSOURCE":"::1","DATE_ATOM":"2022-09-07T01:30:47+02:00"}
{"params":{"userid":"user1","password":"admin$2021","ticked":"e8093da35534598efb94922a33220cfd","deviceid":"065b7374f57adf4575607503b43bfa46"},"method":"loglogin.login","IPSOURCE":"::1","DATE_ATOM":"2022-09-07T01:41:17+02:00"}
{"params":{"userid":"user1","password":"admin$2021","ticked":"045081590b036cf7cdba4219d2391b08","deviceid":"03a1f00dd00f951536ffba098223dd66"},"method":"loglogin.login","IPSOURCE":"::1","DATE_ATOM":"2022-09-07T01:46:04+02:00"}
{"params":{"userid":"user1","password":"admin$2021","ticked":"6dc70b22b4d9fbfbf4652f315c8979b7","deviceid":"9e2ee2bdc28d137716625fae53c32f38"},"method":"loglogin.login","IPSOURCE":"::1","DATE_ATOM":"2022-09-07T01:50:36+02:00"}
{"params":{"userid":"user1","password":"admin$2021","ticked":"98f66fcddff72e72e48a0cd67af7e66c","deviceid":"5d75e65c032843d0951785dc0e71073f"},"method":"loglogin.login","IPSOURCE":"::1","DATE_ATOM":"2022-09-07T01:51:30+02:00"}
{"params":{"userid":"user1","password":"admin$2021","ticked":"6e5e5f80540a30ef28f74f866398a131","deviceid":"a13fa3d0682b80d0dca925fcd468700b"},"method":"loglogin.login","IPSOURCE":"::1","DATE_ATOM":"2022-09-07T15:40:07+02:00"}
{"params":{"userid":"user1","password":"admin$2021","ticked":"fbe7ca50b7c090d34da474ad5298de22","deviceid":"9b6e6a85afe62dadc873fdee78c04699"},"method":"loglogin.login","IPSOURCE":"::1","DATE_ATOM":"2022-09-07T16:37:32+02:00"}
{"params":{"userid":"user1_preventa@optical.pe","password":"...","ticked":"ad11a14004ec79ed88ace37c4ea01ff7","deviceid":"34e76f325a1879dcb5340949c1864fa2"},"method":"loglogin.login","IPSOURCE":"::1","DATE_ATOM":"2022-09-07T16:37:44+02:00"}
{"params":{"userid":"user1","password":"admin$2021","ticked":"bfc0e9f996d0379d9f5354ef420e0b8f","deviceid":"31055a7607964a7daa80deb87cae96f3"},"method":"loglogin.login","IPSOURCE":"::1","DATE_ATOM":"2022-09-07T18:32:40+02:00"}
{"params":{"userid":"user1","password":"admin$2021","ticked":"372818737aa6ae9653b2a8d88c3c6a6c","deviceid":"e6f304623946768626244102b327b6d0"},"method":"loglogin.login","IPSOURCE":"::1","DATE_ATOM":"2022-09-07T18:35:21+02:00"}
{"params":{"userid":"user1","password":"admin$2021","ticked":"4bb778871ec4e492381b6e71c8d8862c","deviceid":"d83544fb1abbcbf61c9aff45a131a044"},"method":"loglogin.login","IPSOURCE":"::1","DATE_ATOM":"2022-09-07T18:40:10+02:00"}
{"params":{"userid":"user1","password":"admin$2021","ticked":"5ffa8755664dc04db7b716d78e38520f","deviceid":"ff8d44532098fc8032b48e9de973f643"},"method":"loglogin.login","IPSOURCE":"::1","DATE_ATOM":"2022-09-07T18:56:04+02:00"}
{"params":{"userid":"user1","password":"admin$2021","ticked":"575b11885aa2001791503924f33a61ab","deviceid":"64cd8e60ffde25d5ccd5b8411eec0240"},"method":"loglogin.login","IPSOURCE":"::1","DATE_ATOM":"2022-09-07T19:02:03+02:00"}
{"params":{"userid":"user1","password":"admin$2021","ticked":"1aacf357ef0842299db5abb0f6446868","deviceid":"0ae8a01d70553ace088f6731561ecec5"},"method":"loglogin.login","IPSOURCE":"::1","DATE_ATOM":"2022-09-07T19:02:12+02:00"}
{"params":{"userid":"user1","password":"admin$2021","ticked":"8ec4a97e3f7c275d357132367e7b945d","deviceid":"fa56a513aa2d71a5d8cd87784d67dadc"},"method":"loglogin.login","IPSOURCE":"::1","DATE_ATOM":"2022-09-07T19:06:08+02:00"}
{"params":{"userid":"user1","password":"admin$2021","ticked":"26a98b687c2ae054a29c63d11adf8b67","deviceid":"1db7aee83e42ad15593e34c29d37ac16"},"method":"loglogin.login","IPSOURCE":"::1","DATE_ATOM":"2022-09-07T19:09:32+02:00"}
{"params":{"userid":"user1","password":"admin$2021","ticked":"c1d34ce88fe07329561831fc6c07de89","deviceid":"62ade3d8b29f29379f3e76970c1e673d"},"method":"loglogin.login","IPSOURCE":"::1","DATE_ATOM":"2022-09-07T19:34:17+02:00"}
{"params":{"userid":"jolivera@optical.pe","password":"...","ticked":"e1816ccc375a89296f87f046728c17a0","deviceid":"37ff0abf32c6f65386ba00480fc33745"},"method":"loglogin.login","IPSOURCE":"::1","DATE_ATOM":"2022-09-07T19:39:14+02:00"}
{"params":{"userid":"jolivera@optical.pe","password":"...","ticked":"8e24531ff77286a80c895461564603be","deviceid":"37ff0abf32c6f65386ba00480fc33745"},"method":"loglogin.login","IPSOURCE":"::1","DATE_ATOM":"2022-09-07T19:39:18+02:00"}
{"params":{"userid":"jolivera@optical.pe","password":"...","ticked":"ead91459eb6cdef22dbc00acaea7eacc","deviceid":"37ff0abf32c6f65386ba00480fc33745"},"method":"loglogin.login","IPSOURCE":"::1","DATE_ATOM":"2022-09-07T19:39:25+02:00"}
{"params":{"userid":"mquiroz@optical.pe","password":"...","ticked":"13d15d6ff0b930690278f5f8f0d5a416","deviceid":"37ff0abf32c6f65386ba00480fc33745"},"method":"loglogin.login","IPSOURCE":"::1","DATE_ATOM":"2022-09-07T19:42:32+02:00"}
{"params":{"userid":"user1","password":"admin$2021","ticked":"34b49464bcd12e4bff01ab9c82361501","deviceid":"cd024d9799b4d42c8ff219888c136f7a"},"method":"loglogin.login","IPSOURCE":"::1","DATE_ATOM":"2022-09-07T19:57:00+02:00"}
{"params":{"userid":"user1","password":"admin$2021","ticked":"64f332bcf973c1d588b9690052f001d6","deviceid":"60e1dcccd6664a0c23604dd4a085f1f2"},"method":"loglogin.login","IPSOURCE":"::1","DATE_ATOM":"2022-09-07T19:57:42+02:00"}
{"params":{"userid":"mquiroz@optical.pe","password":"...","ticked":"a614bed3222e926d024ac558aeaf26a0","deviceid":"6214ea39200fbd5a0d3a0cb7c498374f"},"method":"loglogin.login","IPSOURCE":"::1","DATE_ATOM":"2022-09-07T19:58:13+02:00"}
{"params":{"userid":"mquiroz@optical.pe","password":"...","ticked":"1f84b70c66cca6a1ed09f1a7166a1d38","deviceid":"5048df451756b92e1b8115f6b2fe3182"},"method":"loglogin.login","IPSOURCE":"::1","DATE_ATOM":"2022-09-07T19:59:41+02:00"}
{"params":{"userid":"user1","password":"admin$2021","ticked":"759ee87c06f29e078ded56e87bc3e2b3","deviceid":"d139f5859f235229f8f9e1ff7febc922"},"method":"loglogin.login","IPSOURCE":"::1","DATE_ATOM":"2022-09-07T21:45:23+02:00"}
{"params":{"userid":"user1","password":"admin$2021","ticked":"e932c58ecbf28bf8c3e1acbf2c3c88ec","deviceid":"e0510897dfef74bc3b480745cacc1372"},"method":"loglogin.login","IPSOURCE":"::1","DATE_ATOM":"2022-09-07T22:03:27+02:00"}
{"params":{"userid":"user1","password":"admin$2021","ticked":"80b25d0c8a1b29a7d07e5d02f7e487f2","deviceid":"3a83d961290367a9afa4eb4be0a5d4f4"},"method":"loglogin.login","IPSOURCE":"::1","DATE_ATOM":"2022-09-07T22:21:30+02:00"}
{"params":{"userid":"user1","password":"admin$2021","ticked":"851ac18f3b6b4764be7555942bda79ce","deviceid":"664581533ef9daa262097c284ef4de58"},"method":"loglogin.login","IPSOURCE":"::1","DATE_ATOM":"2022-09-07T22:22:49+02:00"}
{"params":{"userid":"user1","password":"admin$2021","ticked":"cf141da218427647ec0b049563453b68","deviceid":"65bf0b3518bb3fa0f0dd927e7b1e16a7"},"method":"loglogin.login","IPSOURCE":"::1","DATE_ATOM":"2022-09-07T22:30:21+02:00"}
{"params":{"userid":"dbernal@optical.pe","password":"...","ticked":"6e11df56abd0af5f3272863e0167197b","deviceid":"050a9fffec485bd231ac22bf1a4025a4"},"method":"loglogin.login","IPSOURCE":"::1","DATE_ATOM":"2022-09-07T23:50:45+02:00"}
{"params":{"userid":"user1","password":"admin$2021","ticked":"dbddb1554d56e0b3d8c2a16ae323eb0a","deviceid":"6e98dbb8c479983ffd0e05bf810c6890"},"method":"loglogin.login","IPSOURCE":"::1","DATE_ATOM":"2022-09-07T23:53:30+02:00"}
{"params":{"userid":"dbernal@optical.pe","password":"...","ticked":"47da6347a6f72e18153b5f89387f21d9","deviceid":"c072f392eee0ed6b5165d9485677d150"},"method":"loglogin.login","IPSOURCE":"::1","DATE_ATOM":"2022-09-07T23:53:54+02:00"}
{"params":{"userid":"dbernal@optical.pe","password":"...","ticked":"f4534e381fe9b97edc40323106d02903","deviceid":"f48db991fb2e73201a72d6c7c8bc1c19"},"method":"loglogin.login","IPSOURCE":"::1","DATE_ATOM":"2022-09-07T23:54:41+02:00"}
{"params":{"userid":"user1","password":"admin$2021","ticked":"dc804d4556285bc83109bc2c73405089","deviceid":"38d5639b91bd6cdbd772e2a67cacf550"},"method":"loglogin.login","IPSOURCE":"::1","DATE_ATOM":"2022-09-08T00:15:14+02:00"}
{"params":{"userid":"dbernal@optical.pe","password":"...","ticked":"3e4c76393b09f4188d84f277e39ba6b7","deviceid":"590b102f5ea690fb81df57b633e9994e"},"method":"loglogin.login","IPSOURCE":"::1","DATE_ATOM":"2022-09-08T00:15:29+02:00"}
{"params":{"userid":"dbernal@optical.pe","password":"...","ticked":"fa140c6611193ab932f5129d01f1837f","deviceid":"60f7a70bffed469fe248068e56347f72"},"method":"loglogin.login","IPSOURCE":"::1","DATE_ATOM":"2022-09-08T00:16:27+02:00"}
{"params":{"userid":"dbernal@optical.pe","password":"...","ticked":"2124adf265247454b1e0b5eedf3f3cd6","deviceid":"d104ef1b09b742f522109b8f04e7785a"},"method":"loglogin.login","IPSOURCE":"::1","DATE_ATOM":"2022-09-08T00:19:45+02:00"}
{"params":{"userid":"user1_preventa@optical.pe","password":"...","ticked":"16f2c8e253305c9b181ba0ddbf03d2a2","deviceid":"d4beccdd6c54d6671461ac84c2faf933"},"method":"loglogin.login","IPSOURCE":"::1","DATE_ATOM":"2022-09-08T00:52:11+02:00"}
{"params":{"userid":"user1","password":"admin$2021","ticked":"0d1c59beb9e2e179369a3a1336bd8933","deviceid":"2757dbd83c32966616a88799b99327c3"},"method":"loglogin.login","IPSOURCE":"::1","DATE_ATOM":"2022-09-08T01:21:36+02:00"}
{"params":{"userid":"user1","password":"admin$2021","ticked":"5ba3d5cb7b8bf5f74cbc5a52d4ba8f17","deviceid":"5cda4d67c0073258306f14947d51e5a4"},"method":"loglogin.login","IPSOURCE":"::1","DATE_ATOM":"2022-09-08T01:24:57+02:00"}
{"params":{"userid":"user1","password":"admin$2021","ticked":"cc14307881c28c5f842df534791f8dc5","deviceid":"e522a0f3459caf2daf9d2ab4b84826e5"},"method":"loglogin.login","IPSOURCE":"::1","DATE_ATOM":"2022-09-08T01:45:36+02:00"}
{"params":{"userid":"user1_preventa@optical.pe","password":"...","ticked":"f75694c95d882ded7cd292847f920264","deviceid":"3bc1af3c87d4de1e6f544c8abe99b04b"},"method":"loglogin.login","IPSOURCE":"::1","DATE_ATOM":"2022-09-08T01:45:44+02:00"}
{"params":{"userid":"user1_preventa@optical.pe","password":"...","ticked":"19d7bd7cd0e9575e4851df3815b079b3","deviceid":"6cfce79a4d02a423de71b3ffcaf24f84"},"method":"loglogin.login","IPSOURCE":"::1","DATE_ATOM":"2022-09-08T01:48:41+02:00"}
{"params":{"userid":"user1","password":"admin$2021","ticked":"7170b41846e22a9217a488a0ad9b9133","deviceid":"05ccbe1cc79ff02c62f30013ba7d2538"},"method":"loglogin.login","IPSOURCE":"::1","DATE_ATOM":"2022-09-08T01:51:38+02:00"}
{"params":{"userid":"user1_preventa@optical.pe","password":"...","ticked":"e1c12bfc8136ed8d77f5a50e209a9d09","deviceid":"d7a3835fa507e75bee345837aa036f35"},"method":"loglogin.login","IPSOURCE":"::1","DATE_ATOM":"2022-09-08T01:51:47+02:00"}
{"params":{"userid":"user1_preventa@optical.pe","password":"...","ticked":"0b35a5676ea4686efbf0683034cb94a3","deviceid":"109009dd36146ba450de815c4277b056"},"method":"loglogin.login","IPSOURCE":"::1","DATE_ATOM":"2022-09-08T01:55:47+02:00"}
{"params":{"userid":"user1_preventa@optical.pe","password":"...","ticked":"1df42a585d59356be02b7329c22bc41d","deviceid":"1a7be48806fab9e0709d1e778863d05b"},"method":"loglogin.login","IPSOURCE":"::1","DATE_ATOM":"2022-09-08T01:57:35+02:00"}
{"params":{"userid":"user1_preventa@optical.pe","password":"...","ticked":"49de55dcd2fde000987d2f75e4f787e5","deviceid":"0ca2cfbcf723e9f486b07ed9f5fdc142"},"method":"loglogin.login","IPSOURCE":"::1","DATE_ATOM":"2022-09-08T01:59:37+02:00"}
{"params":{"userid":"user1","password":"admin$2021","ticked":"56389761bed3d8086caf67c39c6b2fdd","deviceid":"616c1266f586ea00a5510aff43409f13"},"method":"loglogin.login","IPSOURCE":"::1","DATE_ATOM":"2022-09-08T17:33:11+02:00"}
{"params":{"userid":"dbernal@optical.pe","password":"...","ticked":"c035315fd30da2af1fbe681e9e7c0c69","deviceid":"5c139ef6584e8c6fcfcbbfa5a8c44159"},"method":"loglogin.login","IPSOURCE":"::1","DATE_ATOM":"2022-09-08T17:36:29+02:00"}
{"params":{"userid":"dbernal@optical.pe","password":"...","ticked":"e303858492f5bb33bed54636179c79f0","deviceid":"bd7b6b5ed224fc9f2ed61990eeed147e"},"method":"loglogin.login","IPSOURCE":"::1","DATE_ATOM":"2022-09-08T17:36:43+02:00"}
{"params":{"userid":"user1","password":"admin$2021","ticked":"36f8551e1797deeb6d4c20aa91f2cef6","deviceid":"7732ebc345015e68026f9302a58e999c"},"method":"loglogin.login","IPSOURCE":"::1","DATE_ATOM":"2022-09-08T19:08:53+02:00"}
{"params":{"userid":"user1","password":"admin$2021","ticked":"5d518efc382edff6d685d15656951dc8","deviceid":"1abbac011137faf541c16bc6cdc840b2"},"method":"loglogin.login","IPSOURCE":"::1","DATE_ATOM":"2022-09-08T19:10:23+02:00"}
{"params":{"userid":"user1","password":"admin$2021","ticked":"c903c8fdd1bce0bcbc3762b0aa513eb3","deviceid":"1aeaa09b3a3d0a38843748731a2070ab"},"method":"loglogin.login","IPSOURCE":"::1","DATE_ATOM":"2022-09-08T19:11:47+02:00"}
{"params":{"userid":"user1","password":"admin$2021","ticked":"ac2ef8037c35e97fa55de0a9657b6b0b","deviceid":"327c4b916434460c37412150e1a7248e"},"method":"loglogin.login","IPSOURCE":"::1","DATE_ATOM":"2022-09-08T19:13:09+02:00"}
{"params":{"userid":"user1","password":"admin$2021","ticked":"23469011d7e68081970338f7c7636998","deviceid":"3d61aa99e0ce26794f6057d6f9db319c"},"method":"loglogin.login","IPSOURCE":"::1","DATE_ATOM":"2022-09-08T19:16:38+02:00"}
{"params":{"userid":"user1","password":"admin$2021","ticked":"63a29cadf1f01567b8f704ce740e2146","deviceid":"020e5db352f553236fed61717be16eda"},"method":"loglogin.login","IPSOURCE":"::1","DATE_ATOM":"2022-09-08T19:26:36+02:00"}
{"params":{"userid":"user1","password":"admin$2021","ticked":"64653ae849539ec58114dbfccfd56a9e","deviceid":"7020ff7177f4ef16cb57a99e5c6c1477"},"method":"loglogin.login","IPSOURCE":"::1","DATE_ATOM":"2022-09-08T19:56:58+02:00"}
{"params":{"userid":"user1","password":"admin$2021","ticked":"4a59ece7c85a6efb6c2a64a6d2543019","deviceid":"0c4f56bd440a657410bb7d4c48f70dba"},"method":"loglogin.login","IPSOURCE":"::1","DATE_ATOM":"2022-09-08T19:58:57+02:00"}
{"params":{"userid":"user1","password":"admin$2021","ticked":"ce356d7ea742df04300995ad3f210ad1","deviceid":"6a5d07383a94ad9bf739f096a197f23e"},"method":"loglogin.login","IPSOURCE":"::1","DATE_ATOM":"2022-09-08T19:59:58+02:00"}
{"params":{"userid":"user1","password":"admin$2021","ticked":"c4260a560f6625ef5e24384d0ba0ffdf","deviceid":"8c4dd7d0518773f97930ba3150958c6f"},"method":"loglogin.login","IPSOURCE":"::1","DATE_ATOM":"2022-09-08T20:00:49+02:00"}
{"params":{"userid":"dbernal@optical.pe","password":"...","ticked":"064d4a9a44c3e4d84b05e75e621d1fd5","deviceid":"1e87aa94bca053200e47d03eaeb2d4e0"},"method":"loglogin.login","IPSOURCE":"::1","DATE_ATOM":"2022-09-08T20:57:33+02:00"}
{"params":{"userid":"user1","password":"admin$2021","ticked":"a319f26366dcf084f86cc18d53775078","deviceid":"7a08814186e43d43e145af72cac131db"},"method":"loglogin.login","IPSOURCE":"::1","DATE_ATOM":"2022-09-08T21:21:42+02:00"}
{"params":{"userid":"user1","password":"admin$2021","ticked":"84229cf882f82302ff6cc16eeb2b729a","deviceid":"4ecea35d3c19bfc408cce924452875ca"},"method":"loglogin.login","IPSOURCE":"::1","DATE_ATOM":"2022-09-08T22:39:11+02:00"}
{"params":{"userid":"user1","password":"admin$2021","ticked":"ecc000a6404b4be0fb13cccc7463ba61","deviceid":"e02a1b98f362790d12f82c0490a528fb"},"method":"loglogin.login","IPSOURCE":"::1","DATE_ATOM":"2022-09-08T23:37:19+02:00"}
{"params":{"userid":"user1","password":"admin$2021","ticked":"8a16ebdfe0839163263abefa18d1e6d4","deviceid":"ed7e2e42ce37539d563c435ec9ddd14d"},"method":"loglogin.login","IPSOURCE":"::1","DATE_ATOM":"2022-09-08T23:49:43+02:00"}
{"params":{"userid":"user1","password":"admin$2021","ticked":"0cc369adfc8e3b02988508186830f37c","deviceid":"9b741e111c8de17d32bd7764def9ff7e"},"method":"loglogin.login","IPSOURCE":"::1","DATE_ATOM":"2022-09-09T00:45:51+02:00"}
{"params":{"userid":"user1","password":"admin$2021","ticked":"9cb4aafb3ee4c30592d295cea2cdc9ed","deviceid":"d180d9991b96b0677faba874c1cd435f"},"method":"loglogin.login","IPSOURCE":"::1","DATE_ATOM":"2022-09-09T00:50:57+02:00"}
{"params":{"userid":"user1","password":"admin$2021","ticked":"77ad069e26d6122fc94b6dbcbe3960b7","deviceid":"65b650e2ef5016f8ac1fe04526881c38"},"method":"loglogin.login","IPSOURCE":"::1","DATE_ATOM":"2022-09-09T00:52:49+02:00"}
{"params":{"userid":"user1","password":"admin$2021","ticked":"ad24115f4d153988c7041f7242ddb7a9","deviceid":"b835796d9d2289078db51e377eb6d5a4"},"method":"loglogin.login","IPSOURCE":"::1","DATE_ATOM":"2022-09-09T01:00:04+02:00"}
{"params":{"userid":"user1","password":"admin$2021","ticked":"8f82f64e0d70b7d457bd06d547d391f9","deviceid":"e6664fbaf2f25dda31a0d7a7537c5897"},"method":"loglogin.login","IPSOURCE":"::1","DATE_ATOM":"2022-09-09T01:14:49+02:00"}
{"params":{"userid":"user1","password":"admin$2021","ticked":"851d2dff9e262f51bf2e2f5b2efb64b7","deviceid":"04d413173c91165066336e2abd887bb8"},"method":"loglogin.login","IPSOURCE":"::1","DATE_ATOM":"2022-09-09T01:20:49+02:00"}
{"params":{"userid":"user1","password":"admin$2021","ticked":"78b9e4afd40908e73db08d74b60c5fb3","deviceid":"f3f97ff8937ecb77728a02781a91788b"},"method":"loglogin.login","IPSOURCE":"::1","DATE_ATOM":"2022-09-09T01:23:14+02:00"}
{"params":{"userid":"user1","password":"admin$2021","ticked":"cfe1f6f0f5391e8fbe1f1ce6c84c6fe8","deviceid":"3d7447c8662e71ef250585dd441b5eb4"},"method":"loglogin.login","IPSOURCE":"::1","DATE_ATOM":"2022-09-09T01:24:15+02:00"}
{"params":{"userid":"user1","password":"admin$2021","ticked":"149d689ea3cbda299cab74323f2169a3","deviceid":"5c746d9496082a97d9d98d2a49a31dcb"},"method":"loglogin.login","IPSOURCE":"::1","DATE_ATOM":"2022-09-09T01:29:57+02:00"}
{"params":{"userid":"user1","password":"admin$2021","ticked":"a37df8006123d7dc6355c60607be10fc","deviceid":"32b7e3ca8d512616b7adfca706653164"},"method":"loglogin.login","IPSOURCE":"::1","DATE_ATOM":"2022-09-09T01:42:21+02:00"}
{"params":{"userid":"user1","password":"admin$2021","ticked":"0c670a158860a8352f479ea5403cf66c","deviceid":"a3f4490fb7b7a14daea5ebe566afefb8"},"method":"loglogin.login","IPSOURCE":"::1","DATE_ATOM":"2022-09-09T01:48:23+02:00"}
{"params":{"userid":"user1","password":"admin$2021","ticked":"39ac9055c2f1cddc28426c0c82114a59","deviceid":"e7f3c4bb69075dc291de879daa274642"},"method":"loglogin.login","IPSOURCE":"::1","DATE_ATOM":"2022-09-09T01:53:36+02:00"}
{"params":{"userid":"user1","password":"admin$2021","ticked":"976da0bc116405595959b82bfeb97bca","deviceid":"0e47e8c6e3c67e16cd9539e6f2cdded2"},"method":"loglogin.login","IPSOURCE":"::1","DATE_ATOM":"2022-09-09T01:59:10+02:00"}
{"params":{"userid":"user1","password":"admin$2021","ticked":"002beec323fc3a4892571e037cd0dd3f","deviceid":"312aaa312680a2c8dd3f49ac89bd262a"},"method":"loglogin.login","IPSOURCE":"::1","DATE_ATOM":"2022-09-09T02:00:31+02:00"}
{"params":{"userid":"user1","password":"admin$2021","ticked":"d0e1cbd7794434fc165c49f3196492dd","deviceid":"02abe24d9f94a60b85fef9d9540635f7"},"method":"loglogin.login","IPSOURCE":"::1","DATE_ATOM":"2022-09-09T02:01:47+02:00"}
{"params":{"userid":"user1","password":"admin$2021","ticked":"6d41ba0a3362cc08aa80e36912556e1b","deviceid":"964368a5fa89c7c3177fbcbb2c946246"},"method":"loglogin.login","IPSOURCE":"::1","DATE_ATOM":"2022-09-09T02:02:38+02:00"}
{"params":{"userid":"user1","password":"admin$2021","ticked":"94d2b1afde2cc5516e915b97040e87e4","deviceid":"4c92ab3ea4e67af886d94d87d2c26f91"},"method":"loglogin.login","IPSOURCE":"::1","DATE_ATOM":"2022-09-09T02:04:10+02:00"}
{"params":{"userid":"user1","password":"admin$2021","ticked":"3cf96c8bb060cb3ada6719dccc04379e","deviceid":"6e5d1543f3f0c726e4acf82d84c0a092"},"method":"loglogin.login","IPSOURCE":"::1","DATE_ATOM":"2022-09-09T02:06:15+02:00"}
{"params":{"userid":"user1","password":"admin$2021","ticked":"0928b1d82f1a459fbe225b4a1f570deb","deviceid":"5d2e68391aa7c92945d0f5fa5a8ca129"},"method":"loglogin.login","IPSOURCE":"::1","DATE_ATOM":"2022-09-09T02:07:15+02:00"}
{"params":{"userid":"user1","password":"admin$2021","ticked":"075eccd6922965f2882298dde5022457","deviceid":"d5124d99d3a72817878a41dd9c5414dd"},"method":"loglogin.login","IPSOURCE":"::1","DATE_ATOM":"2022-09-09T15:45:49+02:00"}
{"params":{"userid":"user1","password":"admin$2021","ticked":"bf1266e3a825e4d825a3589bef9e6388","deviceid":"b5585cb7bb6db65f987e1588ca01fb75"},"method":"loglogin.login","IPSOURCE":"::1","DATE_ATOM":"2022-09-09T16:35:37+02:00"}
{"params":{"userid":"user1","password":"admin$2021","ticked":"5b9d97d873ac8dbb756c1da7ebb2331f","deviceid":"4f71593932095cc24241da3e36798efb"},"method":"loglogin.login","IPSOURCE":"::1","DATE_ATOM":"2022-09-09T16:51:17+02:00"}
{"params":{"userid":"user1","password":"admin$2021","ticked":"6b338355eb6fceaa0fb4aa1c211423b9","deviceid":"b55ca93969545fa9aa10f709abccd5d4"},"method":"loglogin.login","IPSOURCE":"::1","DATE_ATOM":"2022-09-09T16:57:59+02:00"}
{"params":{"userid":"user1","password":"admin$2021","ticked":"7f2333b4fe608b6be7b3c7376713e195","deviceid":"f3d2ef121cf907eb9c1431e240bb4fac"},"method":"loglogin.login","IPSOURCE":"::1","DATE_ATOM":"2022-09-09T17:36:38+02:00"}
{"params":{"userid":"user1","password":"admin$2021","ticked":"9f1cf480e322523810b7705012a501ea","deviceid":"e2ac34f01e4dd053122cd69a6946b00a"},"method":"loglogin.login","IPSOURCE":"::1","DATE_ATOM":"2022-09-09T17:43:27+02:00"}
{"params":{"userid":"user1","password":"admin$2021","ticked":"3d266274f7a4afc45df43f19802dc9b6","deviceid":"2e22a4ac838b4791e6a007707a20fe1c"},"method":"loglogin.login","IPSOURCE":"::1","DATE_ATOM":"2022-09-09T17:48:27+02:00"}
{"params":{"userid":"user1","password":"admin$2021","ticked":"45e94aa649a04957ace9da1224b71f72","deviceid":"f4cee542a86b2f7f1a9ce9d3b3830748"},"method":"loglogin.login","IPSOURCE":"::1","DATE_ATOM":"2022-09-09T19:14:54+02:00"}
{"params":{"userid":"user1","password":"admin$2021","ticked":"105143d3b33866947e7b5c35f7ffe7ef","deviceid":"3f41c67ce6251f37fee4b020947cb277"},"method":"loglogin.login","IPSOURCE":"::1","DATE_ATOM":"2022-09-09T21:35:09+02:00"}
{"params":{"userid":"user1","password":"admin$2021","ticked":"11ea777787b1cfbb57dc555267bcd17c","deviceid":"85229d2a4249af0b247b1cdc17637105"},"method":"loglogin.login","IPSOURCE":"::1","DATE_ATOM":"2022-09-12T16:05:06+02:00"}
{"params":{"userid":"dbernal@optical.pe","password":"...","ticked":"7dd17b86e5f61de6fdeb0875aa523d80","deviceid":"2af9f87c5ec71b1e88d67e883da4f32f"},"method":"loglogin.login","IPSOURCE":"::1","DATE_ATOM":"2022-09-12T16:43:59+02:00"}
{"params":{"userid":"dbernal@optical.pe","password":"...","ticked":"deb869838a2520dde659b2d9b9654b72","deviceid":"8369aa96fa47afa39c8f1eaed548e0f9"},"method":"loglogin.login","IPSOURCE":"::1","DATE_ATOM":"2022-09-12T16:58:11+02:00"}
{"params":{"userid":"dbernal@optical.pe","password":"...","ticked":"f496ca75efded55e4650d7876a1ddda4","deviceid":"0c39ffb187d5ecfa5c26f64ccd91fb81"},"method":"loglogin.login","IPSOURCE":"::1","DATE_ATOM":"2022-09-12T17:16:35+02:00"}
{"params":{"userid":"user1","password":"admin$2021","ticked":"23e04ea21854da024fc6b395e837d908","deviceid":"4836b33898c13948e2bb3456b4596c26"},"method":"loglogin.login","IPSOURCE":"::1","DATE_ATOM":"2022-09-13T16:13:56+02:00"}
{"params":{"userid":"user1","password":"admin$2021","ticked":"0e82114486536ba6a8a6794e9620993d","deviceid":"40f6c4bb55979eecb6b6a1f7e1a78709"},"method":"loglogin.login","IPSOURCE":"::1","DATE_ATOM":"2022-09-13T16:36:38+02:00"}
{"params":{"userid":"dbernal@optical.pe","password":"...","ticked":"2f1121935ec5ca8939609923bd5bbdf2","deviceid":"c843b414f7fcc9bc92b6eb9f347a2d2b"},"method":"loglogin.login","IPSOURCE":"::1","DATE_ATOM":"2022-09-13T16:38:20+02:00"}
{"params":{"userid":"user1","password":"admin$2021","ticked":"bf4208df6a7756217630f42ab679bf96","deviceid":"7e6d0c865582fb333f4aa8d64bfd8415"},"method":"loglogin.login","IPSOURCE":"::1","DATE_ATOM":"2022-09-13T16:45:28+02:00"}
{"params":{"userid":"dbernal@optical.pe","password":"...","ticked":"ad9da66a9f14a3642bb0ed5d882d796e","deviceid":"8e7d499d56302106a6b9e0a006befdeb"},"method":"loglogin.login","IPSOURCE":"::1","DATE_ATOM":"2022-09-13T16:46:23+02:00"}
{"params":{"userid":"dbernal@optical.pe","password":"...","ticked":"f4d843a0083b3edfdd15b3277eeb50b1","deviceid":"0b66afadd99cc07d79d428628b8ab5c4"},"method":"loglogin.login","IPSOURCE":"::1","DATE_ATOM":"2022-09-13T16:55:03+02:00"}
{"params":{"userid":"user1","password":"admin$2021","ticked":"95dbba0ec6129e2cb2c34ff017bf1b33","deviceid":"1b05f5fa3a657d62c75008df2121308f"},"method":"loglogin.login","IPSOURCE":"::1","DATE_ATOM":"2022-09-13T16:58:12+02:00"}
{"params":{"userid":"user1","password":"admin$2021","ticked":"869acfecdb6faa9612683bb5b6c3c76c","deviceid":"8f90ef118e8a99524ff865f1881c9046"},"method":"loglogin.login","IPSOURCE":"::1","DATE_ATOM":"2022-09-13T16:59:15+02:00"}
{"params":{"userid":"dbernal@optical.pe","password":"...","ticked":"2b948b988ce0a8b828ddd0e53b658b71","deviceid":"f6d064c7539a90ff4fbfc121c328d349"},"method":"loglogin.login","IPSOURCE":"::1","DATE_ATOM":"2022-09-13T16:59:58+02:00"}
{"params":{"userid":"user1","password":"admin$2021","ticked":"1db5df606bbada878cd48c18f9e85736","deviceid":"ec5b46cc24aa44822851d8155ec21df3"},"method":"loglogin.login","IPSOURCE":"::1","DATE_ATOM":"2022-09-13T17:04:07+02:00"}
{"params":{"userid":"dbernal@optical.pe","password":"...","ticked":"c9b9355103b6ffaabf70974198d92a32","deviceid":"271e5961b6cd9ae76ab032aedc135219"},"method":"loglogin.login","IPSOURCE":"::1","DATE_ATOM":"2022-09-13T17:08:22+02:00"}
{"params":{"userid":"dbernal@optical.pe","password":"...","ticked":"160359e5ac50b89793d84dc9f3e31a11","deviceid":"18517741fc7dbc54757459f69bf5f1a2"},"method":"loglogin.login","IPSOURCE":"::1","DATE_ATOM":"2022-09-13T18:39:34+02:00"}
{"params":{"userid":"dbernal@optical.pe","password":"...","ticked":"5cdfa5be7d25edce37e2f8f7f137500e","deviceid":"f6e1093835a30e66a226764be8689bb1"},"method":"loglogin.login","IPSOURCE":"::1","DATE_ATOM":"2022-09-13T21:34:25+02:00"}
{"params":{"userid":"dbernal@optical.pe","password":"...","ticked":"edc263e76bdcd4d07f98b5cd820ef19c","deviceid":"6e2b6735af63ea771caab1e9b931e473"},"method":"loglogin.login","IPSOURCE":"::1","DATE_ATOM":"2022-09-13T21:36:28+02:00"}
{"params":{"userid":"dbernal@optical.pe","password":"...","ticked":"77550f9132de57fa83f5c770743065fe","deviceid":"3ae01272b33df1340e157989e98fb9e6"},"method":"loglogin.login","IPSOURCE":"::1","DATE_ATOM":"2022-09-13T21:40:23+02:00"}
{"params":{"userid":"dbernal@optical.pe","password":"...","ticked":"de74c076c89dd0a82b081b16906c21e4","deviceid":"d861c509df9ae745fcf5819c5b91f87f"},"method":"loglogin.login","IPSOURCE":"::1","DATE_ATOM":"2022-09-13T23:20:07+02:00"}
{"params":{"userid":"dbernal@optical.pe","password":"...","ticked":"08941e06bba5b51a26c6f4fc66321d66","deviceid":"ae926828a628264a4e2765a420779fff"},"method":"loglogin.login","IPSOURCE":"::1","DATE_ATOM":"2022-09-13T23:30:23+02:00"}
{"params":{"userid":"user1","password":"admin$2021","ticked":"b6b9fab3cb8e9528a6560b7a8e73fa66","deviceid":"35a71e309254a59ed56b1669b7b4fe8f"},"method":"loglogin.login","IPSOURCE":"::1","DATE_ATOM":"2022-09-14T00:55:02+02:00"}
{"params":{"userid":"dbernal@optical.pe","password":"...","ticked":"a80231387433545554eba430cf87aaf9","deviceid":"bf807d9ec53c2e410e883af57916f62e"},"method":"loglogin.login","IPSOURCE":"::1","DATE_ATOM":"2022-09-14T01:34:39+02:00"}
{"params":{"userid":"user1","password":"admin$2021","ticked":"2c90af761b19aacc1e403a1cee4de74c","deviceid":"c3a1244138f3bb2bca610ba2e8cd63e5"},"method":"loglogin.login","IPSOURCE":"::1","DATE_ATOM":"2022-09-14T01:39:28+02:00"}
{"params":{"userid":"user1","password":"admin$2021","ticked":"b26b12986f0a1fa6afc0fb64ef945e7d","deviceid":"bdc0df74a16351c5cbc03bfaafacfe89"},"method":"loglogin.login","IPSOURCE":"::1","DATE_ATOM":"2022-09-14T17:01:02+02:00"}
{"params":{"userid":"dbernal@optical.pe","password":"...","ticked":"dc2d7358a217bf2005dc866ddf185e25","deviceid":"5d94542da16e988943746890efefc1e4"},"method":"loglogin.login","IPSOURCE":"::1","DATE_ATOM":"2022-09-14T17:11:50+02:00"}
{"params":{"userid":"dbernal@optical.pe","password":"...","ticked":"b84323787b688636d0033d51cb364ed8","deviceid":"2396cbc3d4322e54cb0ccb9b8f8d567e"},"method":"loglogin.login","IPSOURCE":"::1","DATE_ATOM":"2022-09-14T17:12:10+02:00"}
{"params":{"userid":"user1","password":"admin$2021","ticked":"ea64f2b44835dea3d021216755500daa","deviceid":"11e2c7c775a4a33462f35b3c7014a4d0"},"method":"loglogin.login","IPSOURCE":"::1","DATE_ATOM":"2022-09-14T17:13:48+02:00"}
{"params":{"userid":"user1_provision@optical.pe","password":"...","ticked":"dd61d0d34d935fab009dff47c3058617","deviceid":"d150543d735df9e56d7da637feac3cc8"},"method":"loglogin.login","IPSOURCE":"::1","DATE_ATOM":"2022-09-14T17:18:59+02:00"}
{"params":{"userid":"user1","password":"admin$2021","ticked":"42c3cfe4c270cb3f32ca775889485192","deviceid":"df0d5d8e2d10d347dfa126d113bba069"},"method":"loglogin.login","IPSOURCE":"::1","DATE_ATOM":"2022-09-14T17:29:10+02:00"}
{"params":{"userid":"katilio@optical.pe","password":"...","ticked":"cbea05a0efe606bc98527aac76d860a4","deviceid":"2209de3be0fcce3bdb95d1c99ee5ba0d"},"method":"loglogin.login","IPSOURCE":"::1","DATE_ATOM":"2022-09-14T17:30:13+02:00"}
{"params":{"userid":"user2_provision@optical.pe","password":"...","ticked":"6b0e79487e080b3807df1a3eab585a47","deviceid":"061c99a49347eea46b7f1b8e7774c6c3"},"method":"loglogin.login","IPSOURCE":"::1","DATE_ATOM":"2022-09-14T17:40:36+02:00"}
{"params":{"userid":"user1","password":"admin$2021","ticked":"507313e9a94912e56eef90a600310e79","deviceid":"2f5f791114270327d0b7c1e3b3058ec7"},"method":"loglogin.login","IPSOURCE":"::1","DATE_ATOM":"2022-09-14T18:37:18+02:00"}
{"params":{"userid":"user1","password":"admin$2021","ticked":"e446bf31637e114d50c6e515d739803a","deviceid":"19208c7dc8c335b79176a3862d09ec09"},"method":"loglogin.login","IPSOURCE":"::1","DATE_ATOM":"2022-09-14T18:44:09+02:00"}
{"params":{"userid":"user1","password":"admin$2021","ticked":"8da3f87a51d647bbc99b029c16ae6435","deviceid":"dde62d96333c76eb28c4fafa62982537"},"method":"loglogin.login","IPSOURCE":"::1","DATE_ATOM":"2022-09-14T19:02:34+02:00"}
{"params":{"userid":"user1","password":"admin$2021","ticked":"2f7a2bbfeddd27150c2cda1dc9dabf4c","deviceid":"faa147fe59c995f7fbea42eaeed64a78"},"method":"loglogin.login","IPSOURCE":"::1","DATE_ATOM":"2022-09-14T19:03:32+02:00"}
{"params":{"userid":"user1","password":"admin$2021","ticked":"23bd4ece2ce8031f26834655b07685ab","deviceid":"65a6a92b458a90fba133d5411205d5c1"},"method":"loglogin.login","IPSOURCE":"::1","DATE_ATOM":"2022-09-14T19:29:59+02:00"}
{"params":{"userid":"user1","password":"admin$2021","ticked":"41ee0c86daf625e0650ecb8713ca82ed","deviceid":"47b1b34e5dc4384e98e83eb6f1d8c4fb"},"method":"loglogin.login","IPSOURCE":"::1","DATE_ATOM":"2022-09-14T19:30:58+02:00"}
{"params":{"userid":"user1","password":"admin$2021","ticked":"194a51cdde3a013291a50aad4ac27621","deviceid":"206fd8b0bcd56005d852860bc49881a1"},"method":"loglogin.login","IPSOURCE":"::1","DATE_ATOM":"2022-09-14T19:39:01+02:00"}
{"params":{"userid":"user1","password":"admin$2021","ticked":"c646b42f90cec52c48d1d04a4f6fb9c6","deviceid":"98e00acf71a5392b87757a2ad1670a5f"},"method":"loglogin.login","IPSOURCE":"::1","DATE_ATOM":"2022-09-14T19:40:07+02:00"}
{"params":{"userid":"user1","password":"admin$2021","ticked":"8fcf48caeb98d57fa3deb92e72e8c7c8","deviceid":"5b79cf2b66bdca7c1d44292e8e134a28"},"method":"loglogin.login","IPSOURCE":"::1","DATE_ATOM":"2022-09-14T20:01:30+02:00"}
{"params":{"userid":"user1","password":"admin$2021","ticked":"0f71838e53f69781685b8f8546b0c41d","deviceid":"73ddde29d56f89fe3a15a3bee118b351"},"method":"loglogin.login","IPSOURCE":"::1","DATE_ATOM":"2022-09-14T20:11:25+02:00"}
{"params":{"userid":"user1","password":"admin$2021","ticked":"1524da25fc469dbfaf93357db962e532","deviceid":"2929dc2c26cc19927af8e124c8f5425d"},"method":"loglogin.login","IPSOURCE":"::1","DATE_ATOM":"2022-09-14T20:12:32+02:00"}
{"params":{"userid":"user1","password":"admin$2021","ticked":"d5cee355582330f25474e4df5d5d7a9c","deviceid":"f3561b52c9950933145460d4314241be"},"method":"loglogin.login","IPSOURCE":"::1","DATE_ATOM":"2022-09-14T20:13:21+02:00"}
{"params":{"userid":"user1","password":"admin$2021","ticked":"ba08784f0de5841912ac79e60b4cef14","deviceid":"51c0e8866f66c1cc82015df9bca1e71f"},"method":"loglogin.login","IPSOURCE":"::1","DATE_ATOM":"2022-09-14T20:15:14+02:00"}
{"params":{"userid":"user1","password":"admin$2021","ticked":"11ef7aefabb4a3f732daf7ecad5ad5db","deviceid":"d75774a718d7552af26906d2a1290553"},"method":"loglogin.login","IPSOURCE":"::1","DATE_ATOM":"2022-09-14T20:16:27+02:00"}
{"params":{"userid":"user1","password":"admin$2021","ticked":"140db5b4d386bee33ccc412b6b29b65d","deviceid":"41ace4656de86fad22b0449e80e457a8"},"method":"loglogin.login","IPSOURCE":"::1","DATE_ATOM":"2022-09-14T20:17:51+02:00"}
{"params":{"userid":"user1","password":"admin$2021","ticked":"fcb70221ba148f2315c481e3788b14d0","deviceid":"87ce850798ce8c17a3860c6384977845"},"method":"loglogin.login","IPSOURCE":"::1","DATE_ATOM":"2022-09-14T22:48:20+02:00"}
{"params":{"userid":"dbernal@optical.pe","password":"...","ticked":"327edc001646a737d1e6dce39fd67788","deviceid":"b4a459a53635fb1ad3f1052fee4c5e9d"},"method":"loglogin.login","IPSOURCE":"::1","DATE_ATOM":"2022-09-14T22:55:19+02:00"}
{"params":{"userid":"dbernal@optical.pe","password":"...","ticked":"df980b7b06a29212aaccfa71c91b80b8","deviceid":"8e71ecd59e7731f806e0946c71407f41"},"method":"loglogin.login","IPSOURCE":"::1","DATE_ATOM":"2022-09-14T22:56:01+02:00"}
{"params":{"userid":"user1","password":"admin$2021","ticked":"c116ddb071eb5753a119f1c1b3caddbf","deviceid":"467a82ebec67563f9c402be93e27845a"},"method":"loglogin.login","IPSOURCE":"::1","DATE_ATOM":"2022-09-14T22:58:37+02:00"}
{"params":{"userid":"dbernal@optical.pe","password":"...","ticked":"9228eeda47c0977d7e564da49a9c404c","deviceid":"58feadaac1d3f36a5f04acd0d380ef65"},"method":"loglogin.login","IPSOURCE":"::1","DATE_ATOM":"2022-09-14T22:58:46+02:00"}
{"params":{"userid":"dbernal@optical.pe","password":"...","ticked":"e98afd3063c94a69bc6b090aa6360d58","deviceid":"6086f13fe919c29e95c6f1d7c6b2e62d"},"method":"loglogin.login","IPSOURCE":"::1","DATE_ATOM":"2022-09-14T23:02:33+02:00"}
{"params":{"userid":"dbernal@optical.pe","password":"...","ticked":"f2ef8c2f24e63bce11f9051d883b9bde","deviceid":"af3d3b051eccefd44c91cab9b9f8e72c"},"method":"loglogin.login","IPSOURCE":"::1","DATE_ATOM":"2022-09-14T23:22:46+02:00"}
{"params":{"userid":"user1","password":"admin$2021","ticked":"bc27736f8270f8de551945c4fa00ffca","deviceid":"e57058a1c6421b37634ee22618e80a6e"},"method":"loglogin.login","IPSOURCE":"::1","DATE_ATOM":"2022-09-14T23:42:41+02:00"}
{"params":{"userid":"dbernal@optical.pe","password":"...","ticked":"50400e2f0e37370340570af4a00ac58a","deviceid":"fde8b86ebd8ecea628e1692673c6cbfb"},"method":"loglogin.login","IPSOURCE":"::1","DATE_ATOM":"2022-09-14T23:42:48+02:00"}
{"params":{"userid":"user1","password":"admin$2021","ticked":"300ae1419de93b118023c0a5ff7b95e6","deviceid":"d0fdaba1743717fee4c0b1a19f8f48bf"},"method":"loglogin.login","IPSOURCE":"::1","DATE_ATOM":"2022-09-15T00:18:39+02:00"}
{"params":{"userid":"dbernal@optical.pe","password":"...","ticked":"9f0f621bfe77a71c31884225210a4b62","deviceid":"697824b445ab989cfb6243cec8cac0bb"},"method":"loglogin.login","IPSOURCE":"::1","DATE_ATOM":"2022-09-15T00:18:49+02:00"}
{"params":{"userid":"dbernal@optical.pe","password":"...","ticked":"f0601104c0a4ded9a130ddb502e230db","deviceid":"c1ff6760bf375252830cfaa76e6f433c"},"method":"loglogin.login","IPSOURCE":"::1","DATE_ATOM":"2022-09-15T01:03:05+02:00"}
{"params":{"userid":"user2_provision@optical.pe","password":"...","ticked":"35e48d9c336271fc014a74040cb997c0","deviceid":"3c10c34cbf2a85b4ee5283114691a883"},"method":"loglogin.login","IPSOURCE":"::1","DATE_ATOM":"2022-09-15T01:04:36+02:00"}
{"params":{"userid":"user1","password":"admin$2021","ticked":"e893de26caa3a473db29f52e11404566","deviceid":"d6a6d90fc49e5f20bdb5aee518e89d07"},"method":"loglogin.login","IPSOURCE":"::1","DATE_ATOM":"2022-09-15T01:07:05+02:00"}
{"params":{"userid":"user1","password":"admin$2021","ticked":"d1c8ef146be936ca013c07b8099ad1c5","deviceid":"6cd10498f9f5871a5bfec5b1c758621f"},"method":"loglogin.login","IPSOURCE":"::1","DATE_ATOM":"2022-09-15T01:55:22+02:00"}
{"params":{"userid":"user1","password":"admin$2021","ticked":"753141f1c378276672e1fa08e9619544","deviceid":"5e926c82dd1937b4abe0c52cd2e77fdb"},"method":"loglogin.login","IPSOURCE":"::1","DATE_ATOM":"2022-09-15T16:34:52+02:00"}
{"params":{"userid":"user1","password":"admin$2021","ticked":"6e1114b41e2ae49f6e1eb093f4175d68","deviceid":"71e9fe9ee1037efa36ceeb93f32e66b9"},"method":"loglogin.login","IPSOURCE":"::1","DATE_ATOM":"2022-09-19T16:41:07+02:00"}
{"params":{"userid":"user1","password":"admin$2021","ticked":"b40c561b304232bd9b57170c96c1ddb7","deviceid":"5814d0bd5c7d4c2d0d266c877f560c27"},"method":"loglogin.login","IPSOURCE":"::1","DATE_ATOM":"2022-09-19T16:44:41+02:00"}
{"params":{"userid":"user1","password":"admin$2021","ticked":"025c4656b7af212546e7946ceba1a7ae","deviceid":"ee93e04f34f0a76562c796590928aa52"},"method":"loglogin.login","IPSOURCE":"::1","DATE_ATOM":"2022-09-19T17:39:57+02:00"}
{"params":{"userid":"user1","password":"admin$2021","ticked":"16ec5fc493cea9d1499d5ac1007b0353","deviceid":"a1631c6062bed51b1c2e996d75a6aef7"},"method":"loglogin.login","IPSOURCE":"::1","DATE_ATOM":"2022-09-19T17:40:14+02:00"}
{"params":{"userid":"user1","password":"admin$2021","ticked":"cfa1d553ccc8c8aa55fad13560b98fef","deviceid":"d5303fba962c2d193999fde1cf52dbdc"},"method":"loglogin.login","IPSOURCE":"::1","DATE_ATOM":"2022-09-19T17:54:38+02:00"}
{"params":{"userid":"user1","password":"admin$2021","ticked":"20923557245d3a95c8d016046555f6cd","deviceid":"452bb4c598f41ac884332b2cd9536c9e"},"method":"loglogin.login","IPSOURCE":"::1","DATE_ATOM":"2022-09-19T17:57:02+02:00"}
{"params":{"userid":"user1","password":"admin$2021","ticked":"f5ad9381ac3597217d7472c1d3a10875","deviceid":"673e3ce5e5c63842a6f85d5657be0799"},"method":"loglogin.login","IPSOURCE":"::1","DATE_ATOM":"2022-09-19T18:02:50+02:00"}
{"params":{"userid":"user1","password":"admin$2021","ticked":"213ed19ddc51e31305916f3f64080165","deviceid":"fe196b240988ffbb5db5bb6360b3364f"},"method":"loglogin.login","IPSOURCE":"::1","DATE_ATOM":"2022-09-19T18:03:43+02:00"}
{"params":{"userid":"user1","password":"admin$2021","ticked":"ae504e05de62da0b04ce6d47ef6a3036","deviceid":"0b8a22a35ecce0b09fa8619a24500bcc"},"method":"loglogin.login","IPSOURCE":"::1","DATE_ATOM":"2022-09-19T18:37:46+02:00"}
{"params":{"userid":"dbernal@optical.pe","password":"...","ticked":"8d69c7a29af056efc1f2380d48d96fd6","deviceid":"eb3844251e7d8775ff611f7106625b8a"},"method":"loglogin.login","IPSOURCE":"::1","DATE_ATOM":"2022-09-19T18:58:45+02:00"}
{"params":{"userid":"dbernal@optical.pe","password":"...","ticked":"78fa46b28677443698ecc39ae791878b","deviceid":"491596c3ac18d36e3c6b2cba9c36255b"},"method":"loglogin.login","IPSOURCE":"::1","DATE_ATOM":"2022-09-19T19:00:13+02:00"}
{"params":{"userid":"user1_provision@optical.pe","password":"...","ticked":"b2d7ab2b230ad401bd81066ab2f59d5a","deviceid":"65b361ff32a39b9f6e56bff9bb4fdf2b"},"method":"loglogin.login","IPSOURCE":"::1","DATE_ATOM":"2022-09-19T19:11:45+02:00"}
{"params":{"userid":"dbernal@optical.pe","password":"...","ticked":"3dcbfcf1f26b69eef9cff250c8230a43","deviceid":"3298493390480fb763db42b9ea332715"},"method":"loglogin.login","IPSOURCE":"::1","DATE_ATOM":"2022-09-19T19:40:00+02:00"}
{"params":{"userid":"dbernal@optical.pe","password":"...","ticked":"69b4bdd7e45575c5afc16ffebbff9953","deviceid":"a8cadac5b7f0777b77fb709a6988df47"},"method":"loglogin.login","IPSOURCE":"::1","DATE_ATOM":"2022-09-19T19:45:24+02:00"}
{"params":{"userid":"user1","password":"admin$2021","ticked":"335c8771c1dc37fbec0b70ef35b7584e","deviceid":"371fa92349a91fddf1bb07bc235c8ae7"},"method":"loglogin.login","IPSOURCE":"::1","DATE_ATOM":"2022-09-19T19:59:33+02:00"}
{"params":{"userid":"dbernal@optical.pe","password":"...","ticked":"25e7c9132c563d7f28deff516b1894a1","deviceid":"261eb09f355c24fe9ff346a6b093ae79"},"method":"loglogin.login","IPSOURCE":"::1","DATE_ATOM":"2022-09-19T21:18:47+02:00"}
{"params":{"userid":"user1","password":"admin$2021","ticked":"83d0bd4bc8417423e077d8e7cdc13e1a","deviceid":"8e1f7f64eb5194b18038109260b8d6ab"},"method":"loglogin.login","IPSOURCE":"::1","DATE_ATOM":"2022-09-19T21:31:08+02:00"}
{"params":{"userid":"dbernal@optical.pe","password":"...","ticked":"5bedc04d1bc398d36b476130c5665b7a","deviceid":"a586328d9bf30a4996f7cfb028eebd4f"},"method":"loglogin.login","IPSOURCE":"::1","DATE_ATOM":"2022-09-19T21:40:55+02:00"}
{"params":{"userid":"user1","password":"admin$2021","ticked":"2e40ad556aac5fed7819b5ee5bfeb394","deviceid":"5bc699f96517cdcf23369b0e158c58d1"},"method":"loglogin.login","IPSOURCE":"::1","DATE_ATOM":"2022-09-19T21:43:02+02:00"}
{"params":{"userid":"user1","password":"admin$2021","ticked":"683de0dd93b8b5b5ab03a538e6ee5674","deviceid":"e2939a726b4fc97ab6ca30c36cf7da9c"},"method":"loglogin.login","IPSOURCE":"::1","DATE_ATOM":"2022-09-19T21:44:25+02:00"}
{"params":{"userid":"dbernal@optical.pe","password":"...","ticked":"4f9430cab46e65d7ff5f7dff646f19d3","deviceid":"db9f13b69546262fd33f63d06f87ba9b"},"method":"loglogin.login","IPSOURCE":"::1","DATE_ATOM":"2022-09-19T21:44:37+02:00"}
{"params":{"userid":"dbernal@optical.pe","password":"...","ticked":"3c37235cb0f715dcb49d5d90c57b535d","deviceid":"48f8389e321b6b0f39b18711f54780f2"},"method":"loglogin.login","IPSOURCE":"::1","DATE_ATOM":"2022-09-19T22:02:22+02:00"}
{"params":{"userid":"user1","password":"admin$2021","ticked":"cb420cf4f596701e00293f5c6ab573f7","deviceid":"c9b17c68a426d9a5cb97698864b53cfe"},"method":"loglogin.login","IPSOURCE":"::1","DATE_ATOM":"2022-09-19T22:07:21+02:00"}
{"params":{"userid":"user1","password":"admin$2021","ticked":"ae1823b9941ec884b6b44ce2a51dceac","deviceid":"855fb07592e3134ca2ea0a06bd0e9f3b"},"method":"loglogin.login","IPSOURCE":"::1","DATE_ATOM":"2022-09-19T22:11:16+02:00"}
{"params":{"userid":"dbernal@optical.pe","password":"...","ticked":"dfea8a08321c68895c237b973ab99214","deviceid":"69aafc02844f3b827fbd3c08b380a405"},"method":"loglogin.login","IPSOURCE":"::1","DATE_ATOM":"2022-09-19T22:48:49+02:00"}
{"params":{"userid":"user1","password":"admin$2021","ticked":"2ba2064290a55f2c24001f39d6cfb0de","deviceid":"1815bb6e462a945326bd9165ef4a7dde"},"method":"loglogin.login","IPSOURCE":"::1","DATE_ATOM":"2022-09-19T23:55:14+02:00"}
{"params":{"userid":"dbernal@optical.pe","password":"...","ticked":"4de316cf5c1d73dfdb9e00c3b2470600","deviceid":"0e0e325dea00a4639ceed04b530b15e2"},"method":"loglogin.login","IPSOURCE":"::1","DATE_ATOM":"2022-09-19T23:55:29+02:00"}
{"params":{"userid":"user1","password":"admin$2021","ticked":"11c34b4566363dcb6f85ba40dcee2a10","deviceid":"e84e40595aa271070e222542e91af49b"},"method":"loglogin.login","IPSOURCE":"::1","DATE_ATOM":"2022-09-20T00:13:57+02:00"}
{"params":{"userid":"user1","password":"admin$2021","ticked":"3135b75b8a4d0a5fd28dbb675cc1c0f1","deviceid":"51299f3f64b4e71dc0af22cfd31ae765"},"method":"loglogin.login","IPSOURCE":"::1","DATE_ATOM":"2022-09-20T00:17:09+02:00"}
{"params":{"userid":"user1","password":"admin$2021","ticked":"c740bc876d0df0e3be6770aa23136222","deviceid":"9cb5e78e4e19381cbce6274d74b25548"},"method":"loglogin.login","IPSOURCE":"::1","DATE_ATOM":"2022-09-20T00:20:38+02:00"}
{"params":{"userid":"user1_preventa@optical.pe","password":"...","ticked":"4769e314ab146f7cc3a7394e9eac5e57","deviceid":"65136a5e5ce9938c56bdcf85b03c9a8b"},"method":"loglogin.login","IPSOURCE":"::1","DATE_ATOM":"2022-09-20T00:22:05+02:00"}
{"params":{"userid":"user1_preventa@optical.pe","password":"...","ticked":"3582278fe0dc0d3e97be54cbc369f225","deviceid":"398474a43c697510be243459dd8d4239"},"method":"loglogin.login","IPSOURCE":"::1","DATE_ATOM":"2022-09-20T00:28:28+02:00"}
{"params":{"userid":"user1_provision@optical.pe","password":"...","ticked":"45c1a5ff0ff21057732e606bb89571d8","deviceid":"7aa5a6701910987ee9c922a96a52ede2"},"method":"loglogin.login","IPSOURCE":"::1","DATE_ATOM":"2022-09-20T00:54:07+02:00"}
{"params":{"userid":"user1","password":"admin$2021","ticked":"b10c1e36a779694ead8bf7224a5e5c36","deviceid":"e0538826018614e91c6e079a76f41ce0"},"method":"loglogin.login","IPSOURCE":"::1","DATE_ATOM":"2022-09-20T00:58:36+02:00"}
{"params":{"userid":"dbernal@optical.pe","password":"...","ticked":"52c579fc59b40c7fb1669b32cd8014f8","deviceid":"9ca944cb7ef51787ab2e52bfffe2ed95"},"method":"loglogin.login","IPSOURCE":"::1","DATE_ATOM":"2022-09-20T01:11:51+02:00"}
{"params":{"userid":"user1","password":"admin$2021","ticked":"6525b6043087ebf77824266f3e5fa0fe","deviceid":"a446a81d2d84b53ab6d1e191deda08a5"},"method":"loglogin.login","IPSOURCE":"::1","DATE_ATOM":"2022-09-20T01:47:59+02:00"}
{"params":{"userid":"user1","password":"admin$2021","ticked":"fb54d4aaee981dde9a8514d4d05ec10b","deviceid":"90eebf53e353b2191393f6a186d70133"},"method":"loglogin.login","IPSOURCE":"::1","DATE_ATOM":"2022-09-20T01:48:27+02:00"}
{"params":{"userid":"user1","password":"admin$2021","ticked":"42cbc33e343a0dfd90e530b25d875fcc","deviceid":"ed4ec3cbbbb47e37222aa80dd11c4eb2"},"method":"loglogin.login","IPSOURCE":"::1","DATE_ATOM":"2022-09-20T01:52:11+02:00"}
{"params":{"userid":"dbernal@optical.pe","password":"...","ticked":"a01d4732c5d57e96f3f24bc8499e1582","deviceid":"60a0fe79b10e8b8405a7ed863c4654b1"},"method":"loglogin.login","IPSOURCE":"::1","DATE_ATOM":"2022-09-20T01:54:34+02:00"}
{"params":{"userid":"user1","password":"admin$2021","ticked":"a89bbd9a6e8a3d4af277d493f1eb8ab4","deviceid":"4b97f8b8781805d949ce24c797443c56"},"method":"loglogin.login","IPSOURCE":"::1","DATE_ATOM":"2022-09-20T02:06:47+02:00"}
{"params":{"userid":"user1","password":"admin$2021","ticked":"4803ed2f560ff3ddea937d4b2a19eba1","deviceid":"7ecc41e939d0c2bc9d455402067e7c9b"},"method":"loglogin.login","IPSOURCE":"::1","DATE_ATOM":"2022-09-20T02:12:58+02:00"}
{"params":{"userid":"user1","password":"admin$2021","ticked":"80d1b79addbc12aadf6ef35f39b33c82","deviceid":"46ac059ad42248f60c965d23760b41ca"},"method":"loglogin.login","IPSOURCE":"::1","DATE_ATOM":"2022-09-20T02:15:23+02:00"}
{"params":{"userid":"user1","password":"admin$2021","ticked":"f47ce114a07cddbb7f38edc0edc3456c","deviceid":"1591331afa19ecb2c179220a5385b371"},"method":"loglogin.login","IPSOURCE":"::1","DATE_ATOM":"2022-09-20T02:18:02+02:00"}
{"params":{"userid":"user1","password":"admin$2021","ticked":"39fee890da2c353ce6408a36854b5088","deviceid":"767f2e308dc9694eabc8890aeedcdd2a"},"method":"loglogin.login","IPSOURCE":"::1","DATE_ATOM":"2022-09-20T02:20:43+02:00"}
{"params":{"userid":"dbernal@optical.pe","password":"...","ticked":"27745692c772570e695ff62d266cbde6","deviceid":"842d464b4db924976850301777c1b839"},"method":"loglogin.login","IPSOURCE":"::1","DATE_ATOM":"2022-09-20T02:22:06+02:00"}
{"params":{"userid":"user1","password":"admin$2021","ticked":"2fd54dd140a6d9e0d2ceec38c71dcf90","deviceid":"43cdd896c5108253c0891ad6e716ab29"},"method":"loglogin.login","IPSOURCE":"::1","DATE_ATOM":"2022-09-20T15:43:36+02:00"}
{"params":{"userid":"dbernal@optical.pe","password":"...","ticked":"d04e69cee0cf88b853d12e81bbce3d73","deviceid":"78d19ff24ac9d545bc022f0e45cec5a5"},"method":"loglogin.login","IPSOURCE":"::1","DATE_ATOM":"2022-09-20T16:42:08+02:00"}
{"params":{"userid":"dbernal@optical.pe","password":"...","ticked":"e8c27718b5d3014ba45dc3a5c510315a","deviceid":"23a84969edcffb3c291863652de56be6"},"method":"loglogin.login","IPSOURCE":"::1","DATE_ATOM":"2022-09-20T17:04:48+02:00"}
{"params":{"userid":"dbernal@optical.pe","password":"...","ticked":"3bb05e323b6477eeeb7a2d3e039a1ea3","deviceid":"b862d3ca7c23de16ca43523bd9d23330"},"method":"loglogin.login","IPSOURCE":"::1","DATE_ATOM":"2022-09-20T17:13:32+02:00"}
{"params":{"userid":"dbernal@optical.pe","password":"...","ticked":"a1ddc6ae49d95b6fbfffbb43407a002c","deviceid":"63bf9102752169332bdea6a428b5b7ab"},"method":"loglogin.login","IPSOURCE":"::1","DATE_ATOM":"2022-09-20T17:23:40+02:00"}
{"params":{"userid":"dbernal@optical.pe","password":"...","ticked":"aefb0e083287aa1553e38f61b846c90b","deviceid":"5269c420032d222cb4a9e4bd215d70e6"},"method":"loglogin.login","IPSOURCE":"::1","DATE_ATOM":"2022-09-20T17:42:31+02:00"}
{"params":{"userid":"dbernal@optical.pe","password":"...","ticked":"eec0841fae35b6b15e918b8700b7cdbf","deviceid":"4ac4bca30be278404432f717b2d9b22c"},"method":"loglogin.login","IPSOURCE":"::1","DATE_ATOM":"2022-09-20T18:44:44+02:00"}
{"params":{"userid":"dbernal@optical.pe","password":"...","ticked":"56e6572c97524c5b381e171d8a6d9e6a","deviceid":"38ff5432ad5372fb9e831b92647a0258"},"method":"loglogin.login","IPSOURCE":"::1","DATE_ATOM":"2022-09-20T18:49:58+02:00"}
{"params":{"userid":"dbernal@optical.pe","password":"...","ticked":"ce3b569785c8fbcacd36b838a6676761","deviceid":"ee70ae3f92a9989078d5577fb91d5d67"},"method":"loglogin.login","IPSOURCE":"::1","DATE_ATOM":"2022-09-20T18:55:42+02:00"}
{"params":{"userid":"user1","password":"admin$2021","ticked":"1a084bcb6b0432f5f1a071190d109339","deviceid":"ee70ae3f92a9989078d5577fb91d5d67"},"method":"loglogin.login","IPSOURCE":"::1","DATE_ATOM":"2022-09-20T18:55:55+02:00"}
{"params":{"userid":"dbernal@optical.pe","password":"...","ticked":"b36c0d4c4ca77eae3f23809418bb01ac","deviceid":"9ec404962c12645d6ca866e2cf45a6c9"},"method":"loglogin.login","IPSOURCE":"::1","DATE_ATOM":"2022-09-20T18:56:46+02:00"}
{"params":{"userid":"dbernal@optical.pe","password":"...","ticked":"bd3c1fae13341e4ea65dbea26c264a86","deviceid":"248d4dac1ea1db94525395d5bdd2bf2a"},"method":"loglogin.login","IPSOURCE":"::1","DATE_ATOM":"2022-09-20T19:04:34+02:00"}
{"params":{"userid":"dbernal@optical.pe","password":"...","ticked":"043ea9b3b416a189630beeac91d9045d","deviceid":"c44432fc9597ae7a4b2796fd42eeaa70"},"method":"loglogin.login","IPSOURCE":"::1","DATE_ATOM":"2022-09-20T19:27:17+02:00"}
{"params":{"userid":"dbernal@optical.pe","password":"...","ticked":"670a50e70014d6422064f8229621c752","deviceid":"a3a763df3b7baa667a89d82a2ced1cb8"},"method":"loglogin.login","IPSOURCE":"::1","DATE_ATOM":"2022-09-20T19:47:59+02:00"}
{"params":{"userid":"dbernal@optical.pe","password":"...","ticked":"d1fdeb1e9b8d4baab9758f9162816b73","deviceid":"7d0ec243157105978a04ca2a8646831e"},"method":"loglogin.login","IPSOURCE":"::1","DATE_ATOM":"2022-09-20T19:59:01+02:00"}
{"params":{"userid":"kpalomino@optical.pe","password":"...","ticked":"7055abc9f7deac8d976bd0e843bc431f","deviceid":"46dd0f1d02fddb05d054156d19bf081a"},"method":"loglogin.login","IPSOURCE":"::1","DATE_ATOM":"2022-09-20T20:00:39+02:00"}
{"params":{"userid":"schuquiruna@optical.pe","password":"...","ticked":"a1c978a1486ed857298c294a6dd3787b","deviceid":"96ab007d1e5c78cea382cb5d7a97d0c4"},"method":"loglogin.login","IPSOURCE":"::1","DATE_ATOM":"2022-09-20T20:01:33+02:00"}
{"params":{"userid":"hvasquez@optical.pe","password":"...","ticked":"26c4d246a85c612e170864d277fc9f7d","deviceid":"5ddc51356a90446f7946ca6e89feb3f3"},"method":"loglogin.login","IPSOURCE":"::1","DATE_ATOM":"2022-09-20T20:02:33+02:00"}
{"params":{"userid":"dbernal@optical.pe","password":"...","ticked":"b59d8055ff63468ef3631eafa96029a7","deviceid":"f3195d76e04c01330e9259c668f7c693"},"method":"loglogin.login","IPSOURCE":"::1","DATE_ATOM":"2022-09-20T20:03:11+02:00"}
{"params":{"userid":"dbernal@optical.pe","password":"...","ticked":"615075f83ffa400a15d7abbb56fc0688","deviceid":"96d3a20ae2ef1f9bc5e38135924d863e"},"method":"loglogin.login","IPSOURCE":"::1","DATE_ATOM":"2022-09-20T20:09:13+02:00"}
{"params":{"userid":"dbernal@optical.pe","password":"...","ticked":"a92653d46f59c8a09c8a256bc6aa467f","deviceid":"0521e7bcb880f61a1a0bc85ea33cd408"},"method":"loglogin.login","IPSOURCE":"::1","DATE_ATOM":"2022-09-20T20:15:31+02:00"}
{"params":{"userid":"dbernal@optical.pe","password":"...","ticked":"79d0948d9e6c039f753b26952617fbd0","deviceid":"a2ed3c6a6be5c443451571662c5e22a7"},"method":"loglogin.login","IPSOURCE":"::1","DATE_ATOM":"2022-09-20T21:24:23+02:00"}
{"params":{"userid":"dbernal@optical.pe","password":"...","ticked":"71ab8d167c8d228a4f5a969171a7d663","deviceid":"5573dd0c5fd48809df537ed08fe359c4"},"method":"loglogin.login","IPSOURCE":"::1","DATE_ATOM":"2022-09-20T21:25:36+02:00"}
{"params":{"userid":"dbernal@optical.pe","password":"...","ticked":"7b1afd01e6bf851b62c0681d0c598f8b","deviceid":"5d677d15bef9abbec85af6f49ecbd862"},"method":"loglogin.login","IPSOURCE":"::1","DATE_ATOM":"2022-09-20T22:03:08+02:00"}
