{"params":{"ticked":"bc9244b98d2b2f1cc79e0e841a1c8eeb.2bd5b8a3cf2df6a8293d7a4f79f8e1c9.79da487e15e363d9ff14c289cc8e3fd8"},"method":"logproceso.getall","USER_ID":"4090","USER_EMAIL":"user1_preventa@optical.pe","USER_NAME":"User1 Preventa","IPSOURCE":"::1","DATE_ATOM":"2022-07-26T21:40:20+02:00"}
{"params":{"ticked":"bc9244b98d2b2f1cc79e0e841a1c8eeb.2bd5b8a3cf2df6a8293d7a4f79f8e1c9.79da487e15e363d9ff14c289cc8e3fd8"},"method":"logproceso.getall","USER_ID":"4090","USER_EMAIL":"user1_preventa@optical.pe","USER_NAME":"User1 Preventa","IPSOURCE":"::1","DATE_ATOM":"2022-07-26T22:52:25+02:00"}
{"params":{"ticked":"bc9244b98d2b2f1cc79e0e841a1c8eeb.2bd5b8a3cf2df6a8293d7a4f79f8e1c9.79da487e15e363d9ff14c289cc8e3fd8"},"method":"logproceso.getall","USER_ID":"4090","USER_EMAIL":"user1_preventa@optical.pe","USER_NAME":"User1 Preventa","IPSOURCE":"::1","DATE_ATOM":"2022-07-26T22:53:05+02:00"}
{"params":{"ticked":"bc9244b98d2b2f1cc79e0e841a1c8eeb.2bd5b8a3cf2df6a8293d7a4f79f8e1c9.79da487e15e363d9ff14c289cc8e3fd8"},"method":"logproceso.getall","USER_ID":"4090","USER_EMAIL":"user1_preventa@optical.pe","USER_NAME":"User1 Preventa","IPSOURCE":"::1","DATE_ATOM":"2022-07-26T22:53:14+02:00"}
{"params":{"ticked":"bc9244b98d2b2f1cc79e0e841a1c8eeb.2bd5b8a3cf2df6a8293d7a4f79f8e1c9.79da487e15e363d9ff14c289cc8e3fd8"},"method":"logproceso.getall","USER_ID":"4090","USER_EMAIL":"user1_preventa@optical.pe","USER_NAME":"User1 Preventa","IPSOURCE":"::1","DATE_ATOM":"2022-07-26T22:56:33+02:00"}
{"params":{"ticked":"bc9244b98d2b2f1cc79e0e841a1c8eeb.2bd5b8a3cf2df6a8293d7a4f79f8e1c9.79da487e15e363d9ff14c289cc8e3fd8"},"method":"logproceso.getall","USER_ID":"4090","USER_EMAIL":"user1_preventa@optical.pe","USER_NAME":"User1 Preventa","IPSOURCE":"::1","DATE_ATOM":"2022-07-26T23:22:04+02:00"}
{"params":{"ticked":"bc9244b98d2b2f1cc79e0e841a1c8eeb.2bd5b8a3cf2df6a8293d7a4f79f8e1c9.79da487e15e363d9ff14c289cc8e3fd8"},"method":"logproceso.getall","USER_ID":"4090","USER_EMAIL":"user1_preventa@optical.pe","USER_NAME":"User1 Preventa","IPSOURCE":"::1","DATE_ATOM":"2022-07-26T23:22:04+02:00"}
{"params":{"ticked":"bc9244b98d2b2f1cc79e0e841a1c8eeb.2bd5b8a3cf2df6a8293d7a4f79f8e1c9.79da487e15e363d9ff14c289cc8e3fd8"},"method":"logproceso.getall","USER_ID":"4090","USER_EMAIL":"user1_preventa@optical.pe","USER_NAME":"User1 Preventa","IPSOURCE":"::1","DATE_ATOM":"2022-07-26T23:22:05+02:00"}
{"params":{"ticked":"bc9244b98d2b2f1cc79e0e841a1c8eeb.2bd5b8a3cf2df6a8293d7a4f79f8e1c9.79da487e15e363d9ff14c289cc8e3fd8"},"method":"logproceso.getall","USER_ID":"4090","USER_EMAIL":"user1_preventa@optical.pe","USER_NAME":"User1 Preventa","IPSOURCE":"::1","DATE_ATOM":"2022-07-26T23:22:16+02:00"}
{"params":{"ticked":"3ec48da81007fd8d0f1fb6b578e443ee.3b04815588a0d15893c9b3732b51f46b.ad44b7c4ca78ca8561bd9edf375a18b1"},"method":"logproceso.getall","USER_ID":"4090","USER_EMAIL":"user1_preventa@optical.pe","USER_NAME":"User1 Preventa","IPSOURCE":"::1","DATE_ATOM":"2022-07-26T23:22:36+02:00"}
{"params":{"ticked":"3ec48da81007fd8d0f1fb6b578e443ee.3b04815588a0d15893c9b3732b51f46b.ad44b7c4ca78ca8561bd9edf375a18b1"},"method":"logproceso.getall","USER_ID":"4090","USER_EMAIL":"user1_preventa@optical.pe","USER_NAME":"User1 Preventa","IPSOURCE":"::1","DATE_ATOM":"2022-07-26T23:22:48+02:00"}
{"params":{"ticked":"3ec48da81007fd8d0f1fb6b578e443ee.3b04815588a0d15893c9b3732b51f46b.ad44b7c4ca78ca8561bd9edf375a18b1"},"method":"logproceso.getall","USER_ID":"4090","USER_EMAIL":"user1_preventa@optical.pe","USER_NAME":"User1 Preventa","IPSOURCE":"::1","DATE_ATOM":"2022-07-26T23:38:27+02:00"}
{"params":{"ticked":"3ec48da81007fd8d0f1fb6b578e443ee.3b04815588a0d15893c9b3732b51f46b.ad44b7c4ca78ca8561bd9edf375a18b1"},"method":"logproceso.getall","USER_ID":"4090","USER_EMAIL":"user1_preventa@optical.pe","USER_NAME":"User1 Preventa","IPSOURCE":"::1","DATE_ATOM":"2022-07-26T23:38:34+02:00"}
{"params":{"ticked":"3ec48da81007fd8d0f1fb6b578e443ee.3b04815588a0d15893c9b3732b51f46b.ad44b7c4ca78ca8561bd9edf375a18b1"},"method":"logproceso.getall","USER_ID":"4090","USER_EMAIL":"user1_preventa@optical.pe","USER_NAME":"User1 Preventa","IPSOURCE":"::1","DATE_ATOM":"2022-07-26T23:38:42+02:00"}
{"params":{"ticked":"3ec48da81007fd8d0f1fb6b578e443ee.3b04815588a0d15893c9b3732b51f46b.ad44b7c4ca78ca8561bd9edf375a18b1"},"method":"logproceso.getall","USER_ID":"4090","USER_EMAIL":"user1_preventa@optical.pe","USER_NAME":"User1 Preventa","IPSOURCE":"::1","DATE_ATOM":"2022-07-26T23:38:49+02:00"}
{"params":{"ticked":"73dff1a7a52fe2eacc37c6214a34e029.4b2b712557d669f72be5270608439583.727b45620184bb7a21ae3fa9a639cc87"},"method":"logproceso.getall","USER_ID":"3857","USER_EMAIL":"dbernal@optical.pe","USER_NAME":"Daniel Bernal","IPSOURCE":"::1","DATE_ATOM":"2022-07-26T23:42:36+02:00"}
{"params":{"ticked":"73dff1a7a52fe2eacc37c6214a34e029.4b2b712557d669f72be5270608439583.727b45620184bb7a21ae3fa9a639cc87"},"method":"logproceso.getall","USER_ID":"3857","USER_EMAIL":"dbernal@optical.pe","USER_NAME":"Daniel Bernal","IPSOURCE":"::1","DATE_ATOM":"2022-07-26T23:42:56+02:00"}
{"params":{"ticked":"73dff1a7a52fe2eacc37c6214a34e029.4b2b712557d669f72be5270608439583.727b45620184bb7a21ae3fa9a639cc87"},"method":"logproceso.getall","USER_ID":"3857","USER_EMAIL":"dbernal@optical.pe","USER_NAME":"Daniel Bernal","IPSOURCE":"::1","DATE_ATOM":"2022-07-26T23:43:33+02:00"}
{"params":{"ticked":"73dff1a7a52fe2eacc37c6214a34e029.4b2b712557d669f72be5270608439583.727b45620184bb7a21ae3fa9a639cc87"},"method":"logproceso.getall","USER_ID":"3857","USER_EMAIL":"dbernal@optical.pe","USER_NAME":"Daniel Bernal","IPSOURCE":"::1","DATE_ATOM":"2022-07-26T23:44:04+02:00"}
{"params":{"ticked":"3ec48da81007fd8d0f1fb6b578e443ee.3b04815588a0d15893c9b3732b51f46b.ad44b7c4ca78ca8561bd9edf375a18b1"},"method":"logproceso.getall","USER_ID":"4090","USER_EMAIL":"user1_preventa@optical.pe","USER_NAME":"User1 Preventa","IPSOURCE":"::1","DATE_ATOM":"2022-07-27T00:41:57+02:00"}
{"params":{"ticked":"73dff1a7a52fe2eacc37c6214a34e029.4b2b712557d669f72be5270608439583.727b45620184bb7a21ae3fa9a639cc87"},"method":"logproceso.getall","USER_ID":"3857","USER_EMAIL":"dbernal@optical.pe","USER_NAME":"Daniel Bernal","IPSOURCE":"::1","DATE_ATOM":"2022-07-27T00:47:48+02:00"}
{"params":{"ticked":"73dff1a7a52fe2eacc37c6214a34e029.4b2b712557d669f72be5270608439583.727b45620184bb7a21ae3fa9a639cc87"},"method":"logproceso.getall","USER_ID":"3857","USER_EMAIL":"dbernal@optical.pe","USER_NAME":"Daniel Bernal","IPSOURCE":"::1","DATE_ATOM":"2022-07-27T00:53:30+02:00"}
{"params":{"ticked":"80e66f9a4112d1a919449200d6dd022b.dc59c5286f7925c099ca63b0bb9cbae5.47771f4f2b50a8e338016de92b193c4b"},"method":"logproceso.getall","USER_ID":"3874","USER_EMAIL":"user1_provision@optical.pe","USER_NAME":"disenio1","IPSOURCE":"::1","DATE_ATOM":"2022-07-27T17:48:33+02:00"}
{"params":{"ticked":"c7e4d904d46dcb7c310cce63948cf51b.c3f2a68b250d4c3e529e24d50bc124e9.b923920ff6aad2a9edaae9690820d7aa"},"method":"logproceso.getall","USER_ID":"4090","USER_EMAIL":"user1_preventa@optical.pe","USER_NAME":"User1 Preventa","IPSOURCE":"::1","DATE_ATOM":"2022-08-11T19:34:29+02:00"}
{"params":{"ticked":"666fe05453419c26e334ba5b39114787.ef57ad0ab9ae3cec5c1090a2154d18d4.fa8f91d072ae80a49ce7afe972d133c0"},"method":"logproceso.getall","USER_ID":"3874","USER_EMAIL":"user1_provision@optical.pe","USER_NAME":"disenio1","IPSOURCE":"::1","DATE_ATOM":"2022-08-13T00:30:54+02:00"}
{"params":{"ticked":"0c8b0d06b8f95475486c04a83f62e24d.76725a9b8ea5cd8d0203db14a6b00e5a.a3fb044a3680cad81acf43c3fd39ea3d"},"method":"logproceso.getall","USER_ID":"3874","USER_EMAIL":"user1_provision@optical.pe","USER_NAME":"disenio1","IPSOURCE":"::1","DATE_ATOM":"2022-08-13T02:41:46+02:00"}
{"params":{"ticked":"011c0bb4086a39789a44151b1039a9ef.50e937aba523d0034981e3b6681f1c01.4adce9481f9188c8680cc428edde2e19"},"method":"logproceso.getall","USER_ID":"3874","USER_EMAIL":"user1_provision@optical.pe","USER_NAME":"disenio1","IPSOURCE":"::1","DATE_ATOM":"2022-08-15T19:14:09+02:00"}
{"params":{"ticked":"43571fc68a3bcf4b2b1d6767f2d56f81.034dac9a229465f3f5010cc8c0a1447c.cbc3b34d26e460eaea98243a11d5fb27"},"method":"logproceso.getall","USER_ID":"3874","USER_EMAIL":"user1_provision@optical.pe","USER_NAME":"disenio1","IPSOURCE":"::1","DATE_ATOM":"2022-08-23T19:51:32+02:00"}
{"params":{"ticked":"e78e22c209d67b28e8a53d6c91703135.f349ea6533d77db2a58ac27f6470f008.27850481704257109de54d9f0fedc54c"},"method":"logproceso.getall","USER_ID":"4090","USER_EMAIL":"user1_preventa@optical.pe","USER_NAME":"User1 Preventa","IPSOURCE":"::1","DATE_ATOM":"2022-08-23T22:23:48+02:00"}
{"params":{"ticked":"33b821317b2103a92cbc23396dacc00c.bce59547cba053971de8b5d9d52529df.0e92b54c940d9ea3c479a898da04bd20"},"method":"logproceso.getall","USER_ID":"4090","USER_EMAIL":"user1_preventa@optical.pe","USER_NAME":"User1 Preventa","IPSOURCE":"::1","DATE_ATOM":"2022-08-23T22:53:23+02:00"}
{"params":{"ticked":"9557cbb66dad52a9e1964ec442eb04fd.beded7036b277041639ca87971a089d4.6872906a41872a3c6612b757abb2b829"},"method":"logproceso.getall","USER_ID":"3874","USER_EMAIL":"user1_provision@optical.pe","USER_NAME":"disenio1","IPSOURCE":"::1","DATE_ATOM":"2022-08-24T17:38:15+02:00"}
{"params":{"ticked":"0852150823da6ff4c84ed2cddb1aa98a.c2767bad56bd7ce0cc2293b037538280.690931510a885a0dbd641b7e14060436"},"method":"logproceso.getall","USER_ID":"4090","USER_EMAIL":"user1_preventa@optical.pe","USER_NAME":"User1 Preventa","IPSOURCE":"::1","DATE_ATOM":"2022-08-29T16:22:38+02:00"}
{"params":{"ticked":"97c494f5d0081c1da7a8335b392c6a9a.a932a65b64b9d453dcf2b928ad67fe92.5b30a3b554296eb2b13c04177c8d5fdb"},"method":"logproceso.getall","USER_ID":"4090","USER_EMAIL":"user1_preventa@optical.pe","USER_NAME":"User1 Preventa","IPSOURCE":"::1","DATE_ATOM":"2022-08-31T17:10:58+02:00"}
{"params":{"ticked":"bc15a251f4ab0ab631693518d6901c68.2cc421e5cc9760b33a2ef3d07b0bbdde.0589bbcddccc7c0b91ffeebc395d1183"},"method":"logproceso.getall","USER_ID":"4090","USER_EMAIL":"user1_preventa@optical.pe","USER_NAME":"User1 Preventa","IPSOURCE":"::1","DATE_ATOM":"2022-08-31T19:19:28+02:00"}
{"params":{"ticked":"a8c3d99b5b8d79379e9cfd5f2b4fe815.9ce4a638dc00bb0877828e7e1222d43f.8389f7eb9cff1611304262ee78ba6402"},"method":"logproceso.getall","USER_ID":"4090","USER_EMAIL":"user1_preventa@optical.pe","USER_NAME":"User1 Preventa","IPSOURCE":"::1","DATE_ATOM":"2022-08-31T19:23:28+02:00"}
{"params":{"ticked":"dba7e0c1664127635bbac746c46e8fe4.08ec1572babeddf4df6be6c9f8b474e7.a4122dffa41844b61d1e77617f8f5561"},"method":"logproceso.getall","USER_ID":"4090","USER_EMAIL":"user1_preventa@optical.pe","USER_NAME":"User1 Preventa","IPSOURCE":"::1","DATE_ATOM":"2022-09-02T00:49:01+02:00"}
{"params":{"ticked":"8803424874292c6b6519afeed2f7a02e.52a4fa63d4fdecfb57f7b37f88fca716.e8f541c8268c98731ca572b77a76a77c"},"method":"logproceso.getall","USER_ID":"4090","USER_EMAIL":"user1_preventa@optical.pe","USER_NAME":"User1 Preventa","IPSOURCE":"::1","DATE_ATOM":"2022-09-02T16:44:35+02:00"}
{"params":{"ticked":"b3905a626d694d4c85f3cd04fa5c4688.ab9fbf572a92573fbe1d31488fe06efc.3dac412461c8b19739cd87041307c016"},"method":"logproceso.getall","USER_ID":"2489","USER_EMAIL":"user1","USER_NAME":"Administrador","IPSOURCE":"::1","DATE_ATOM":"2022-09-03T00:13:43+02:00"}
{"params":{"ticked":"c9f5ce73bd136f2c8845e3374884a233.e7746982bda23dfedc63490706cae245.d09985e1ec85198cf418d772b1c2615a"},"method":"logproceso.getall","USER_ID":"2489","USER_EMAIL":"user1","USER_NAME":"Administrador","IPSOURCE":"::1","DATE_ATOM":"2022-09-03T01:49:28+02:00"}
{"params":{"ticked":"77fdac7402f11280da1b60ad81112705.5b49a0ddeab6a0d758d32c385ee6f3f1.ee2a15f95d2ba6d9b01963a8f926cb28"},"method":"logproceso.getall","USER_ID":"4090","USER_EMAIL":"user1_preventa@optical.pe","USER_NAME":"User1 Preventa","IPSOURCE":"::1","DATE_ATOM":"2022-09-05T19:42:26+02:00"}
{"params":{"ticked":"5648b0c8a53f44cbb2460c4dfc1710c3.b7225d2229649b54af6b2b55425a4fa6.ab5b64b105329b8225ac7456a430d2f3"},"method":"logproceso.getall","USER_ID":"4090","USER_EMAIL":"user1_preventa@optical.pe","USER_NAME":"User1 Preventa","IPSOURCE":"::1","DATE_ATOM":"2022-09-06T21:32:04+02:00"}
{"params":{"ticked":"5648b0c8a53f44cbb2460c4dfc1710c3.b7225d2229649b54af6b2b55425a4fa6.ab5b64b105329b8225ac7456a430d2f3"},"method":"logproceso.getall","USER_ID":"4090","USER_EMAIL":"user1_preventa@optical.pe","USER_NAME":"User1 Preventa","IPSOURCE":"::1","DATE_ATOM":"2022-09-06T23:06:04+02:00"}
{"params":{"ticked":"3a7f74b908e904c732b3529a9e340362.294871ffeb83d4b0ec806da701e579bf.76748e522e8585f0f14715708d7bef9c"},"method":"logproceso.getall","USER_ID":"4090","USER_EMAIL":"user1_preventa@optical.pe","USER_NAME":"User1 Preventa","IPSOURCE":"::1","DATE_ATOM":"2022-09-07T17:30:29+02:00"}
{"params":{"ticked":"3a7f74b908e904c732b3529a9e340362.294871ffeb83d4b0ec806da701e579bf.76748e522e8585f0f14715708d7bef9c"},"method":"logproceso.getall","USER_ID":"4090","USER_EMAIL":"user1_preventa@optical.pe","USER_NAME":"User1 Preventa","IPSOURCE":"::1","DATE_ATOM":"2022-09-07T17:30:35+02:00"}
{"params":{"ticked":"13b7cc3be6716875732d822513b3205d.41d17c8b2c46962298c95e1ebce564d9.81aa102b5dc7728ffad181e365c56c7f"},"method":"logproceso.getall","USER_ID":"4090","USER_EMAIL":"user1_preventa@optical.pe","USER_NAME":"User1 Preventa","IPSOURCE":"::1","DATE_ATOM":"2022-09-08T00:52:25+02:00"}
{"params":{"ticked":"b194ba2b84329b7f5eb9e51e9491b9a8.0752d483efc13822e58eb88c50588818.c3d5780c41fff6d495da43cf09ff825f"},"method":"logproceso.getall","USER_ID":"4090","USER_EMAIL":"user1_preventa@optical.pe","USER_NAME":"User1 Preventa","IPSOURCE":"::1","DATE_ATOM":"2022-09-08T02:02:14+02:00"}
{"params":{"ticked":"eb4208fd6151559f43ad06b2bdd60dde.8576203aee922b4ebe5add7a98e77d84.f3454dc7ef5fd50973f8126957d679eb"},"method":"logproceso.getall","USER_ID":"3857","USER_EMAIL":"dbernal@optical.pe","USER_NAME":"Daniel Bernal","IPSOURCE":"::1","DATE_ATOM":"2022-09-12T17:16:44+02:00"}
{"params":{"ticked":"4b0988e838be4f95209668e29482508f.353c34e9e0bd768530c1c2460ad6dca1.aae4b6663cfcd373c24446a75e112bb6"},"method":"logproceso.getall","USER_ID":"4182","USER_EMAIL":"user2_provision@optical.pe","USER_NAME":"provision2","IPSOURCE":"::1","DATE_ATOM":"2022-09-14T17:46:37+02:00"}
{"params":{"ticked":"b9f1361cadcc82081552ce529f92f753.b2c10f266cbff409c5fb0de1abc3e5fd.635616f7604c269bf7e92981a703a1af"},"method":"logproceso.getall","USER_ID":"3857","USER_EMAIL":"dbernal@optical.pe","USER_NAME":"Daniel Bernal","IPSOURCE":"::1","DATE_ATOM":"2022-09-19T19:00:45+02:00"}
{"params":{"ticked":"b9f1361cadcc82081552ce529f92f753.b2c10f266cbff409c5fb0de1abc3e5fd.635616f7604c269bf7e92981a703a1af"},"method":"logproceso.getall","USER_ID":"3857","USER_EMAIL":"dbernal@optical.pe","USER_NAME":"Daniel Bernal","IPSOURCE":"::1","DATE_ATOM":"2022-09-19T19:00:58+02:00"}
{"params":{"ticked":"83f12c1d8fc5a832764f87f352f4b39d.13942a189d2c7f61cc114e62b8919cf6.5fb6b12345e52d09261d487c6b7b386c"},"method":"logproceso.getall","USER_ID":"3874","USER_EMAIL":"user1_provision@optical.pe","USER_NAME":"disenio1","IPSOURCE":"::1","DATE_ATOM":"2022-09-19T19:20:11+02:00"}
{"params":{"ticked":"83f12c1d8fc5a832764f87f352f4b39d.13942a189d2c7f61cc114e62b8919cf6.5fb6b12345e52d09261d487c6b7b386c"},"method":"logproceso.getall","USER_ID":"3874","USER_EMAIL":"user1_provision@optical.pe","USER_NAME":"disenio1","IPSOURCE":"::1","DATE_ATOM":"2022-09-19T19:35:36+02:00"}
{"params":{"ticked":"59065660c6b7f2c3de966b58abd681c4.382090646821d894e3289d5511ddc602.fbda1cde1cd53b0b6850cb452ae29429"},"method":"logproceso.getall","USER_ID":"3857","USER_EMAIL":"dbernal@optical.pe","USER_NAME":"Daniel Bernal","IPSOURCE":"::1","DATE_ATOM":"2022-09-19T19:40:08+02:00"}
{"params":{"ticked":"59065660c6b7f2c3de966b58abd681c4.382090646821d894e3289d5511ddc602.fbda1cde1cd53b0b6850cb452ae29429"},"method":"logproceso.getall","USER_ID":"3857","USER_EMAIL":"dbernal@optical.pe","USER_NAME":"Daniel Bernal","IPSOURCE":"::1","DATE_ATOM":"2022-09-19T19:41:19+02:00"}
{"params":{"ticked":"59065660c6b7f2c3de966b58abd681c4.382090646821d894e3289d5511ddc602.fbda1cde1cd53b0b6850cb452ae29429"},"method":"logproceso.getall","USER_ID":"3857","USER_EMAIL":"dbernal@optical.pe","USER_NAME":"Daniel Bernal","IPSOURCE":"::1","DATE_ATOM":"2022-09-19T19:42:27+02:00"}
{"params":{"ticked":"59065660c6b7f2c3de966b58abd681c4.382090646821d894e3289d5511ddc602.fbda1cde1cd53b0b6850cb452ae29429"},"method":"logproceso.getall","USER_ID":"3857","USER_EMAIL":"dbernal@optical.pe","USER_NAME":"Daniel Bernal","IPSOURCE":"::1","DATE_ATOM":"2022-09-19T19:44:05+02:00"}
{"params":{"ticked":"bdc71f83bee95f8c21e121aa283fde3b.6f544e7ea49087cea74a77723b1be8e9.863e62f7b761bac2dd852f5868ed26a0"},"method":"logproceso.getall","USER_ID":"3857","USER_EMAIL":"dbernal@optical.pe","USER_NAME":"Daniel Bernal","IPSOURCE":"::1","DATE_ATOM":"2022-09-19T19:45:34+02:00"}
