{"params":{"ticked":"bc9244b98d2b2f1cc79e0e841a1c8eeb.2bd5b8a3cf2df6a8293d7a4f79f8e1c9.79da487e15e363d9ff14c289cc8e3fd8"},"method":"logusuarios.getgroups","USER_ID":"4090","USER_EMAIL":"user1_preventa@optical.pe","USER_NAME":"User1 Preventa","IPSOURCE":"::1","DATE_ATOM":"2022-07-26T21:40:19+02:00"}
{"params":{"ticked":"bc9244b98d2b2f1cc79e0e841a1c8eeb.2bd5b8a3cf2df6a8293d7a4f79f8e1c9.79da487e15e363d9ff14c289cc8e3fd8"},"method":"logusuarios.getgroups","USER_ID":"4090","USER_EMAIL":"user1_preventa@optical.pe","USER_NAME":"User1 Preventa","IPSOURCE":"::1","DATE_ATOM":"2022-07-26T22:52:24+02:00"}
{"params":{"ticked":"bc9244b98d2b2f1cc79e0e841a1c8eeb.2bd5b8a3cf2df6a8293d7a4f79f8e1c9.79da487e15e363d9ff14c289cc8e3fd8"},"method":"logusuarios.getgroups","USER_ID":"4090","USER_EMAIL":"user1_preventa@optical.pe","USER_NAME":"User1 Preventa","IPSOURCE":"::1","DATE_ATOM":"2022-07-26T22:53:03+02:00"}
{"params":{"ticked":"bc9244b98d2b2f1cc79e0e841a1c8eeb.2bd5b8a3cf2df6a8293d7a4f79f8e1c9.79da487e15e363d9ff14c289cc8e3fd8"},"method":"logusuarios.getgroups","USER_ID":"4090","USER_EMAIL":"user1_preventa@optical.pe","USER_NAME":"User1 Preventa","IPSOURCE":"::1","DATE_ATOM":"2022-07-26T22:53:12+02:00"}
{"params":{"ticked":"bc9244b98d2b2f1cc79e0e841a1c8eeb.2bd5b8a3cf2df6a8293d7a4f79f8e1c9.79da487e15e363d9ff14c289cc8e3fd8"},"method":"logusuarios.getgroups","USER_ID":"4090","USER_EMAIL":"user1_preventa@optical.pe","USER_NAME":"User1 Preventa","IPSOURCE":"::1","DATE_ATOM":"2022-07-26T22:56:31+02:00"}
{"params":{"ticked":"bc9244b98d2b2f1cc79e0e841a1c8eeb.2bd5b8a3cf2df6a8293d7a4f79f8e1c9.79da487e15e363d9ff14c289cc8e3fd8"},"method":"logusuarios.getgroups","USER_ID":"4090","USER_EMAIL":"user1_preventa@optical.pe","USER_NAME":"User1 Preventa","IPSOURCE":"::1","DATE_ATOM":"2022-07-26T23:21:48+02:00"}
{"params":{"ticked":"bc9244b98d2b2f1cc79e0e841a1c8eeb.2bd5b8a3cf2df6a8293d7a4f79f8e1c9.79da487e15e363d9ff14c289cc8e3fd8"},"method":"logusuarios.getgroups","USER_ID":"4090","USER_EMAIL":"user1_preventa@optical.pe","USER_NAME":"User1 Preventa","IPSOURCE":"::1","DATE_ATOM":"2022-07-26T23:21:54+02:00"}
{"params":{"ticked":"bc9244b98d2b2f1cc79e0e841a1c8eeb.2bd5b8a3cf2df6a8293d7a4f79f8e1c9.79da487e15e363d9ff14c289cc8e3fd8"},"method":"logusuarios.getgroups","USER_ID":"4090","USER_EMAIL":"user1_preventa@optical.pe","USER_NAME":"User1 Preventa","IPSOURCE":"::1","DATE_ATOM":"2022-07-26T23:22:00+02:00"}
{"params":{"ticked":"bc9244b98d2b2f1cc79e0e841a1c8eeb.2bd5b8a3cf2df6a8293d7a4f79f8e1c9.79da487e15e363d9ff14c289cc8e3fd8"},"method":"logusuarios.getgroups","USER_ID":"4090","USER_EMAIL":"user1_preventa@optical.pe","USER_NAME":"User1 Preventa","IPSOURCE":"::1","DATE_ATOM":"2022-07-26T23:22:14+02:00"}
{"params":{"ticked":"3ec48da81007fd8d0f1fb6b578e443ee.3b04815588a0d15893c9b3732b51f46b.ad44b7c4ca78ca8561bd9edf375a18b1"},"method":"logusuarios.getgroups","USER_ID":"4090","USER_EMAIL":"user1_preventa@optical.pe","USER_NAME":"User1 Preventa","IPSOURCE":"::1","DATE_ATOM":"2022-07-26T23:22:32+02:00"}
{"params":{"ticked":"3ec48da81007fd8d0f1fb6b578e443ee.3b04815588a0d15893c9b3732b51f46b.ad44b7c4ca78ca8561bd9edf375a18b1"},"method":"logusuarios.getgroups","USER_ID":"4090","USER_EMAIL":"user1_preventa@optical.pe","USER_NAME":"User1 Preventa","IPSOURCE":"::1","DATE_ATOM":"2022-07-26T23:22:46+02:00"}
{"params":{"ticked":"3ec48da81007fd8d0f1fb6b578e443ee.3b04815588a0d15893c9b3732b51f46b.ad44b7c4ca78ca8561bd9edf375a18b1"},"method":"logusuarios.getgroups","USER_ID":"4090","USER_EMAIL":"user1_preventa@optical.pe","USER_NAME":"User1 Preventa","IPSOURCE":"::1","DATE_ATOM":"2022-07-26T23:38:22+02:00"}
{"params":{"ticked":"3ec48da81007fd8d0f1fb6b578e443ee.3b04815588a0d15893c9b3732b51f46b.ad44b7c4ca78ca8561bd9edf375a18b1"},"method":"logusuarios.getgroups","USER_ID":"4090","USER_EMAIL":"user1_preventa@optical.pe","USER_NAME":"User1 Preventa","IPSOURCE":"::1","DATE_ATOM":"2022-07-26T23:38:32+02:00"}
{"params":{"ticked":"3ec48da81007fd8d0f1fb6b578e443ee.3b04815588a0d15893c9b3732b51f46b.ad44b7c4ca78ca8561bd9edf375a18b1"},"method":"logusuarios.getgroups","USER_ID":"4090","USER_EMAIL":"user1_preventa@optical.pe","USER_NAME":"User1 Preventa","IPSOURCE":"::1","DATE_ATOM":"2022-07-26T23:38:40+02:00"}
{"params":{"ticked":"3ec48da81007fd8d0f1fb6b578e443ee.3b04815588a0d15893c9b3732b51f46b.ad44b7c4ca78ca8561bd9edf375a18b1"},"method":"logusuarios.getgroups","USER_ID":"4090","USER_EMAIL":"user1_preventa@optical.pe","USER_NAME":"User1 Preventa","IPSOURCE":"::1","DATE_ATOM":"2022-07-26T23:38:47+02:00"}
{"params":{"ticked":"73dff1a7a52fe2eacc37c6214a34e029.4b2b712557d669f72be5270608439583.727b45620184bb7a21ae3fa9a639cc87"},"method":"logusuarios.getgroups","USER_ID":"3857","USER_EMAIL":"dbernal@optical.pe","USER_NAME":"Daniel Bernal","IPSOURCE":"::1","DATE_ATOM":"2022-07-26T23:42:34+02:00"}
{"params":{"ticked":"73dff1a7a52fe2eacc37c6214a34e029.4b2b712557d669f72be5270608439583.727b45620184bb7a21ae3fa9a639cc87"},"method":"logusuarios.getgroups","USER_ID":"3857","USER_EMAIL":"dbernal@optical.pe","USER_NAME":"Daniel Bernal","IPSOURCE":"::1","DATE_ATOM":"2022-07-26T23:42:54+02:00"}
{"params":{"ticked":"73dff1a7a52fe2eacc37c6214a34e029.4b2b712557d669f72be5270608439583.727b45620184bb7a21ae3fa9a639cc87"},"method":"logusuarios.getgroups","USER_ID":"3857","USER_EMAIL":"dbernal@optical.pe","USER_NAME":"Daniel Bernal","IPSOURCE":"::1","DATE_ATOM":"2022-07-26T23:43:32+02:00"}
{"params":{"ticked":"73dff1a7a52fe2eacc37c6214a34e029.4b2b712557d669f72be5270608439583.727b45620184bb7a21ae3fa9a639cc87"},"method":"logusuarios.getgroups","USER_ID":"3857","USER_EMAIL":"dbernal@optical.pe","USER_NAME":"Daniel Bernal","IPSOURCE":"::1","DATE_ATOM":"2022-07-26T23:44:03+02:00"}
{"params":{"ticked":"3ec48da81007fd8d0f1fb6b578e443ee.3b04815588a0d15893c9b3732b51f46b.ad44b7c4ca78ca8561bd9edf375a18b1"},"method":"logusuarios.getgroups","USER_ID":"4090","USER_EMAIL":"user1_preventa@optical.pe","USER_NAME":"User1 Preventa","IPSOURCE":"::1","DATE_ATOM":"2022-07-27T00:41:55+02:00"}
{"params":{"ticked":"73dff1a7a52fe2eacc37c6214a34e029.4b2b712557d669f72be5270608439583.727b45620184bb7a21ae3fa9a639cc87"},"method":"logusuarios.getgroups","USER_ID":"3857","USER_EMAIL":"dbernal@optical.pe","USER_NAME":"Daniel Bernal","IPSOURCE":"::1","DATE_ATOM":"2022-07-27T00:47:46+02:00"}
{"params":{"ticked":"73dff1a7a52fe2eacc37c6214a34e029.4b2b712557d669f72be5270608439583.727b45620184bb7a21ae3fa9a639cc87"},"method":"logusuarios.getgroups","USER_ID":"3857","USER_EMAIL":"dbernal@optical.pe","USER_NAME":"Daniel Bernal","IPSOURCE":"::1","DATE_ATOM":"2022-07-27T00:53:28+02:00"}
{"params":{"ticked":"80e66f9a4112d1a919449200d6dd022b.dc59c5286f7925c099ca63b0bb9cbae5.47771f4f2b50a8e338016de92b193c4b"},"method":"logusuarios.getgroups","USER_ID":"3874","USER_EMAIL":"user1_provision@optical.pe","USER_NAME":"disenio1","IPSOURCE":"::1","DATE_ATOM":"2022-07-27T17:48:30+02:00"}
{"params":{"ticked":"c7e4d904d46dcb7c310cce63948cf51b.c3f2a68b250d4c3e529e24d50bc124e9.b923920ff6aad2a9edaae9690820d7aa"},"method":"logusuarios.getgroups","USER_ID":"4090","USER_EMAIL":"user1_preventa@optical.pe","USER_NAME":"User1 Preventa","IPSOURCE":"::1","DATE_ATOM":"2022-08-11T19:34:26+02:00"}
{"params":{"ticked":"666fe05453419c26e334ba5b39114787.ef57ad0ab9ae3cec5c1090a2154d18d4.fa8f91d072ae80a49ce7afe972d133c0"},"method":"logusuarios.getgroups","USER_ID":"3874","USER_EMAIL":"user1_provision@optical.pe","USER_NAME":"disenio1","IPSOURCE":"::1","DATE_ATOM":"2022-08-13T00:30:35+02:00"}
{"params":{"ticked":"0c8b0d06b8f95475486c04a83f62e24d.76725a9b8ea5cd8d0203db14a6b00e5a.a3fb044a3680cad81acf43c3fd39ea3d"},"method":"logusuarios.getgroups","USER_ID":"3874","USER_EMAIL":"user1_provision@optical.pe","USER_NAME":"disenio1","IPSOURCE":"::1","DATE_ATOM":"2022-08-13T02:41:38+02:00"}
{"params":{"ticked":"011c0bb4086a39789a44151b1039a9ef.50e937aba523d0034981e3b6681f1c01.4adce9481f9188c8680cc428edde2e19"},"method":"logusuarios.getgroups","USER_ID":"3874","USER_EMAIL":"user1_provision@optical.pe","USER_NAME":"disenio1","IPSOURCE":"::1","DATE_ATOM":"2022-08-15T19:14:02+02:00"}
{"params":{"ticked":"43571fc68a3bcf4b2b1d6767f2d56f81.034dac9a229465f3f5010cc8c0a1447c.cbc3b34d26e460eaea98243a11d5fb27"},"method":"logusuarios.getgroups","USER_ID":"3874","USER_EMAIL":"user1_provision@optical.pe","USER_NAME":"disenio1","IPSOURCE":"::1","DATE_ATOM":"2022-08-23T19:51:23+02:00"}
{"params":{"ticked":"e78e22c209d67b28e8a53d6c91703135.f349ea6533d77db2a58ac27f6470f008.27850481704257109de54d9f0fedc54c"},"method":"logusuarios.getgroups","USER_ID":"4090","USER_EMAIL":"user1_preventa@optical.pe","USER_NAME":"User1 Preventa","IPSOURCE":"::1","DATE_ATOM":"2022-08-23T22:23:45+02:00"}
{"params":{"ticked":"33b821317b2103a92cbc23396dacc00c.bce59547cba053971de8b5d9d52529df.0e92b54c940d9ea3c479a898da04bd20"},"method":"logusuarios.getgroups","USER_ID":"4090","USER_EMAIL":"user1_preventa@optical.pe","USER_NAME":"User1 Preventa","IPSOURCE":"::1","DATE_ATOM":"2022-08-23T22:53:21+02:00"}
{"params":{"ticked":"9557cbb66dad52a9e1964ec442eb04fd.beded7036b277041639ca87971a089d4.6872906a41872a3c6612b757abb2b829"},"method":"logusuarios.getgroups","USER_ID":"3874","USER_EMAIL":"user1_provision@optical.pe","USER_NAME":"disenio1","IPSOURCE":"::1","DATE_ATOM":"2022-08-24T17:37:58+02:00"}
{"params":{"ticked":"0852150823da6ff4c84ed2cddb1aa98a.c2767bad56bd7ce0cc2293b037538280.690931510a885a0dbd641b7e14060436"},"method":"logusuarios.getgroups","USER_ID":"4090","USER_EMAIL":"user1_preventa@optical.pe","USER_NAME":"User1 Preventa","IPSOURCE":"::1","DATE_ATOM":"2022-08-29T16:22:34+02:00"}
{"params":{"ticked":"97c494f5d0081c1da7a8335b392c6a9a.a932a65b64b9d453dcf2b928ad67fe92.5b30a3b554296eb2b13c04177c8d5fdb"},"method":"logusuarios.getgroups","USER_ID":"4090","USER_EMAIL":"user1_preventa@optical.pe","USER_NAME":"User1 Preventa","IPSOURCE":"::1","DATE_ATOM":"2022-08-31T17:10:44+02:00"}
{"params":{"ticked":"bc15a251f4ab0ab631693518d6901c68.2cc421e5cc9760b33a2ef3d07b0bbdde.0589bbcddccc7c0b91ffeebc395d1183"},"method":"logusuarios.getgroups","USER_ID":"4090","USER_EMAIL":"user1_preventa@optical.pe","USER_NAME":"User1 Preventa","IPSOURCE":"::1","DATE_ATOM":"2022-08-31T19:19:19+02:00"}
{"params":{"ticked":"a8c3d99b5b8d79379e9cfd5f2b4fe815.9ce4a638dc00bb0877828e7e1222d43f.8389f7eb9cff1611304262ee78ba6402"},"method":"logusuarios.getgroups","USER_ID":"4090","USER_EMAIL":"user1_preventa@optical.pe","USER_NAME":"User1 Preventa","IPSOURCE":"::1","DATE_ATOM":"2022-08-31T19:23:17+02:00"}
{"params":{"ticked":"dba7e0c1664127635bbac746c46e8fe4.08ec1572babeddf4df6be6c9f8b474e7.a4122dffa41844b61d1e77617f8f5561"},"method":"logusuarios.getgroups","USER_ID":"4090","USER_EMAIL":"user1_preventa@optical.pe","USER_NAME":"User1 Preventa","IPSOURCE":"::1","DATE_ATOM":"2022-09-02T00:48:55+02:00"}
{"params":{"ticked":"8803424874292c6b6519afeed2f7a02e.52a4fa63d4fdecfb57f7b37f88fca716.e8f541c8268c98731ca572b77a76a77c"},"method":"logusuarios.getgroups","USER_ID":"4090","USER_EMAIL":"user1_preventa@optical.pe","USER_NAME":"User1 Preventa","IPSOURCE":"::1","DATE_ATOM":"2022-09-02T16:44:14+02:00"}
{"params":{"ticked":"b3905a626d694d4c85f3cd04fa5c4688.ab9fbf572a92573fbe1d31488fe06efc.3dac412461c8b19739cd87041307c016"},"method":"logusuarios.getgroups","USER_ID":"2489","USER_EMAIL":"user1","USER_NAME":"Administrador","IPSOURCE":"::1","DATE_ATOM":"2022-09-03T00:13:37+02:00"}
{"params":{"ticked":"c9f5ce73bd136f2c8845e3374884a233.e7746982bda23dfedc63490706cae245.d09985e1ec85198cf418d772b1c2615a"},"method":"logusuarios.getgroups","USER_ID":"2489","USER_EMAIL":"user1","USER_NAME":"Administrador","IPSOURCE":"::1","DATE_ATOM":"2022-09-03T01:49:23+02:00"}
{"params":{"ticked":"77fdac7402f11280da1b60ad81112705.5b49a0ddeab6a0d758d32c385ee6f3f1.ee2a15f95d2ba6d9b01963a8f926cb28"},"method":"logusuarios.getgroups","USER_ID":"4090","USER_EMAIL":"user1_preventa@optical.pe","USER_NAME":"User1 Preventa","IPSOURCE":"::1","DATE_ATOM":"2022-09-05T19:42:22+02:00"}
{"params":{"ticked":"5648b0c8a53f44cbb2460c4dfc1710c3.b7225d2229649b54af6b2b55425a4fa6.ab5b64b105329b8225ac7456a430d2f3"},"method":"logusuarios.getgroups","USER_ID":"4090","USER_EMAIL":"user1_preventa@optical.pe","USER_NAME":"User1 Preventa","IPSOURCE":"::1","DATE_ATOM":"2022-09-06T21:31:59+02:00"}
{"params":{"ticked":"5648b0c8a53f44cbb2460c4dfc1710c3.b7225d2229649b54af6b2b55425a4fa6.ab5b64b105329b8225ac7456a430d2f3"},"method":"logusuarios.getgroups","USER_ID":"4090","USER_EMAIL":"user1_preventa@optical.pe","USER_NAME":"User1 Preventa","IPSOURCE":"::1","DATE_ATOM":"2022-09-06T23:05:55+02:00"}
{"params":{"ticked":"3a7f74b908e904c732b3529a9e340362.294871ffeb83d4b0ec806da701e579bf.76748e522e8585f0f14715708d7bef9c"},"method":"logusuarios.getgroups","USER_ID":"4090","USER_EMAIL":"user1_preventa@optical.pe","USER_NAME":"User1 Preventa","IPSOURCE":"::1","DATE_ATOM":"2022-09-07T17:30:24+02:00"}
{"params":{"ticked":"3a7f74b908e904c732b3529a9e340362.294871ffeb83d4b0ec806da701e579bf.76748e522e8585f0f14715708d7bef9c"},"method":"logusuarios.getgroups","USER_ID":"4090","USER_EMAIL":"user1_preventa@optical.pe","USER_NAME":"User1 Preventa","IPSOURCE":"::1","DATE_ATOM":"2022-09-07T17:30:30+02:00"}
{"params":{"ticked":"13b7cc3be6716875732d822513b3205d.41d17c8b2c46962298c95e1ebce564d9.81aa102b5dc7728ffad181e365c56c7f"},"method":"logusuarios.getgroups","USER_ID":"4090","USER_EMAIL":"user1_preventa@optical.pe","USER_NAME":"User1 Preventa","IPSOURCE":"::1","DATE_ATOM":"2022-09-08T00:52:20+02:00"}
{"params":{"ticked":"b194ba2b84329b7f5eb9e51e9491b9a8.0752d483efc13822e58eb88c50588818.c3d5780c41fff6d495da43cf09ff825f"},"method":"logusuarios.getgroups","USER_ID":"4090","USER_EMAIL":"user1_preventa@optical.pe","USER_NAME":"User1 Preventa","IPSOURCE":"::1","DATE_ATOM":"2022-09-08T02:02:03+02:00"}
{"params":{"ticked":"4f190ac6feaa97e26c8ad0bfae410bde.9107af2ee1201ab68dc541e1ea29da22.a4fd046376b62041f00fb17b9d38745f"},"method":"logusuarios.getgroups","USER_ID":"2489","USER_EMAIL":"user1","USER_NAME":"Administrador","IPSOURCE":"::1","DATE_ATOM":"2022-09-08T19:08:59+02:00"}
{"params":{"ticked":"ca560ec629d729c9cf014a8f54f236b5.5a564c47eb0eceb16c6322ac8c8148f7.364820ea9e5c5822eb8f6acc43bc6bb2"},"method":"logusuarios.getgroups","USER_ID":"2489","USER_EMAIL":"user1","USER_NAME":"Administrador","IPSOURCE":"::1","DATE_ATOM":"2022-09-08T19:10:30+02:00"}
{"params":{"ticked":"240ccc9c9fe9a6c52d70adfdb275c6be.c7acee30c3edd568d88c275d2cc5eef4.ec0dc29d8cdf919cd65b4d0eecd10366"},"method":"logusuarios.getgroups","USER_ID":"2489","USER_EMAIL":"user1","USER_NAME":"Administrador","IPSOURCE":"::1","DATE_ATOM":"2022-09-08T19:11:57+02:00"}
{"params":{"ticked":"11f52dff80a114dcae651e7dd06a3a13.3bd9a81d12f08285f400391685859d50.58dfb69c6eb8df17a735047e720d403a"},"method":"logusuarios.getgroups","USER_ID":"2489","USER_EMAIL":"user1","USER_NAME":"Administrador","IPSOURCE":"::1","DATE_ATOM":"2022-09-08T19:13:13+02:00"}
{"params":{"ticked":"5368a305822523142b752ea2e86e252b.dee3d940821da1e69a26fa78b5cc805f.9cae6825c9a5ead13012259cb520d2fe"},"method":"logusuarios.getgroups","USER_ID":"2489","USER_EMAIL":"user1","USER_NAME":"Administrador","IPSOURCE":"::1","DATE_ATOM":"2022-09-08T19:16:42+02:00"}
{"params":{"ticked":"a289d2d336ae1f141f00e44513654e4d.c03e76d2218f98384d23b2eb999ef6c5.1fbf8494628a68188ed700b17d9d39c4"},"method":"logusuarios.getgroups","USER_ID":"2489","USER_EMAIL":"user1","USER_NAME":"Administrador","IPSOURCE":"::1","DATE_ATOM":"2022-09-08T19:57:02+02:00"}
{"params":{"ticked":"a7aa766df5a61b8e54881fa2309d6b65.32ae6494082bd7b912526f358c4e3550.ce9aec89c467806fba53b691321ff772"},"method":"logusuarios.getgroups","USER_ID":"2489","USER_EMAIL":"user1","USER_NAME":"Administrador","IPSOURCE":"::1","DATE_ATOM":"2022-09-08T19:59:01+02:00"}
{"params":{"ticked":"89c84316d52005745fafb4c64b9e339a.0d3b10e6e85717f6969537a99ff3d04c.6885543fc84b3ba433e83dcc50aeb564"},"method":"logusuarios.getgroups","USER_ID":"2489","USER_EMAIL":"user1","USER_NAME":"Administrador","IPSOURCE":"::1","DATE_ATOM":"2022-09-08T20:00:01+02:00"}
{"params":{"ticked":"ab4677e884027a2283074d0b1545b65a.adc7e73a461dca3b23fe39031daf03f7.655182722fa88314e54f89c8c798bb0e"},"method":"logusuarios.getgroups","USER_ID":"2489","USER_EMAIL":"user1","USER_NAME":"Administrador","IPSOURCE":"::1","DATE_ATOM":"2022-09-08T20:00:53+02:00"}
{"params":{"ticked":"8d413da2af4f457f04f11cea4eeeb159.058c69ea415504964f1b5b7b6b5c91b5.e087fb313fbe90ab02d2d0f1ca8601eb"},"method":"logusuarios.getgroups","USER_ID":"3857","USER_EMAIL":"dbernal@optical.pe","USER_NAME":"Daniel Bernal","IPSOURCE":"::1","DATE_ATOM":"2022-09-08T20:57:37+02:00"}
{"params":{"ticked":"48d9f330c7898c01bdff2af14dd0727b.532679a17f01142620d3a9c41fd8197a.d07b882af9327c937d31a54788a15c17"},"method":"logusuarios.getgroups","USER_ID":"2489","USER_EMAIL":"user1","USER_NAME":"Administrador","IPSOURCE":"::1","DATE_ATOM":"2022-09-08T21:21:47+02:00"}
{"params":{"ticked":"d96489419d935f82d73fbfa86e46240f.89fe08ff59ffd00867d6a2e6b077a04a.0a3148463d8b0d9a85dc8a62164b4b3a"},"method":"logusuarios.getgroups","USER_ID":"2489","USER_EMAIL":"user1","USER_NAME":"Administrador","IPSOURCE":"::1","DATE_ATOM":"2022-09-08T22:39:18+02:00"}
{"params":{"ticked":"d59c8c89b531765ed7b884b7caa00661.c31779190789723ae2ab0e5ac26b4752.2d7d72c08b8f9f37c68f60aeb52c8358"},"method":"logusuarios.getgroups","USER_ID":"2489","USER_EMAIL":"user1","USER_NAME":"Administrador","IPSOURCE":"::1","DATE_ATOM":"2022-09-08T23:37:24+02:00"}
{"params":{"ticked":"7822f90ba057aef27882c7242f5070e0.9b9ec627cf8f494c010c50671e0226e3.0601231c037fb85d01a0403cc28a2d05"},"method":"logusuarios.getgroups","USER_ID":"2489","USER_EMAIL":"user1","USER_NAME":"Administrador","IPSOURCE":"::1","DATE_ATOM":"2022-09-08T23:49:49+02:00"}
{"params":{"ticked":"80016a3007cfa39142902f7e5e2d35fc.057891bc3123b03f92a2cee61a8160dc.05b274f1e7622d72617fcc693394a2fc"},"method":"logusuarios.getgroups","USER_ID":"2489","USER_EMAIL":"user1","USER_NAME":"Administrador","IPSOURCE":"::1","DATE_ATOM":"2022-09-09T00:46:00+02:00"}
{"params":{"ticked":"f82a4fd6c60d9e3de0e1d50664c18483.a9e7b1976dcfb5415a2f2dfe83c075c2.75f6c29082ec694d3f26656a3329a193"},"method":"logusuarios.getgroups","USER_ID":"2489","USER_EMAIL":"user1","USER_NAME":"Administrador","IPSOURCE":"::1","DATE_ATOM":"2022-09-09T00:51:03+02:00"}
{"params":{"ticked":"f585f70765ecc20fbfe8f77ecada1180.eda3f438ca2fbe7d1edb3bab72784dfd.82878e7749ca458612f3852ee9e3f0d4"},"method":"logusuarios.getgroups","USER_ID":"2489","USER_EMAIL":"user1","USER_NAME":"Administrador","IPSOURCE":"::1","DATE_ATOM":"2022-09-09T00:52:55+02:00"}
{"params":{"ticked":"8c84715a59f92b9c1fe09c98c148ed44.ee2b8c929eaea8a2d996a453a05b2e42.2c23f7eebbe626787d45c6ebf49445e0"},"method":"logusuarios.getgroups","USER_ID":"2489","USER_EMAIL":"user1","USER_NAME":"Administrador","IPSOURCE":"::1","DATE_ATOM":"2022-09-09T01:00:12+02:00"}
{"params":{"ticked":"f724b0cbd5682628a27743c68da98c60.8313db119d5c65695e21b3b754107f3a.c9375de20bce61e263a9f2094da69d4b"},"method":"logusuarios.getgroups","USER_ID":"2489","USER_EMAIL":"user1","USER_NAME":"Administrador","IPSOURCE":"::1","DATE_ATOM":"2022-09-09T01:15:01+02:00"}
{"params":{"ticked":"05e950b69c1ae78b371bd58c7fe6fbb6.6b2550102735b6d6a5e2984523b7cf3c.3fc784ae1895400ddaa7fd38ffb88e4e"},"method":"logusuarios.getgroups","USER_ID":"2489","USER_EMAIL":"user1","USER_NAME":"Administrador","IPSOURCE":"::1","DATE_ATOM":"2022-09-09T01:20:56+02:00"}
{"params":{"ticked":"c16add8052ae6dc9166b6cbe88262396.36c30c460b565505dec3f3003605654b.25cdbfd4b7a59a6eab45d61dfcf04413"},"method":"logusuarios.getgroups","USER_ID":"2489","USER_EMAIL":"user1","USER_NAME":"Administrador","IPSOURCE":"::1","DATE_ATOM":"2022-09-09T01:24:21+02:00"}
{"params":{"ticked":"c387cf6515cd790dfcae26c2b7b3966a.896825a1c0c9f5ec82d6efd1306b7c78.85702622db333c5cbcbe3ab15a013d3e"},"method":"logusuarios.getgroups","USER_ID":"2489","USER_EMAIL":"user1","USER_NAME":"Administrador","IPSOURCE":"::1","DATE_ATOM":"2022-09-09T01:30:01+02:00"}
{"params":{"ticked":"f24a583b4dc4163973b4e438bf7c7e87.a8a2f70da07a8b869fc5f1833b1ea9d3.ed7f56f95443b66daf8b04b071bc4927"},"method":"logusuarios.getgroups","USER_ID":"2489","USER_EMAIL":"user1","USER_NAME":"Administrador","IPSOURCE":"::1","DATE_ATOM":"2022-09-09T01:42:25+02:00"}
{"params":{"ticked":"30628f34140ee870c420f59a2bed4ad7.b42b672bbebd2423252aa3723ae8e6b9.8a438d70554d8d28dde2009e6a87a7b6"},"method":"logusuarios.getgroups","USER_ID":"2489","USER_EMAIL":"user1","USER_NAME":"Administrador","IPSOURCE":"::1","DATE_ATOM":"2022-09-09T01:48:30+02:00"}
{"params":{"ticked":"6c895af33e585904cf86f98c91841961.5c0256592647bb70096beb75845d186e.31e53741757c855279119a5eb4a5f3ee"},"method":"logusuarios.getgroups","USER_ID":"2489","USER_EMAIL":"user1","USER_NAME":"Administrador","IPSOURCE":"::1","DATE_ATOM":"2022-09-09T01:53:45+02:00"}
{"params":{"ticked":"ae35a03a66c391957242490a5ccc4636.576bb034d7b1c8b073072f978250e208.73e45af7d5870edb4d096cadc3728ef3"},"method":"logusuarios.getgroups","USER_ID":"2489","USER_EMAIL":"user1","USER_NAME":"Administrador","IPSOURCE":"::1","DATE_ATOM":"2022-09-09T01:59:21+02:00"}
{"params":{"ticked":"e36941b7e489dcec9e7be78fbb180279.4a0d688c98308234a3051140dde0799a.078f8d62747260885fbd9c80c4f33ee0"},"method":"logusuarios.getgroups","USER_ID":"2489","USER_EMAIL":"user1","USER_NAME":"Administrador","IPSOURCE":"::1","DATE_ATOM":"2022-09-09T02:00:35+02:00"}
{"params":{"ticked":"10c2ae29573dbafcc9982dc5ba39422d.991037830fedaecc6b8477bd75d907de.8d67e267cf2b6f0dcac1abffdea22487"},"method":"logusuarios.getgroups","USER_ID":"2489","USER_EMAIL":"user1","USER_NAME":"Administrador","IPSOURCE":"::1","DATE_ATOM":"2022-09-09T02:02:00+02:00"}
{"params":{"ticked":"c4dc6ac636aa1fbf1f36d38a3e27cbd6.c3d2b620cd020a23a73bafcca3a3c858.28658b6675ee7b697c971fa3d814efc8"},"method":"logusuarios.getgroups","USER_ID":"2489","USER_EMAIL":"user1","USER_NAME":"Administrador","IPSOURCE":"::1","DATE_ATOM":"2022-09-09T02:02:42+02:00"}
{"params":{"ticked":"8aedae2773d0bf6389a030851e8ee149.7db1a6f3d667ff080dc613595d04ac2b.37877b7a5fa5e89f42ea0e9526182caf"},"method":"logusuarios.getgroups","USER_ID":"2489","USER_EMAIL":"user1","USER_NAME":"Administrador","IPSOURCE":"::1","DATE_ATOM":"2022-09-09T02:04:15+02:00"}
{"params":{"ticked":"4492e0be8e7490f9a41327794614dfc9.bd082161434820e729e847a5c959e6eb.7a0d734bf5cb9a5e88da0c1ac5489375"},"method":"logusuarios.getgroups","USER_ID":"2489","USER_EMAIL":"user1","USER_NAME":"Administrador","IPSOURCE":"::1","DATE_ATOM":"2022-09-09T02:06:22+02:00"}
{"params":{"ticked":"c22ea6ad9a397dabbf211278eadae4fb.f03673fe549060bb9d92c279b8b32fe4.5a4afa3c4124112e1bb6702640fe6630"},"method":"logusuarios.getgroups","USER_ID":"2489","USER_EMAIL":"user1","USER_NAME":"Administrador","IPSOURCE":"::1","DATE_ATOM":"2022-09-09T02:07:23+02:00"}
{"params":{"ticked":"e0cfd00d0f5046ebf0a526098c83f3cb.eda36b23b2cf7f5a12db6b5e5b86d438.aa8a9a9fd8b418713ea2a3789315a3d8"},"method":"logusuarios.getgroups","USER_ID":"2489","USER_EMAIL":"user1","USER_NAME":"Administrador","IPSOURCE":"::1","DATE_ATOM":"2022-09-09T15:45:55+02:00"}
{"params":{"ticked":"feb64a26770cb7ce46cefb5cf0fe2e8f.0c2cf413daaa1b5ecde4be82ee9c803f.c0ea4a175f482cd74a16365f4304880e"},"method":"logusuarios.getgroups","USER_ID":"2489","USER_EMAIL":"user1","USER_NAME":"Administrador","IPSOURCE":"::1","DATE_ATOM":"2022-09-09T16:35:46+02:00"}
{"params":{"ticked":"4b4547b2996394fc50eb9c77b51ba555.585e72704d6b8259147ca375a8e0fb15.c8e51d5526f5bd7f2c5435a4928891a1"},"method":"logusuarios.getgroups","USER_ID":"2489","USER_EMAIL":"user1","USER_NAME":"Administrador","IPSOURCE":"::1","DATE_ATOM":"2022-09-09T16:51:24+02:00"}
{"params":{"ticked":"aa32e0906e21ecd481e34eff8b527542.2d80e922363d7e56f91e15477bd17183.bac0418ff80e504b12ab3f56b9f36c53"},"method":"logusuarios.getgroups","USER_ID":"2489","USER_EMAIL":"user1","USER_NAME":"Administrador","IPSOURCE":"::1","DATE_ATOM":"2022-09-09T16:58:04+02:00"}
{"params":{"ticked":"6df5be44fb769230f15e9dbf80114d32.07741a0da36bbb0be65408b783b6e2a8.4e88736a0f88eeee6c88732df8a6a944"},"method":"logusuarios.getgroups","USER_ID":"2489","USER_EMAIL":"user1","USER_NAME":"Administrador","IPSOURCE":"::1","DATE_ATOM":"2022-09-09T17:36:43+02:00"}
{"params":{"ticked":"222432dfe595e50e60b2c727fa386a90.21d06fd94199f7c68758475582459967.170cc3b227d6e55a66f19438ad8768fc"},"method":"logusuarios.getgroups","USER_ID":"2489","USER_EMAIL":"user1","USER_NAME":"Administrador","IPSOURCE":"::1","DATE_ATOM":"2022-09-09T17:43:31+02:00"}
{"params":{"ticked":"c7cfb478ec17f69944cdb3a507390acd.2047e1939043d80c43ddcc0d670c3c05.30be6eb10e37e077954ca0e224845d4a"},"method":"logusuarios.getgroups","USER_ID":"2489","USER_EMAIL":"user1","USER_NAME":"Administrador","IPSOURCE":"::1","DATE_ATOM":"2022-09-09T17:49:45+02:00"}
{"params":{"ticked":"fb8f1b94de04c1a05324e9c1208642c2.9ab1781d59d7f3ff04c01738e706bf82.86dac1b692cd3eeaad136d0c651aa20f"},"method":"logusuarios.getgroups","USER_ID":"2489","USER_EMAIL":"user1","USER_NAME":"Administrador","IPSOURCE":"::1","DATE_ATOM":"2022-09-09T19:15:58+02:00"}
{"params":{"ticked":"ee8d023df77114ad6e4c87819f0be3c2.2786885b0aa07811e51315d656394ffa.2ba9ae41014d8871ecb254633848ac20"},"method":"logusuarios.getgroups","USER_ID":"2489","USER_EMAIL":"user1","USER_NAME":"Administrador","IPSOURCE":"::1","DATE_ATOM":"2022-09-09T21:35:14+02:00"}
{"params":{"ticked":"2d7f863a52e8c4ce2f36d7bced5347d6.36cc1c28f9e94bb8df1e27eb6a76439d.e22affa77f5939513c4581db3397e679"},"method":"logusuarios.getgroups","USER_ID":"2489","USER_EMAIL":"user1","USER_NAME":"Administrador","IPSOURCE":"::1","DATE_ATOM":"2022-09-12T16:05:19+02:00"}
{"params":{"ticked":"a63da15986842c633769b9c94019b427.05e725f307832c7d3dffe383ec800662.2b2f41fec0d87864520f8254228f2309"},"method":"logusuarios.getgroups","USER_ID":"3857","USER_EMAIL":"dbernal@optical.pe","USER_NAME":"Daniel Bernal","IPSOURCE":"::1","DATE_ATOM":"2022-09-12T16:44:04+02:00"}
{"params":{"ticked":"19e2bcf47ca719ea4891befa9ea0d364.754f36966a01078349b691e4b435085e.6a6ffbbd450c13f20893d85ce5c78fcb"},"method":"logusuarios.getgroups","USER_ID":"3857","USER_EMAIL":"dbernal@optical.pe","USER_NAME":"Daniel Bernal","IPSOURCE":"::1","DATE_ATOM":"2022-09-12T16:58:15+02:00"}
{"params":{"ticked":"eb4208fd6151559f43ad06b2bdd60dde.8576203aee922b4ebe5add7a98e77d84.f3454dc7ef5fd50973f8126957d679eb"},"method":"logusuarios.getgroups","USER_ID":"3857","USER_EMAIL":"dbernal@optical.pe","USER_NAME":"Daniel Bernal","IPSOURCE":"::1","DATE_ATOM":"2022-09-12T17:16:39+02:00"}
{"params":{"ticked":"fb71c8b5578f1d3da75776dccad89598.d7b8fb265a8b41a4f69eef37302afc7e.a5a6d4f5ad5da0b3f3efacd87ff10828"},"method":"logusuarios.getgroups","USER_ID":"2489","USER_EMAIL":"user1","USER_NAME":"Administrador","IPSOURCE":"::1","DATE_ATOM":"2022-09-13T16:14:30+02:00"}
{"params":{"ticked":"52bf9edbe79e198fb1884d1b6cb236a3.a9c747187fe0c16c8a4d2805351b88c2.24115789391af905d9044081366357f0"},"method":"logusuarios.getgroups","USER_ID":"2489","USER_EMAIL":"user1","USER_NAME":"Administrador","IPSOURCE":"::1","DATE_ATOM":"2022-09-13T16:36:50+02:00"}
{"params":{"ticked":"70cfbdb97c72c2e8e6c6ddbd4c29ca4a.023f358b2fb3fd1a8cfbf5ec7d840368.086e5c8983c13fb0dce909043ab62b66"},"method":"logusuarios.getgroups","USER_ID":"3857","USER_EMAIL":"dbernal@optical.pe","USER_NAME":"Daniel Bernal","IPSOURCE":"::1","DATE_ATOM":"2022-09-13T16:38:26+02:00"}
{"params":{"ticked":"fb8cf58747b813b7c8b571aba7d2f59a.4db1ede59a98e9a2e1b8d9406bdf50f0.6d0cc198de966a6ef61ca577b4e4bc90"},"method":"logusuarios.getgroups","USER_ID":"2489","USER_EMAIL":"user1","USER_NAME":"Administrador","IPSOURCE":"::1","DATE_ATOM":"2022-09-13T16:45:35+02:00"}
{"params":{"ticked":"244c8bd9d54fb3d4df58f0a9bd04e859.3a15b72d1bd169850d9b60943574b956.4af611d27d54120f89a878e12e43d58e"},"method":"logusuarios.getgroups","USER_ID":"3857","USER_EMAIL":"dbernal@optical.pe","USER_NAME":"Daniel Bernal","IPSOURCE":"::1","DATE_ATOM":"2022-09-13T16:46:27+02:00"}
{"params":{"ticked":"c7c6af646aaa3aa02d16ca17fc751d4e.3cb3e75c6994597ff8dd89ec6d33c926.840176d20a36a834238aa06bced7a13e"},"method":"logusuarios.getgroups","USER_ID":"3857","USER_EMAIL":"dbernal@optical.pe","USER_NAME":"Daniel Bernal","IPSOURCE":"::1","DATE_ATOM":"2022-09-13T16:55:24+02:00"}
{"params":{"ticked":"eb94da457ddaff2d12e5d43ac6e76198.922fddcbae7cff0b772bb04726fef2b5.54656879c7e331555f075eb2ebc0bd7b"},"method":"logusuarios.getgroups","USER_ID":"2489","USER_EMAIL":"user1","USER_NAME":"Administrador","IPSOURCE":"::1","DATE_ATOM":"2022-09-13T16:58:15+02:00"}
{"params":{"ticked":"4d1558971fc95dc4faf1d0a439b1b5b1.2036ad55db23f74ab8baf783c0d67225.01e4d0c9b280b1385e65e8ec7103e18c"},"method":"logusuarios.getgroups","USER_ID":"2489","USER_EMAIL":"user1","USER_NAME":"Administrador","IPSOURCE":"::1","DATE_ATOM":"2022-09-13T16:59:21+02:00"}
{"params":{"ticked":"9200bd0ecd4471c0d042de106b7e78f7.fce8008661f4b1356a18e5e8f804b543.71768355a71a4d63b224f60caecdf944"},"method":"logusuarios.getgroups","USER_ID":"3857","USER_EMAIL":"dbernal@optical.pe","USER_NAME":"Daniel Bernal","IPSOURCE":"::1","DATE_ATOM":"2022-09-13T17:00:02+02:00"}
{"params":{"ticked":"c2c3adbda9e25ec6ccaca0ac5e8a82f4.0ed32ee84799b0f40207ab23d256126d.567bf601bfea70762b84709e9f1fc1ad"},"method":"logusuarios.getgroups","USER_ID":"2489","USER_EMAIL":"user1","USER_NAME":"Administrador","IPSOURCE":"::1","DATE_ATOM":"2022-09-13T17:04:11+02:00"}
{"params":{"ticked":"c2c3adbda9e25ec6ccaca0ac5e8a82f4.0ed32ee84799b0f40207ab23d256126d.567bf601bfea70762b84709e9f1fc1ad"},"method":"logusuarios.getgroups","USER_ID":"2489","USER_EMAIL":"user1","USER_NAME":"Administrador","IPSOURCE":"::1","DATE_ATOM":"2022-09-13T17:07:40+02:00"}
{"params":{"ticked":"c2c3adbda9e25ec6ccaca0ac5e8a82f4.0ed32ee84799b0f40207ab23d256126d.567bf601bfea70762b84709e9f1fc1ad"},"method":"logusuarios.getgroups","USER_ID":"2489","USER_EMAIL":"user1","USER_NAME":"Administrador","IPSOURCE":"::1","DATE_ATOM":"2022-09-13T17:07:49+02:00"}
{"params":{"ticked":"c2c3adbda9e25ec6ccaca0ac5e8a82f4.0ed32ee84799b0f40207ab23d256126d.567bf601bfea70762b84709e9f1fc1ad"},"method":"logusuarios.getgroups","USER_ID":"2489","USER_EMAIL":"user1","USER_NAME":"Administrador","IPSOURCE":"::1","DATE_ATOM":"2022-09-13T17:07:56+02:00"}
{"params":{"ticked":"c2c3adbda9e25ec6ccaca0ac5e8a82f4.0ed32ee84799b0f40207ab23d256126d.567bf601bfea70762b84709e9f1fc1ad"},"method":"logusuarios.getgroups","USER_ID":"2489","USER_EMAIL":"user1","USER_NAME":"Administrador","IPSOURCE":"::1","DATE_ATOM":"2022-09-13T17:08:02+02:00"}
{"params":{"ticked":"c2c3adbda9e25ec6ccaca0ac5e8a82f4.0ed32ee84799b0f40207ab23d256126d.567bf601bfea70762b84709e9f1fc1ad"},"method":"logusuarios.getgroups","USER_ID":"2489","USER_EMAIL":"user1","USER_NAME":"Administrador","IPSOURCE":"::1","DATE_ATOM":"2022-09-13T17:08:06+02:00"}
{"params":{"ticked":"d5a586764e61b4568351726cbf1cd7ac.62f0e96a7586f4f9f62d798a34c0cb4a.b659b6b1811431f46f1410e877fc1329"},"method":"logusuarios.getgroups","USER_ID":"3857","USER_EMAIL":"dbernal@optical.pe","USER_NAME":"Daniel Bernal","IPSOURCE":"::1","DATE_ATOM":"2022-09-13T17:08:25+02:00"}
{"params":{"ticked":"85f52ae463c7e3f796301f6e6ae05b05.b053afd5a937b4ed4a613e45cfd0b3f7.ed840b41c67a9de2e5e34cb54d497608"},"method":"logusuarios.getgroups","USER_ID":"3857","USER_EMAIL":"dbernal@optical.pe","USER_NAME":"Daniel Bernal","IPSOURCE":"::1","DATE_ATOM":"2022-09-13T18:39:40+02:00"}
{"params":{"ticked":"85f52ae463c7e3f796301f6e6ae05b05.b053afd5a937b4ed4a613e45cfd0b3f7.ed840b41c67a9de2e5e34cb54d497608"},"method":"logusuarios.getgroups","USER_ID":"3857","USER_EMAIL":"dbernal@optical.pe","USER_NAME":"Daniel Bernal","IPSOURCE":"::1","DATE_ATOM":"2022-09-13T18:41:47+02:00"}
{"params":{"ticked":"39c8617c936e5242517a4b0b4c765d0d.a7d48ad1808f691ed0d2e682a8a2b624.07b6318bc851901828079c2c105d8731"},"method":"logusuarios.getgroups","USER_ID":"3857","USER_EMAIL":"dbernal@optical.pe","USER_NAME":"Daniel Bernal","IPSOURCE":"::1","DATE_ATOM":"2022-09-13T21:34:36+02:00"}
{"params":{"ticked":"c8a8993cbbcb9f037dddad1f83d2a0c6.fb9e38e83c7574181ef665dc2c10c5d4.f1587d8f56a70d274450332883d0e109"},"method":"logusuarios.getgroups","USER_ID":"3857","USER_EMAIL":"dbernal@optical.pe","USER_NAME":"Daniel Bernal","IPSOURCE":"::1","DATE_ATOM":"2022-09-13T21:36:46+02:00"}
{"params":{"ticked":"e1b1494a449efd4ea6428ea14a5dc2d0.4e5247405819b3653f17d4acd0fa00a2.9109ff02c8171662cee15716e674dac7"},"method":"logusuarios.getgroups","USER_ID":"3857","USER_EMAIL":"dbernal@optical.pe","USER_NAME":"Daniel Bernal","IPSOURCE":"::1","DATE_ATOM":"2022-09-13T21:40:37+02:00"}
{"params":{"ticked":"a4f27f0bb0334613ab1a735cc477d1de.bd8bbef5c831c5e3bc45ef2a72f60d70.3f2fb0df4cb3a602e873833be7e5dd24"},"method":"logusuarios.getgroups","USER_ID":"3857","USER_EMAIL":"dbernal@optical.pe","USER_NAME":"Daniel Bernal","IPSOURCE":"::1","DATE_ATOM":"2022-09-13T23:20:13+02:00"}
{"params":{"ticked":"42a5c78e5d63e4d03a7fcd0cfd32c844.b78ea3b1571fa04f6d2db5e00ac8db5f.1d07c09609d55ad410a3524497d571ec"},"method":"logusuarios.getgroups","USER_ID":"3857","USER_EMAIL":"dbernal@optical.pe","USER_NAME":"Daniel Bernal","IPSOURCE":"::1","DATE_ATOM":"2022-09-13T23:30:29+02:00"}
{"params":{"ticked":"42a5c78e5d63e4d03a7fcd0cfd32c844.b78ea3b1571fa04f6d2db5e00ac8db5f.1d07c09609d55ad410a3524497d571ec"},"method":"logusuarios.getgroups","USER_ID":"3857","USER_EMAIL":"dbernal@optical.pe","USER_NAME":"Daniel Bernal","IPSOURCE":"::1","DATE_ATOM":"2022-09-14T00:45:20+02:00"}
{"params":{"ticked":"42a5c78e5d63e4d03a7fcd0cfd32c844.b78ea3b1571fa04f6d2db5e00ac8db5f.1d07c09609d55ad410a3524497d571ec"},"method":"logusuarios.getgroups","USER_ID":"3857","USER_EMAIL":"dbernal@optical.pe","USER_NAME":"Daniel Bernal","IPSOURCE":"::1","DATE_ATOM":"2022-09-14T00:45:23+02:00"}
{"params":{"ticked":"42a5c78e5d63e4d03a7fcd0cfd32c844.b78ea3b1571fa04f6d2db5e00ac8db5f.1d07c09609d55ad410a3524497d571ec"},"method":"logusuarios.getgroups","USER_ID":"3857","USER_EMAIL":"dbernal@optical.pe","USER_NAME":"Daniel Bernal","IPSOURCE":"::1","DATE_ATOM":"2022-09-14T00:46:00+02:00"}
{"params":{"ticked":"593170922f8b27d74c9fb194a3f0ad9e.97749dc4ca4c6279ef375397fd3c5b8b.e7d4b0b3ccf5618231a129d14a6acb7b"},"method":"logusuarios.getgroups","USER_ID":"2489","USER_EMAIL":"user1","USER_NAME":"Administrador","IPSOURCE":"::1","DATE_ATOM":"2022-09-14T01:33:50+02:00"}
{"params":{"ticked":"9acd4d560e01034d97fb3e81f3eb9513.f4569ca0af747a76bbdc3cbed68c792a.ff1181a0c7f5e1d502277e626dafdedc"},"method":"logusuarios.getgroups","USER_ID":"3857","USER_EMAIL":"dbernal@optical.pe","USER_NAME":"Daniel Bernal","IPSOURCE":"::1","DATE_ATOM":"2022-09-14T01:34:44+02:00"}
{"params":{"ticked":"4b771825f44f214b760649224b27a1db.3cda981af6e150afe74673cf9f4e5bca.84aa3dc1f9462a74961608ce18792e2e"},"method":"logusuarios.getgroups","USER_ID":"2489","USER_EMAIL":"user1","USER_NAME":"Administrador","IPSOURCE":"::1","DATE_ATOM":"2022-09-14T01:39:36+02:00"}
{"params":{"ticked":"8147882067c90a3a9d7fabae27e4c51b.0b9978128c63380932bd9e85c08d287f.580200fd12f465d2a0f3c8df43a95517"},"method":"logusuarios.getgroups","USER_ID":"2489","USER_EMAIL":"user1","USER_NAME":"Administrador","IPSOURCE":"::1","DATE_ATOM":"2022-09-14T17:01:26+02:00"}
{"params":{"ticked":"c74206ef2171fba6e4d0172e97184ecf.0c8032b748740e73074a81b397723648.36c51c4f464ac1d4ddfc9ebbf127a407"},"method":"logusuarios.getgroups","USER_ID":"3857","USER_EMAIL":"dbernal@optical.pe","USER_NAME":"Daniel Bernal","IPSOURCE":"::1","DATE_ATOM":"2022-09-14T17:12:40+02:00"}
{"params":{"ticked":"162cdcb574128d74573d3c45ea7bfd4b.c3bd2bf9194ead44e60b505003aa5cdd.484ec7a942a251f57eb226627e8454f0"},"method":"logusuarios.getgroups","USER_ID":"2489","USER_EMAIL":"user1","USER_NAME":"Administrador","IPSOURCE":"::1","DATE_ATOM":"2022-09-14T17:13:53+02:00"}
{"params":{"ticked":"162cdcb574128d74573d3c45ea7bfd4b.c3bd2bf9194ead44e60b505003aa5cdd.484ec7a942a251f57eb226627e8454f0"},"method":"logusuarios.getgroups","USER_ID":"2489","USER_EMAIL":"user1","USER_NAME":"Administrador","IPSOURCE":"::1","DATE_ATOM":"2022-09-14T17:18:34+02:00"}
{"params":{"ticked":"c20b9e23d7a6a2ba7159524840614848.940063be2e3e74471fadc90aa9eb400e.424af48d653c4de054bca1453d60ee2a"},"method":"logusuarios.getgroups","USER_ID":"3874","USER_EMAIL":"user1_provision@optical.pe","USER_NAME":"disenio1","IPSOURCE":"::1","DATE_ATOM":"2022-09-14T17:19:04+02:00"}
{"params":{"ticked":"576c45f5fdaea12bb0f08595bbdb62c3.95e2838df77a3c954eaa46f7ed4c1bbd.e7862e22c2016aa36cf2fa096b94426e"},"method":"logusuarios.getgroups","USER_ID":"2578","USER_EMAIL":"katilio@optical.pe","USER_NAME":"Kennedy Atilio","IPSOURCE":"::1","DATE_ATOM":"2022-09-14T17:30:17+02:00"}
{"params":{"ticked":"c74206ef2171fba6e4d0172e97184ecf.0c8032b748740e73074a81b397723648.36c51c4f464ac1d4ddfc9ebbf127a407"},"method":"logusuarios.getgroups","USER_ID":"3857","USER_EMAIL":"dbernal@optical.pe","USER_NAME":"Daniel Bernal","IPSOURCE":"::1","DATE_ATOM":"2022-09-14T17:34:00+02:00"}
{"params":{"ticked":"c74206ef2171fba6e4d0172e97184ecf.0c8032b748740e73074a81b397723648.36c51c4f464ac1d4ddfc9ebbf127a407"},"method":"logusuarios.getgroups","USER_ID":"3857","USER_EMAIL":"dbernal@optical.pe","USER_NAME":"Daniel Bernal","IPSOURCE":"::1","DATE_ATOM":"2022-09-14T17:36:00+02:00"}
{"params":{"ticked":"c74206ef2171fba6e4d0172e97184ecf.0c8032b748740e73074a81b397723648.36c51c4f464ac1d4ddfc9ebbf127a407"},"method":"logusuarios.getgroups","USER_ID":"3857","USER_EMAIL":"dbernal@optical.pe","USER_NAME":"Daniel Bernal","IPSOURCE":"::1","DATE_ATOM":"2022-09-14T17:38:08+02:00"}
{"params":{"ticked":"4b0988e838be4f95209668e29482508f.353c34e9e0bd768530c1c2460ad6dca1.aae4b6663cfcd373c24446a75e112bb6"},"method":"logusuarios.getgroups","USER_ID":"4182","USER_EMAIL":"user2_provision@optical.pe","USER_NAME":"provision2","IPSOURCE":"::1","DATE_ATOM":"2022-09-14T17:40:41+02:00"}
{"params":{"ticked":"4b0988e838be4f95209668e29482508f.353c34e9e0bd768530c1c2460ad6dca1.aae4b6663cfcd373c24446a75e112bb6"},"method":"logusuarios.getgroups","USER_ID":"4182","USER_EMAIL":"user2_provision@optical.pe","USER_NAME":"provision2","IPSOURCE":"::1","DATE_ATOM":"2022-09-14T17:46:34+02:00"}
{"params":{"ticked":"4b0988e838be4f95209668e29482508f.353c34e9e0bd768530c1c2460ad6dca1.aae4b6663cfcd373c24446a75e112bb6"},"method":"logusuarios.getgroups","USER_ID":"4182","USER_EMAIL":"user2_provision@optical.pe","USER_NAME":"provision2","IPSOURCE":"::1","DATE_ATOM":"2022-09-14T17:51:57+02:00"}
{"params":{"ticked":"c20b9e23d7a6a2ba7159524840614848.940063be2e3e74471fadc90aa9eb400e.424af48d653c4de054bca1453d60ee2a"},"method":"logusuarios.getgroups","USER_ID":"3874","USER_EMAIL":"user1_provision@optical.pe","USER_NAME":"disenio1","IPSOURCE":"::1","DATE_ATOM":"2022-09-14T17:58:22+02:00"}
{"params":{"ticked":"c20b9e23d7a6a2ba7159524840614848.940063be2e3e74471fadc90aa9eb400e.424af48d653c4de054bca1453d60ee2a"},"method":"logusuarios.getgroups","USER_ID":"3874","USER_EMAIL":"user1_provision@optical.pe","USER_NAME":"disenio1","IPSOURCE":"::1","DATE_ATOM":"2022-09-14T18:05:17+02:00"}
{"params":{"ticked":"4e1e9351b8094b22e0ca5324614a646a.232cde8c71ba701f31195386b8aa8da7.14fd3cd68ea6ba6bcafa2fc611a6d43c"},"method":"logusuarios.getgroups","USER_ID":"2489","USER_EMAIL":"user1","USER_NAME":"Administrador","IPSOURCE":"::1","DATE_ATOM":"2022-09-14T18:37:24+02:00"}
{"params":{"ticked":"4e1e9351b8094b22e0ca5324614a646a.232cde8c71ba701f31195386b8aa8da7.14fd3cd68ea6ba6bcafa2fc611a6d43c"},"method":"logusuarios.getgroups","USER_ID":"2489","USER_EMAIL":"user1","USER_NAME":"Administrador","IPSOURCE":"::1","DATE_ATOM":"2022-09-14T18:38:33+02:00"}
{"params":{"ticked":"4e1e9351b8094b22e0ca5324614a646a.232cde8c71ba701f31195386b8aa8da7.14fd3cd68ea6ba6bcafa2fc611a6d43c"},"method":"logusuarios.getgroups","USER_ID":"2489","USER_EMAIL":"user1","USER_NAME":"Administrador","IPSOURCE":"::1","DATE_ATOM":"2022-09-14T18:39:04+02:00"}
{"params":{"ticked":"4e1e9351b8094b22e0ca5324614a646a.232cde8c71ba701f31195386b8aa8da7.14fd3cd68ea6ba6bcafa2fc611a6d43c"},"method":"logusuarios.getgroups","USER_ID":"2489","USER_EMAIL":"user1","USER_NAME":"Administrador","IPSOURCE":"::1","DATE_ATOM":"2022-09-14T18:40:41+02:00"}
{"params":{"ticked":"26a7dd7ed152e309905e44cfe9ffea78.dac18ed41d19c74f1c2410be23880a33.1b02b2d1f6df3d6c41e3ad8ff2489341"},"method":"logusuarios.getgroups","USER_ID":"2489","USER_EMAIL":"user1","USER_NAME":"Administrador","IPSOURCE":"::1","DATE_ATOM":"2022-09-14T18:47:43+02:00"}
{"params":{"ticked":"4b6a7f566bb2c2f529c5201fc4b639ae.a2d2cd1f987f2b99ffe56f52cb639cb3.6b59a3d9243b9f7bec008c50f27986bb"},"method":"logusuarios.getgroups","USER_ID":"2489","USER_EMAIL":"user1","USER_NAME":"Administrador","IPSOURCE":"::1","DATE_ATOM":"2022-09-14T19:02:39+02:00"}
{"params":{"ticked":"4df26aa0114e137917fbf3ca64662a59.ae4964ce2d1e79ffd0146253ebd16c54.0df36f974a55a6b005469749a13837fa"},"method":"logusuarios.getgroups","USER_ID":"2489","USER_EMAIL":"user1","USER_NAME":"Administrador","IPSOURCE":"::1","DATE_ATOM":"2022-09-14T19:03:36+02:00"}
{"params":{"ticked":"46bb67c3a745806e9a2c266ab18618d1.8a7642c5d66baa4bfce1f7ec56404203.a2054fff422af9468f9ee3630310d749"},"method":"logusuarios.getgroups","USER_ID":"2489","USER_EMAIL":"user1","USER_NAME":"Administrador","IPSOURCE":"::1","DATE_ATOM":"2022-09-14T19:30:06+02:00"}
{"params":{"ticked":"eda13272c05f04686f151d7a092506f5.237c2ce598a66b620958f7a017f42791.89ff76d1619aee144d30077aaf84eb39"},"method":"logusuarios.getgroups","USER_ID":"2489","USER_EMAIL":"user1","USER_NAME":"Administrador","IPSOURCE":"::1","DATE_ATOM":"2022-09-14T19:31:04+02:00"}
{"params":{"ticked":"ed415ad50c066b23482a8f94a7cff0fd.6d7c50271e8fec42661d17018b7121da.57d4d6d924cd29c129b924a7aba357f2"},"method":"logusuarios.getgroups","USER_ID":"2489","USER_EMAIL":"user1","USER_NAME":"Administrador","IPSOURCE":"::1","DATE_ATOM":"2022-09-14T19:39:06+02:00"}
{"params":{"ticked":"564e91df734cdb3f46ee3c46bf9ef8fe.5ff475307b17940ef6b71be60335cbba.041dedee2fca4c4eeb7592fef968525a"},"method":"logusuarios.getgroups","USER_ID":"2489","USER_EMAIL":"user1","USER_NAME":"Administrador","IPSOURCE":"::1","DATE_ATOM":"2022-09-14T19:40:12+02:00"}
{"params":{"ticked":"564e91df734cdb3f46ee3c46bf9ef8fe.5ff475307b17940ef6b71be60335cbba.041dedee2fca4c4eeb7592fef968525a"},"method":"logusuarios.getgroups","USER_ID":"2489","USER_EMAIL":"user1","USER_NAME":"Administrador","IPSOURCE":"::1","DATE_ATOM":"2022-09-14T19:58:28+02:00"}
{"params":{"ticked":"667423a3c6c055c89fc7b6876c849318.9c64c6b223dd44b893d57d914a7e8396.d6176c00520a3a764e485fc95d1b76cb"},"method":"logusuarios.getgroups","USER_ID":"2489","USER_EMAIL":"user1","USER_NAME":"Administrador","IPSOURCE":"::1","DATE_ATOM":"2022-09-14T20:01:36+02:00"}
{"params":{"ticked":"65ce22cd57768e6a00a8b76ea7afee36.b30fa08edae9942ee78321494babbce3.5491617301f0e326f5c918e7d8ee5fd1"},"method":"logusuarios.getgroups","USER_ID":"2489","USER_EMAIL":"user1","USER_NAME":"Administrador","IPSOURCE":"::1","DATE_ATOM":"2022-09-14T20:11:28+02:00"}
{"params":{"ticked":"dd0be0ecaf7c36a27f58b92b6012be3b.ed77c88181a0ee89f9eb2e1650e2a6bc.66c2031b41b144409f5af88b120462da"},"method":"logusuarios.getgroups","USER_ID":"2489","USER_EMAIL":"user1","USER_NAME":"Administrador","IPSOURCE":"::1","DATE_ATOM":"2022-09-14T20:12:42+02:00"}
{"params":{"ticked":"29ccce15f3d484942a76f04438fcc6dc.6e6038429f0936a46da27b542e12d8c2.1abb924a7657130235993e538ed985bb"},"method":"logusuarios.getgroups","USER_ID":"2489","USER_EMAIL":"user1","USER_NAME":"Administrador","IPSOURCE":"::1","DATE_ATOM":"2022-09-14T20:13:29+02:00"}
{"params":{"ticked":"17f78e8d7ce6f1d999398c25e798f572.d251f4abf681cf5735f952f3294fcbc2.d2886195a638d3268ec9835b5b1f7c18"},"method":"logusuarios.getgroups","USER_ID":"2489","USER_EMAIL":"user1","USER_NAME":"Administrador","IPSOURCE":"::1","DATE_ATOM":"2022-09-14T20:15:19+02:00"}
{"params":{"ticked":"3ff9f99246ba587ef1c07cafc0c6fa0e.3ff0e75ccd4908159e1ed2d53f7ccf19.32cf0ca33ec04f422dd97e54fcc48898"},"method":"logusuarios.getgroups","USER_ID":"2489","USER_EMAIL":"user1","USER_NAME":"Administrador","IPSOURCE":"::1","DATE_ATOM":"2022-09-14T20:16:32+02:00"}
{"params":{"ticked":"1d7c968252c9effa98610425313ca77b.3c17188f4bb0474a0eaea4a684e59707.c1c80c62de8cb7be91db81fca2cca144"},"method":"logusuarios.getgroups","USER_ID":"2489","USER_EMAIL":"user1","USER_NAME":"Administrador","IPSOURCE":"::1","DATE_ATOM":"2022-09-14T20:18:00+02:00"}
{"params":{"ticked":"ed0c3a32b0437233bec7ea4b6ad852cf.91cd424dbbe77a4c924300a72ee4fd09.d452de19dd44a38f6933964a499e7940"},"method":"logusuarios.getgroups","USER_ID":"3857","USER_EMAIL":"dbernal@optical.pe","USER_NAME":"Daniel Bernal","IPSOURCE":"::1","DATE_ATOM":"2022-09-14T22:55:28+02:00"}
{"params":{"ticked":"0200076ec6625ae632b1388f1f8f1c3d.9ce6f50b65769019a2c4707eed9e7ecd.aa6d582b39d03766e74a4907afc22b14"},"method":"logusuarios.getgroups","USER_ID":"3857","USER_EMAIL":"dbernal@optical.pe","USER_NAME":"Daniel Bernal","IPSOURCE":"::1","DATE_ATOM":"2022-09-14T22:56:12+02:00"}
{"params":{"ticked":"b37d7f1f2b2f997037cf4ce2e8326d69.aa15cfb74bf659be325b202853e418db.c709382f050e0b13eb1d7e8cdcbd187f"},"method":"logusuarios.getgroups","USER_ID":"3857","USER_EMAIL":"dbernal@optical.pe","USER_NAME":"Daniel Bernal","IPSOURCE":"::1","DATE_ATOM":"2022-09-14T22:58:50+02:00"}
{"params":{"ticked":"f5ba3ace884f554a64c5fb39fe30ba57.99b3a9cea9a65edfe41eff5be343069a.9f7d13e9f70f5b8432c7a7c42f816bdb"},"method":"logusuarios.getgroups","USER_ID":"3857","USER_EMAIL":"dbernal@optical.pe","USER_NAME":"Daniel Bernal","IPSOURCE":"::1","DATE_ATOM":"2022-09-14T23:02:39+02:00"}
{"params":{"ticked":"2366f36457c96b93989d5b6c117e69c7.bd1979523ae78197e1100190e891b2ea.4c66ab3b580155834938319e76ff6e40"},"method":"logusuarios.getgroups","USER_ID":"3857","USER_EMAIL":"dbernal@optical.pe","USER_NAME":"Daniel Bernal","IPSOURCE":"::1","DATE_ATOM":"2022-09-14T23:22:50+02:00"}
{"params":{"ticked":"43f75b45726741921a3c802f793bc0bf.f55425ed518d1929e87f3eafd3762235.faa05edc2f6ff5a19ee15bd8349faf08"},"method":"logusuarios.getgroups","USER_ID":"3857","USER_EMAIL":"dbernal@optical.pe","USER_NAME":"Daniel Bernal","IPSOURCE":"::1","DATE_ATOM":"2022-09-14T23:42:54+02:00"}
{"params":{"ticked":"61da67e12f03a519c6428d2e5ee08a90.7030332b4c47f05715cb147ca27b03a9.589044a07a1ab45759954480d2777c93"},"method":"logusuarios.getgroups","USER_ID":"3857","USER_EMAIL":"dbernal@optical.pe","USER_NAME":"Daniel Bernal","IPSOURCE":"::1","DATE_ATOM":"2022-09-15T00:18:53+02:00"}
{"params":{"ticked":"f6b8044b74efbc200b8aaf0b140e05d9.820cbb21c0ae1f1fab99a2cd5b2aadd9.c743a26baf7ab9081b167d606f55183e"},"method":"logusuarios.getgroups","USER_ID":"3857","USER_EMAIL":"dbernal@optical.pe","USER_NAME":"Daniel Bernal","IPSOURCE":"::1","DATE_ATOM":"2022-09-15T01:03:10+02:00"}
{"params":{"ticked":"d84b5114fd416637019aa3a391241db6.5ab3c3d44ef470f3babe837cfa25fec9.80c21fc13fc302f1da4f3d3e07d999f1"},"method":"logusuarios.getgroups","USER_ID":"4182","USER_EMAIL":"user2_provision@optical.pe","USER_NAME":"provision2","IPSOURCE":"::1","DATE_ATOM":"2022-09-15T01:04:39+02:00"}
{"params":{"ticked":"d84b5114fd416637019aa3a391241db6.5ab3c3d44ef470f3babe837cfa25fec9.80c21fc13fc302f1da4f3d3e07d999f1"},"method":"logusuarios.getgroups","USER_ID":"4182","USER_EMAIL":"user2_provision@optical.pe","USER_NAME":"provision2","IPSOURCE":"::1","DATE_ATOM":"2022-09-15T01:05:29+02:00"}
{"params":{"ticked":"d84b5114fd416637019aa3a391241db6.5ab3c3d44ef470f3babe837cfa25fec9.80c21fc13fc302f1da4f3d3e07d999f1"},"method":"logusuarios.getgroups","USER_ID":"4182","USER_EMAIL":"user2_provision@optical.pe","USER_NAME":"provision2","IPSOURCE":"::1","DATE_ATOM":"2022-09-15T01:10:31+02:00"}
{"params":{"ticked":"d84b5114fd416637019aa3a391241db6.5ab3c3d44ef470f3babe837cfa25fec9.80c21fc13fc302f1da4f3d3e07d999f1"},"method":"logusuarios.getgroups","USER_ID":"4182","USER_EMAIL":"user2_provision@optical.pe","USER_NAME":"provision2","IPSOURCE":"::1","DATE_ATOM":"2022-09-15T01:11:17+02:00"}
{"params":{"ticked":"d84b5114fd416637019aa3a391241db6.5ab3c3d44ef470f3babe837cfa25fec9.80c21fc13fc302f1da4f3d3e07d999f1"},"method":"logusuarios.getgroups","USER_ID":"4182","USER_EMAIL":"user2_provision@optical.pe","USER_NAME":"provision2","IPSOURCE":"::1","DATE_ATOM":"2022-09-15T01:12:18+02:00"}
{"params":{"ticked":"a3564e48df6d11c13770f7f6ac659ba0.997e424e26f270d8604687e5fae3740f.f8290f54bf8e2776765be3c01b0959a6"},"method":"logusuarios.getgroups","USER_ID":"2489","USER_EMAIL":"user1","USER_NAME":"Administrador","IPSOURCE":"::1","DATE_ATOM":"2022-09-19T16:41:28+02:00"}
{"params":{"ticked":"8a534c94b226f3cc181ca9ffafb23edd.2b8acedb6e95af4b2d6777e57797d674.14762e4d78dcf65d258d9b39574892c3"},"method":"logusuarios.getgroups","USER_ID":"2489","USER_EMAIL":"user1","USER_NAME":"Administrador","IPSOURCE":"::1","DATE_ATOM":"2022-09-19T16:44:45+02:00"}
{"params":{"ticked":"b92d8f9135a090380ecb4a8b7a394292.9e1c71ec8b70f1d4a188670c0ba28d09.5794683a0a0110f2a4eba8c4e29743fa"},"method":"logusuarios.getgroups","USER_ID":"2489","USER_EMAIL":"user1","USER_NAME":"Administrador","IPSOURCE":"::1","DATE_ATOM":"2022-09-19T17:40:22+02:00"}
{"params":{"ticked":"af9383fcd4cf619ae352fe9adf11fbb0.672065d4136659e01a065639094f7ba1.6395194c516c058f10ae3e24d4889ffd"},"method":"logusuarios.getgroups","USER_ID":"2489","USER_EMAIL":"user1","USER_NAME":"Administrador","IPSOURCE":"::1","DATE_ATOM":"2022-09-19T17:57:23+02:00"}
{"params":{"ticked":"ece59931500005d981b05f029cbdd22b.2f3c749dc788af4aaf0df8516a1e0dd6.32fafc378960e2868d058d0114371f38"},"method":"logusuarios.getgroups","USER_ID":"2489","USER_EMAIL":"user1","USER_NAME":"Administrador","IPSOURCE":"::1","DATE_ATOM":"2022-09-19T18:02:58+02:00"}
{"params":{"ticked":"2a77227fde81e491b8dbc6d51a268a4a.bb1eb80572e7efc9dcfe5a4627ba16f7.635b9f0c40e0dd1b82f09b1eac51bc4d"},"method":"logusuarios.getgroups","USER_ID":"2489","USER_EMAIL":"user1","USER_NAME":"Administrador","IPSOURCE":"::1","DATE_ATOM":"2022-09-19T18:03:47+02:00"}
{"params":{"ticked":"01fbafce0fb5bb7ae4d1995145c5cf2f.2b724e4a7e2963db869125cf93dd54ec.06c16314466028fd478dff450dcd807b"},"method":"logusuarios.getgroups","USER_ID":"2489","USER_EMAIL":"user1","USER_NAME":"Administrador","IPSOURCE":"::1","DATE_ATOM":"2022-09-19T18:37:58+02:00"}
{"params":{"ticked":"01fbafce0fb5bb7ae4d1995145c5cf2f.2b724e4a7e2963db869125cf93dd54ec.06c16314466028fd478dff450dcd807b"},"method":"logusuarios.getgroups","USER_ID":"2489","USER_EMAIL":"user1","USER_NAME":"Administrador","IPSOURCE":"::1","DATE_ATOM":"2022-09-19T18:42:33+02:00"}
{"params":{"ticked":"01fbafce0fb5bb7ae4d1995145c5cf2f.2b724e4a7e2963db869125cf93dd54ec.06c16314466028fd478dff450dcd807b"},"method":"logusuarios.getgroups","USER_ID":"2489","USER_EMAIL":"user1","USER_NAME":"Administrador","IPSOURCE":"::1","DATE_ATOM":"2022-09-19T18:42:54+02:00"}
{"params":{"ticked":"6e96be259a55fb70261137fbe6ad9ab8.5a7c89485922c12970ffe3d795ea9740.08378bf9561d7cd26228a8d7e3641479"},"method":"logusuarios.getgroups","USER_ID":"3857","USER_EMAIL":"dbernal@optical.pe","USER_NAME":"Daniel Bernal","IPSOURCE":"::1","DATE_ATOM":"2022-09-19T18:59:13+02:00"}
{"params":{"ticked":"b9f1361cadcc82081552ce529f92f753.b2c10f266cbff409c5fb0de1abc3e5fd.635616f7604c269bf7e92981a703a1af"},"method":"logusuarios.getgroups","USER_ID":"3857","USER_EMAIL":"dbernal@optical.pe","USER_NAME":"Daniel Bernal","IPSOURCE":"::1","DATE_ATOM":"2022-09-19T19:00:27+02:00"}
{"params":{"ticked":"b9f1361cadcc82081552ce529f92f753.b2c10f266cbff409c5fb0de1abc3e5fd.635616f7604c269bf7e92981a703a1af"},"method":"logusuarios.getgroups","USER_ID":"3857","USER_EMAIL":"dbernal@optical.pe","USER_NAME":"Daniel Bernal","IPSOURCE":"::1","DATE_ATOM":"2022-09-19T19:00:40+02:00"}
{"params":{"ticked":"b9f1361cadcc82081552ce529f92f753.b2c10f266cbff409c5fb0de1abc3e5fd.635616f7604c269bf7e92981a703a1af"},"method":"logusuarios.getgroups","USER_ID":"3857","USER_EMAIL":"dbernal@optical.pe","USER_NAME":"Daniel Bernal","IPSOURCE":"::1","DATE_ATOM":"2022-09-19T19:00:54+02:00"}
{"params":{"ticked":"83f12c1d8fc5a832764f87f352f4b39d.13942a189d2c7f61cc114e62b8919cf6.5fb6b12345e52d09261d487c6b7b386c"},"method":"logusuarios.getgroups","USER_ID":"3874","USER_EMAIL":"user1_provision@optical.pe","USER_NAME":"disenio1","IPSOURCE":"::1","DATE_ATOM":"2022-09-19T19:11:51+02:00"}
{"params":{"ticked":"83f12c1d8fc5a832764f87f352f4b39d.13942a189d2c7f61cc114e62b8919cf6.5fb6b12345e52d09261d487c6b7b386c"},"method":"logusuarios.getgroups","USER_ID":"3874","USER_EMAIL":"user1_provision@optical.pe","USER_NAME":"disenio1","IPSOURCE":"::1","DATE_ATOM":"2022-09-19T19:19:59+02:00"}
{"params":{"ticked":"b9f1361cadcc82081552ce529f92f753.b2c10f266cbff409c5fb0de1abc3e5fd.635616f7604c269bf7e92981a703a1af"},"method":"logusuarios.getgroups","USER_ID":"3857","USER_EMAIL":"dbernal@optical.pe","USER_NAME":"Daniel Bernal","IPSOURCE":"::1","DATE_ATOM":"2022-09-19T19:34:41+02:00"}
{"params":{"ticked":"83f12c1d8fc5a832764f87f352f4b39d.13942a189d2c7f61cc114e62b8919cf6.5fb6b12345e52d09261d487c6b7b386c"},"method":"logusuarios.getgroups","USER_ID":"3874","USER_EMAIL":"user1_provision@optical.pe","USER_NAME":"disenio1","IPSOURCE":"::1","DATE_ATOM":"2022-09-19T19:35:27+02:00"}
{"params":{"ticked":"59065660c6b7f2c3de966b58abd681c4.382090646821d894e3289d5511ddc602.fbda1cde1cd53b0b6850cb452ae29429"},"method":"logusuarios.getgroups","USER_ID":"3857","USER_EMAIL":"dbernal@optical.pe","USER_NAME":"Daniel Bernal","IPSOURCE":"::1","DATE_ATOM":"2022-09-19T19:40:04+02:00"}
{"params":{"ticked":"59065660c6b7f2c3de966b58abd681c4.382090646821d894e3289d5511ddc602.fbda1cde1cd53b0b6850cb452ae29429"},"method":"logusuarios.getgroups","USER_ID":"3857","USER_EMAIL":"dbernal@optical.pe","USER_NAME":"Daniel Bernal","IPSOURCE":"::1","DATE_ATOM":"2022-09-19T19:41:01+02:00"}
{"params":{"ticked":"59065660c6b7f2c3de966b58abd681c4.382090646821d894e3289d5511ddc602.fbda1cde1cd53b0b6850cb452ae29429"},"method":"logusuarios.getgroups","USER_ID":"3857","USER_EMAIL":"dbernal@optical.pe","USER_NAME":"Daniel Bernal","IPSOURCE":"::1","DATE_ATOM":"2022-09-19T19:41:15+02:00"}
{"params":{"ticked":"59065660c6b7f2c3de966b58abd681c4.382090646821d894e3289d5511ddc602.fbda1cde1cd53b0b6850cb452ae29429"},"method":"logusuarios.getgroups","USER_ID":"3857","USER_EMAIL":"dbernal@optical.pe","USER_NAME":"Daniel Bernal","IPSOURCE":"::1","DATE_ATOM":"2022-09-19T19:42:10+02:00"}
{"params":{"ticked":"59065660c6b7f2c3de966b58abd681c4.382090646821d894e3289d5511ddc602.fbda1cde1cd53b0b6850cb452ae29429"},"method":"logusuarios.getgroups","USER_ID":"3857","USER_EMAIL":"dbernal@optical.pe","USER_NAME":"Daniel Bernal","IPSOURCE":"::1","DATE_ATOM":"2022-09-19T19:42:24+02:00"}
{"params":{"ticked":"59065660c6b7f2c3de966b58abd681c4.382090646821d894e3289d5511ddc602.fbda1cde1cd53b0b6850cb452ae29429"},"method":"logusuarios.getgroups","USER_ID":"3857","USER_EMAIL":"dbernal@optical.pe","USER_NAME":"Daniel Bernal","IPSOURCE":"::1","DATE_ATOM":"2022-09-19T19:43:59+02:00"}
{"params":{"ticked":"bdc71f83bee95f8c21e121aa283fde3b.6f544e7ea49087cea74a77723b1be8e9.863e62f7b761bac2dd852f5868ed26a0"},"method":"logusuarios.getgroups","USER_ID":"3857","USER_EMAIL":"dbernal@optical.pe","USER_NAME":"Daniel Bernal","IPSOURCE":"::1","DATE_ATOM":"2022-09-19T19:45:29+02:00"}
{"params":{"ticked":"bdc71f83bee95f8c21e121aa283fde3b.6f544e7ea49087cea74a77723b1be8e9.863e62f7b761bac2dd852f5868ed26a0"},"method":"logusuarios.getgroups","USER_ID":"3857","USER_EMAIL":"dbernal@optical.pe","USER_NAME":"Daniel Bernal","IPSOURCE":"::1","DATE_ATOM":"2022-09-19T19:46:14+02:00"}
{"params":{"ticked":"bdc71f83bee95f8c21e121aa283fde3b.6f544e7ea49087cea74a77723b1be8e9.863e62f7b761bac2dd852f5868ed26a0"},"method":"logusuarios.getgroups","USER_ID":"3857","USER_EMAIL":"dbernal@optical.pe","USER_NAME":"Daniel Bernal","IPSOURCE":"::1","DATE_ATOM":"2022-09-19T19:46:45+02:00"}
{"params":{"ticked":"bdc71f83bee95f8c21e121aa283fde3b.6f544e7ea49087cea74a77723b1be8e9.863e62f7b761bac2dd852f5868ed26a0"},"method":"logusuarios.getgroups","USER_ID":"3857","USER_EMAIL":"dbernal@optical.pe","USER_NAME":"Daniel Bernal","IPSOURCE":"::1","DATE_ATOM":"2022-09-19T19:46:51+02:00"}
{"params":{"ticked":"bdc71f83bee95f8c21e121aa283fde3b.6f544e7ea49087cea74a77723b1be8e9.863e62f7b761bac2dd852f5868ed26a0"},"method":"logusuarios.getgroups","USER_ID":"3857","USER_EMAIL":"dbernal@optical.pe","USER_NAME":"Daniel Bernal","IPSOURCE":"::1","DATE_ATOM":"2022-09-19T19:47:37+02:00"}
{"params":{"ticked":"de2a7957ee1a398bc42a939d94430920.4f7f5733ea116a1e7a66a247f38ee70c.ca73e2d6778e43cd208b2908023bf6be"},"method":"logusuarios.getgroups","USER_ID":"3857","USER_EMAIL":"dbernal@optical.pe","USER_NAME":"Daniel Bernal","IPSOURCE":"::1","DATE_ATOM":"2022-09-19T21:18:56+02:00"}
{"params":{"ticked":"de2a7957ee1a398bc42a939d94430920.4f7f5733ea116a1e7a66a247f38ee70c.ca73e2d6778e43cd208b2908023bf6be"},"method":"logusuarios.getgroups","USER_ID":"3857","USER_EMAIL":"dbernal@optical.pe","USER_NAME":"Daniel Bernal","IPSOURCE":"::1","DATE_ATOM":"2022-09-19T21:19:29+02:00"}
{"params":{"ticked":"de2a7957ee1a398bc42a939d94430920.4f7f5733ea116a1e7a66a247f38ee70c.ca73e2d6778e43cd208b2908023bf6be"},"method":"logusuarios.getgroups","USER_ID":"3857","USER_EMAIL":"dbernal@optical.pe","USER_NAME":"Daniel Bernal","IPSOURCE":"::1","DATE_ATOM":"2022-09-19T21:23:16+02:00"}
{"params":{"ticked":"de2a7957ee1a398bc42a939d94430920.4f7f5733ea116a1e7a66a247f38ee70c.ca73e2d6778e43cd208b2908023bf6be"},"method":"logusuarios.getgroups","USER_ID":"3857","USER_EMAIL":"dbernal@optical.pe","USER_NAME":"Daniel Bernal","IPSOURCE":"::1","DATE_ATOM":"2022-09-19T21:24:04+02:00"}
{"params":{"ticked":"de2a7957ee1a398bc42a939d94430920.4f7f5733ea116a1e7a66a247f38ee70c.ca73e2d6778e43cd208b2908023bf6be"},"method":"logusuarios.getgroups","USER_ID":"3857","USER_EMAIL":"dbernal@optical.pe","USER_NAME":"Daniel Bernal","IPSOURCE":"::1","DATE_ATOM":"2022-09-19T21:25:14+02:00"}
{"params":{"ticked":"de2a7957ee1a398bc42a939d94430920.4f7f5733ea116a1e7a66a247f38ee70c.ca73e2d6778e43cd208b2908023bf6be"},"method":"logusuarios.getgroups","USER_ID":"3857","USER_EMAIL":"dbernal@optical.pe","USER_NAME":"Daniel Bernal","IPSOURCE":"::1","DATE_ATOM":"2022-09-19T21:28:37+02:00"}
{"params":{"ticked":"66554f09d8d0f4b3d680764216a74859.2f9557584947e8f2993591303ad3c830.5e1fa578cdcdb9927b5230386ea60250"},"method":"logusuarios.getgroups","USER_ID":"2489","USER_EMAIL":"user1","USER_NAME":"Administrador","IPSOURCE":"::1","DATE_ATOM":"2022-09-19T21:31:17+02:00"}
{"params":{"ticked":"d7f9d144b0e533010ac6f3d82a473a05.a79736ba563c9949ec271bed21adc356.7038d83d48de3b94e2304c2f419b0bd1"},"method":"logusuarios.getgroups","USER_ID":"3857","USER_EMAIL":"dbernal@optical.pe","USER_NAME":"Daniel Bernal","IPSOURCE":"::1","DATE_ATOM":"2022-09-19T21:41:04+02:00"}
{"params":{"ticked":"d7f9d144b0e533010ac6f3d82a473a05.a79736ba563c9949ec271bed21adc356.7038d83d48de3b94e2304c2f419b0bd1"},"method":"logusuarios.getgroups","USER_ID":"3857","USER_EMAIL":"dbernal@optical.pe","USER_NAME":"Daniel Bernal","IPSOURCE":"::1","DATE_ATOM":"2022-09-19T21:41:10+02:00"}
{"params":{"ticked":"9826031df2c5827fc6444526f50a17b1.1b6239dd7cba891d26edf7c0d25c8dea.b39ed1dfa5b49e1bf8e7e2a79c2a4322"},"method":"logusuarios.getgroups","USER_ID":"2489","USER_EMAIL":"user1","USER_NAME":"Administrador","IPSOURCE":"::1","DATE_ATOM":"2022-09-19T21:43:17+02:00"}
{"params":{"ticked":"a70557d4349ff25c5cec25668d79c46a.84252a964b0bf61eea53b550d5c3cb7b.d4525f21e81e54d974b72daec025284c"},"method":"logusuarios.getgroups","USER_ID":"3857","USER_EMAIL":"dbernal@optical.pe","USER_NAME":"Daniel Bernal","IPSOURCE":"::1","DATE_ATOM":"2022-09-19T21:44:48+02:00"}
{"params":{"ticked":"a70557d4349ff25c5cec25668d79c46a.84252a964b0bf61eea53b550d5c3cb7b.d4525f21e81e54d974b72daec025284c"},"method":"logusuarios.getgroups","USER_ID":"3857","USER_EMAIL":"dbernal@optical.pe","USER_NAME":"Daniel Bernal","IPSOURCE":"::1","DATE_ATOM":"2022-09-19T21:45:26+02:00"}
{"params":{"ticked":"c7c7cb40411b59c360267573f8f1a431.d4c9f1d4679590ad444d5b28c7e21a2a.be66d72ff13959303bac066f2413774a"},"method":"logusuarios.getgroups","USER_ID":"3857","USER_EMAIL":"dbernal@optical.pe","USER_NAME":"Daniel Bernal","IPSOURCE":"::1","DATE_ATOM":"2022-09-19T22:02:34+02:00"}
{"params":{"ticked":"c7c7cb40411b59c360267573f8f1a431.d4c9f1d4679590ad444d5b28c7e21a2a.be66d72ff13959303bac066f2413774a"},"method":"logusuarios.getgroups","USER_ID":"3857","USER_EMAIL":"dbernal@optical.pe","USER_NAME":"Daniel Bernal","IPSOURCE":"::1","DATE_ATOM":"2022-09-19T22:02:50+02:00"}
{"params":{"ticked":"c76a40523262ca608c4bd771f22a6972.6d2aea819b19239722808c6653cb8be8.cc41a716d43f9f6b22b257fbcb6436a4"},"method":"logusuarios.getgroups","USER_ID":"2489","USER_EMAIL":"user1","USER_NAME":"Administrador","IPSOURCE":"::1","DATE_ATOM":"2022-09-19T22:07:32+02:00"}
{"params":{"ticked":"c76a40523262ca608c4bd771f22a6972.6d2aea819b19239722808c6653cb8be8.cc41a716d43f9f6b22b257fbcb6436a4"},"method":"logusuarios.getgroups","USER_ID":"2489","USER_EMAIL":"user1","USER_NAME":"Administrador","IPSOURCE":"::1","DATE_ATOM":"2022-09-19T22:08:26+02:00"}
{"params":{"ticked":"c47b5da5136d45ce57c7be09296e2feb.8b6cbe23007ecbce507e3b35a996a8d6.ae865535d5efadb1274e1e4c589828c9"},"method":"logusuarios.getgroups","USER_ID":"2489","USER_EMAIL":"user1","USER_NAME":"Administrador","IPSOURCE":"::1","DATE_ATOM":"2022-09-19T22:11:52+02:00"}
{"params":{"ticked":"01a4aaf15b4e6c6feac7af9b08867282.f7240bd14588de58d4bf91df7c7857a1.a137fc66120adb6bbc977dce3cc47b19"},"method":"logusuarios.getgroups","USER_ID":"3857","USER_EMAIL":"dbernal@optical.pe","USER_NAME":"Daniel Bernal","IPSOURCE":"::1","DATE_ATOM":"2022-09-19T22:48:57+02:00"}
{"params":{"ticked":"01a4aaf15b4e6c6feac7af9b08867282.f7240bd14588de58d4bf91df7c7857a1.a137fc66120adb6bbc977dce3cc47b19"},"method":"logusuarios.getgroups","USER_ID":"3857","USER_EMAIL":"dbernal@optical.pe","USER_NAME":"Daniel Bernal","IPSOURCE":"::1","DATE_ATOM":"2022-09-19T23:34:14+02:00"}
{"params":{"ticked":"01a4aaf15b4e6c6feac7af9b08867282.f7240bd14588de58d4bf91df7c7857a1.a137fc66120adb6bbc977dce3cc47b19"},"method":"logusuarios.getgroups","USER_ID":"3857","USER_EMAIL":"dbernal@optical.pe","USER_NAME":"Daniel Bernal","IPSOURCE":"::1","DATE_ATOM":"2022-09-19T23:47:35+02:00"}
{"params":{"ticked":"01a4aaf15b4e6c6feac7af9b08867282.f7240bd14588de58d4bf91df7c7857a1.a137fc66120adb6bbc977dce3cc47b19"},"method":"logusuarios.getgroups","USER_ID":"3857","USER_EMAIL":"dbernal@optical.pe","USER_NAME":"Daniel Bernal","IPSOURCE":"::1","DATE_ATOM":"2022-09-19T23:48:41+02:00"}
{"params":{"ticked":"1c56cc23cd54b9c15b83943f9cfb33ee.278a620efb1cf31caed2503333378134.b864749eb2c2b0f77db9780931fa1f6a"},"method":"logusuarios.getgroups","USER_ID":"3857","USER_EMAIL":"dbernal@optical.pe","USER_NAME":"Daniel Bernal","IPSOURCE":"::1","DATE_ATOM":"2022-09-19T23:55:36+02:00"}
{"params":{"ticked":"1c56cc23cd54b9c15b83943f9cfb33ee.278a620efb1cf31caed2503333378134.b864749eb2c2b0f77db9780931fa1f6a"},"method":"logusuarios.getgroups","USER_ID":"3857","USER_EMAIL":"dbernal@optical.pe","USER_NAME":"Daniel Bernal","IPSOURCE":"::1","DATE_ATOM":"2022-09-19T23:56:28+02:00"}
{"params":{"ticked":"9025023f3a7dff99460be31a7f04d892.961f05ee58120aedbc2f7dd82f83f88f.f99209f396f70ae654660703f3a6fffa"},"method":"logusuarios.getgroups","USER_ID":"2489","USER_EMAIL":"user1","USER_NAME":"Administrador","IPSOURCE":"::1","DATE_ATOM":"2022-09-20T00:14:03+02:00"}
{"params":{"ticked":"81dd5f28185e4440dd9a36d99e112417.08c99a673155bc45e657a560c2f32fb9.9148e81e3e754a2dd7a52330d54989c7"},"method":"logusuarios.getgroups","USER_ID":"2489","USER_EMAIL":"user1","USER_NAME":"Administrador","IPSOURCE":"::1","DATE_ATOM":"2022-09-20T00:17:30+02:00"}
{"params":{"ticked":"0a55cef0421520fc370b522768e3b13b.ab82ffa5067533017487334db2eed4c3.e0a3fd685f47264e8fc8800f49a87439"},"method":"logusuarios.getgroups","USER_ID":"2489","USER_EMAIL":"user1","USER_NAME":"Administrador","IPSOURCE":"::1","DATE_ATOM":"2022-09-20T00:20:46+02:00"}
{"params":{"ticked":"e51ced42a715385dab174ec07b1059f4.041aa5c0780920ba269a5e2c14f89156.17befb803b668b2cb93cb8334a78a3de"},"method":"logusuarios.getgroups","USER_ID":"4090","USER_EMAIL":"user1_preventa@optical.pe","USER_NAME":"User1 Preventa","IPSOURCE":"::1","DATE_ATOM":"2022-09-20T00:22:09+02:00"}
{"params":{"ticked":"3bd6358c2c8fb9e4fe77df7d216676d7.7349cc6a8b69760deeed719db19cf83b.817e687fc6ab93fd7a4b7b037464068f"},"method":"logusuarios.getgroups","USER_ID":"4090","USER_EMAIL":"user1_preventa@optical.pe","USER_NAME":"User1 Preventa","IPSOURCE":"::1","DATE_ATOM":"2022-09-20T00:28:35+02:00"}
{"params":{"ticked":"3bd6358c2c8fb9e4fe77df7d216676d7.7349cc6a8b69760deeed719db19cf83b.817e687fc6ab93fd7a4b7b037464068f"},"method":"logusuarios.getgroups","USER_ID":"4090","USER_EMAIL":"user1_preventa@optical.pe","USER_NAME":"User1 Preventa","IPSOURCE":"::1","DATE_ATOM":"2022-09-20T00:36:09+02:00"}
{"params":{"ticked":"1c4882283963f1f9b566d32ee4835032.885a4a5ede44eb5f03a03e7b3d3a2a3b.02f242d00f6404cf1f109a677ca9ca66"},"method":"logusuarios.getgroups","USER_ID":"3874","USER_EMAIL":"user1_provision@optical.pe","USER_NAME":"disenio1","IPSOURCE":"::1","DATE_ATOM":"2022-09-20T00:54:14+02:00"}
{"params":{"ticked":"158f1cbcc282f653cadd69e3cadb449c.54b6f236246b17bd75084266b11adcb2.b07840af2d0382afeecb59d90738b066"},"method":"logusuarios.getgroups","USER_ID":"3857","USER_EMAIL":"dbernal@optical.pe","USER_NAME":"Daniel Bernal","IPSOURCE":"::1","DATE_ATOM":"2022-09-20T01:12:08+02:00"}
{"params":{"ticked":"158f1cbcc282f653cadd69e3cadb449c.54b6f236246b17bd75084266b11adcb2.b07840af2d0382afeecb59d90738b066"},"method":"logusuarios.getgroups","USER_ID":"3857","USER_EMAIL":"dbernal@optical.pe","USER_NAME":"Daniel Bernal","IPSOURCE":"::1","DATE_ATOM":"2022-09-20T01:20:21+02:00"}
{"params":{"ticked":"1db8722d8fd1d607bbca2b8bc363acf7.187f337d8a051386a53d9c0e0d318179.d55cae2e78a8ec3e635ba071763b40a9"},"method":"logusuarios.getgroups","USER_ID":"2489","USER_EMAIL":"user1","USER_NAME":"Administrador","IPSOURCE":"::1","DATE_ATOM":"2022-09-20T01:48:08+02:00"}
{"params":{"ticked":"f5f71b9b849d082b18ed829354249965.68bf13902cad835a5a485a9db41b77e6.930e4868df433349cc9802636ac27994"},"method":"logusuarios.getgroups","USER_ID":"2489","USER_EMAIL":"user1","USER_NAME":"Administrador","IPSOURCE":"::1","DATE_ATOM":"2022-09-20T01:48:33+02:00"}
{"params":{"ticked":"c5cd669f4ade3544d4dd4338922152bb.84b204f611c50c66cf8184da1f8bee47.51d79b0da027e1a89691ae6532418766"},"method":"logusuarios.getgroups","USER_ID":"2489","USER_EMAIL":"user1","USER_NAME":"Administrador","IPSOURCE":"::1","DATE_ATOM":"2022-09-20T01:52:22+02:00"}
{"params":{"ticked":"ed2d42b0de1313fc8394155d41492def.58d1a60422b39b5d61d39593eb21e69b.66b9ebccc9b8c035a7fa58b0061e2da3"},"method":"logusuarios.getgroups","USER_ID":"3857","USER_EMAIL":"dbernal@optical.pe","USER_NAME":"Daniel Bernal","IPSOURCE":"::1","DATE_ATOM":"2022-09-20T01:54:41+02:00"}
{"params":{"ticked":"92fd6d51e90a305130c3683dc5260d37.b260589031e96df582438d0128fd9f72.056cbfc556004abb7c1fac0375102a63"},"method":"logusuarios.getgroups","USER_ID":"2489","USER_EMAIL":"user1","USER_NAME":"Administrador","IPSOURCE":"::1","DATE_ATOM":"2022-09-20T02:06:54+02:00"}
{"params":{"ticked":"151eb18b9620749910a943670b8ecdc5.17157f754bdf41d691f768f908a0312d.2de1949955c5411a3bd09029489f456a"},"method":"logusuarios.getgroups","USER_ID":"2489","USER_EMAIL":"user1","USER_NAME":"Administrador","IPSOURCE":"::1","DATE_ATOM":"2022-09-20T02:13:03+02:00"}
{"params":{"ticked":"151eb18b9620749910a943670b8ecdc5.17157f754bdf41d691f768f908a0312d.2de1949955c5411a3bd09029489f456a"},"method":"logusuarios.getgroups","USER_ID":"2489","USER_EMAIL":"user1","USER_NAME":"Administrador","IPSOURCE":"::1","DATE_ATOM":"2022-09-20T02:13:05+02:00"}
{"params":{"ticked":"25d5ee161ed94763c44e6e5da22133d1.9223fd5a51dd73456a2a0f97c8965c20.2de844d4ca4e2fb5a0193c791ffacd9b"},"method":"logusuarios.getgroups","USER_ID":"2489","USER_EMAIL":"user1","USER_NAME":"Administrador","IPSOURCE":"::1","DATE_ATOM":"2022-09-20T02:15:34+02:00"}
{"params":{"ticked":"70267cdc9c099ac250bbcf98cb75c0eb.05bb4d400217f04527e2f324bd33d819.b45d4eeaafda0940844d36eee052b593"},"method":"logusuarios.getgroups","USER_ID":"2489","USER_EMAIL":"user1","USER_NAME":"Administrador","IPSOURCE":"::1","DATE_ATOM":"2022-09-20T02:18:08+02:00"}
{"params":{"ticked":"5724e6d3e11f67b3c6d1accad41369a5.1d657e768bdfc73dd45cc449910417df.fb133c07bc78a1617d7c2588cf024142"},"method":"logusuarios.getgroups","USER_ID":"2489","USER_EMAIL":"user1","USER_NAME":"Administrador","IPSOURCE":"::1","DATE_ATOM":"2022-09-20T02:20:55+02:00"}
{"params":{"ticked":"6f6415fa233a2ac1f02b6613a5325f30.d88780675fd863d2304a8d884edb8e33.e9ba8854f21c6bd44b8c2b75b596a447"},"method":"logusuarios.getgroups","USER_ID":"3857","USER_EMAIL":"dbernal@optical.pe","USER_NAME":"Daniel Bernal","IPSOURCE":"::1","DATE_ATOM":"2022-09-20T02:22:16+02:00"}
{"params":{"ticked":"58eedcd7c19493586701114a6d9837ab.d6b9aff76cdc822171e1543abce169cb.5f601a4a93ac927f2d017c55635aeccd"},"method":"logusuarios.getgroups","USER_ID":"2489","USER_EMAIL":"user1","USER_NAME":"Administrador","IPSOURCE":"::1","DATE_ATOM":"2022-09-20T16:41:24+02:00"}
{"params":{"ticked":"7f354d6e82a124c5faff34d59b5c36b2.bffcd47b6e022bc4d02df6ef717ddb09.49df0ab9dc6316600ba2798ccdd4d481"},"method":"logusuarios.getgroups","USER_ID":"3857","USER_EMAIL":"dbernal@optical.pe","USER_NAME":"Daniel Bernal","IPSOURCE":"::1","DATE_ATOM":"2022-09-20T16:42:18+02:00"}
{"params":{"ticked":"a077f27c3d3a728726cea31c479475e7.fdd23bc60e9f27ca8587e98c7673ae28.13df36d356e0866d3f92b51c3ef56224"},"method":"logusuarios.getgroups","USER_ID":"3857","USER_EMAIL":"dbernal@optical.pe","USER_NAME":"Daniel Bernal","IPSOURCE":"::1","DATE_ATOM":"2022-09-20T17:06:05+02:00"}
{"params":{"ticked":"786a3b01ed4bca5337b39376108673b2.d9a1e62ae8df04179579200e9b38da11.e67b4afea4e532bef78a7cef5a870547"},"method":"logusuarios.getgroups","USER_ID":"3857","USER_EMAIL":"dbernal@optical.pe","USER_NAME":"Daniel Bernal","IPSOURCE":"::1","DATE_ATOM":"2022-09-20T17:13:39+02:00"}
{"params":{"ticked":"ea728c5e16d3220172cd4cfa38b6471a.e9a7c710aae3745f6b30ed84c0eea335.118d9d356a66f73cde107b712094759f"},"method":"logusuarios.getgroups","USER_ID":"3857","USER_EMAIL":"dbernal@optical.pe","USER_NAME":"Daniel Bernal","IPSOURCE":"::1","DATE_ATOM":"2022-09-20T17:23:47+02:00"}
{"params":{"ticked":"a3173bb25ebb72e99e177470cbc3ffb9.8bd1c24a11f68652e0a739ab1d0ae1f9.9b04d3f7032f50a30900666ab185c1b0"},"method":"logusuarios.getgroups","USER_ID":"3857","USER_EMAIL":"dbernal@optical.pe","USER_NAME":"Daniel Bernal","IPSOURCE":"::1","DATE_ATOM":"2022-09-20T17:42:35+02:00"}
{"params":{"ticked":"5c5f8b29ea6cbd561086b0e6769d02e3.1eef931411a1c7e321002cd01f0102ab.7b48d9d6ccc9cfdb59b2de98bebf6a36"},"method":"logusuarios.getgroups","USER_ID":"3857","USER_EMAIL":"dbernal@optical.pe","USER_NAME":"Daniel Bernal","IPSOURCE":"::1","DATE_ATOM":"2022-09-20T18:46:07+02:00"}
{"params":{"ticked":"cde6c2ed490a6065cd2f678baa762b80.3413a4dd15239ebc5d0db392af27205a.31d9909f07d1b1be5ee002dbbaef8a81"},"method":"logusuarios.getgroups","USER_ID":"3857","USER_EMAIL":"dbernal@optical.pe","USER_NAME":"Daniel Bernal","IPSOURCE":"::1","DATE_ATOM":"2022-09-20T18:51:01+02:00"}
{"params":{"ticked":"54abb9fcfaa0c5eb0c100bde531c03e6.5a8a7e0c2899d50915953aedbf9a8741.f6eafefb3584e43407bbc477f8667749"},"method":"logusuarios.getgroups","USER_ID":"2489","USER_EMAIL":"user1","USER_NAME":"Administrador","IPSOURCE":"::1","DATE_ATOM":"2022-09-20T18:56:23+02:00"}
{"params":{"ticked":"417318cc419dc04c359adca55a253362.391770540365a9dfbc78a658d5c9f9fd.d5a39f0e9a2f51ed265a62dee80b92ee"},"method":"logusuarios.getgroups","USER_ID":"3857","USER_EMAIL":"dbernal@optical.pe","USER_NAME":"Daniel Bernal","IPSOURCE":"::1","DATE_ATOM":"2022-09-20T18:58:08+02:00"}
{"params":{"ticked":"1880ebad4ce5623e48f6d615c1aab7d5.ae3e8cdd0702e02966cf50d7702d66d7.0e042683f7cf9bc7da79ee22aa71c290"},"method":"logusuarios.getgroups","USER_ID":"3857","USER_EMAIL":"dbernal@optical.pe","USER_NAME":"Daniel Bernal","IPSOURCE":"::1","DATE_ATOM":"2022-09-20T19:06:30+02:00"}
{"params":{"ticked":"f0810b6171f771c857a6039fbc86ac25.78da46f42d2cd3412c5d6d5a4bc0ee44.c43bfa525abbadaa0c8e79ff57d24fa1"},"method":"logusuarios.getgroups","USER_ID":"3857","USER_EMAIL":"dbernal@optical.pe","USER_NAME":"Daniel Bernal","IPSOURCE":"::1","DATE_ATOM":"2022-09-20T19:29:03+02:00"}
{"params":{"ticked":"0f22da968e25a43664a1120b68bc264c.a67928d770ac8b9de53ea20861a31599.8990da9e094ed1ae207ad693839ffce0"},"method":"logusuarios.getgroups","USER_ID":"3857","USER_EMAIL":"dbernal@optical.pe","USER_NAME":"Daniel Bernal","IPSOURCE":"::1","DATE_ATOM":"2022-09-20T19:53:08+02:00"}
{"params":{"ticked":"0f22da968e25a43664a1120b68bc264c.a67928d770ac8b9de53ea20861a31599.8990da9e094ed1ae207ad693839ffce0"},"method":"logusuarios.getgroups","USER_ID":"3857","USER_EMAIL":"dbernal@optical.pe","USER_NAME":"Daniel Bernal","IPSOURCE":"::1","DATE_ATOM":"2022-09-20T19:53:18+02:00"}
{"params":{"ticked":"afe8989c21a6bfa7eb634f8861b6999c.25187569b48e1da6faa7f42fd432841b.deffed68edb722d9fd3aba5af72d4e0d"},"method":"logusuarios.getgroups","USER_ID":"3857","USER_EMAIL":"dbernal@optical.pe","USER_NAME":"Daniel Bernal","IPSOURCE":"::1","DATE_ATOM":"2022-09-20T19:59:05+02:00"}
{"params":{"ticked":"8f6e564167bee20908704a3e40e76495.ff1ac052e8a11cddb1931b54199535bf.0f9336a56343c4a161919816c351a99c"},"method":"logusuarios.getgroups","USER_ID":"3424","USER_EMAIL":"kpalomino@optical.pe","USER_NAME":"Palomino Karelin Kelly","IPSOURCE":"::1","DATE_ATOM":"2022-09-20T20:00:45+02:00"}
{"params":{"ticked":"e239270e64ab873596a71f8908908133.d522c5d32a54cd3732f2d3f5674cb493.13b73cc1501b6d032a88406c241a1680"},"method":"logusuarios.getgroups","USER_ID":"2898","USER_EMAIL":"schuquiruna@optical.pe","USER_NAME":"Chuquiruna Cusquisiban Sandra Beatriz","IPSOURCE":"::1","DATE_ATOM":"2022-09-20T20:01:37+02:00"}
{"params":{"ticked":"79a72bfcb09298d3ab35f7db8ff71e3f.1d35aefa3d1baa951a67071b70bddbc0.5277c5d3de48df3fd8f159ff694e7053"},"method":"logusuarios.getgroups","USER_ID":"4121","USER_EMAIL":"hvasquez@optical.pe","USER_NAME":"Hugo Martin Vasquez Chavez","IPSOURCE":"::1","DATE_ATOM":"2022-09-20T20:02:39+02:00"}
{"params":{"ticked":"79a72bfcb09298d3ab35f7db8ff71e3f.1d35aefa3d1baa951a67071b70bddbc0.5277c5d3de48df3fd8f159ff694e7053"},"method":"logusuarios.getgroups","USER_ID":"4121","USER_EMAIL":"hvasquez@optical.pe","USER_NAME":"Hugo Martin Vasquez Chavez","IPSOURCE":"::1","DATE_ATOM":"2022-09-20T20:02:48+02:00"}
{"params":{"ticked":"c127f346b5ac666b5d012007d54bf0a6.92c106dc80c32eefe615fc3e122abe28.2471e68d4f2b1edce9b6bb3ff81ab83d"},"method":"logusuarios.getgroups","USER_ID":"3857","USER_EMAIL":"dbernal@optical.pe","USER_NAME":"Daniel Bernal","IPSOURCE":"::1","DATE_ATOM":"2022-09-20T20:03:15+02:00"}
{"params":{"ticked":"7fbbd8c2762b06c3441d7aea7d214d51.373b493bbc1c9a5f9b6d79b8c72f651d.dbcc67974aab717f7317a49b81714f52"},"method":"logusuarios.getgroups","USER_ID":"3857","USER_EMAIL":"dbernal@optical.pe","USER_NAME":"Daniel Bernal","IPSOURCE":"::1","DATE_ATOM":"2022-09-20T20:09:17+02:00"}
{"params":{"ticked":"0bf7720f6dfd170d71d770ae5ec20965.853abc0ac5a326b9b286e3222e82eb17.60f6482a8b5ae147bfb7b9cdb7301229"},"method":"logusuarios.getgroups","USER_ID":"3857","USER_EMAIL":"dbernal@optical.pe","USER_NAME":"Daniel Bernal","IPSOURCE":"::1","DATE_ATOM":"2022-09-20T20:15:36+02:00"}
{"params":{"ticked":"b2fdc5cd968438de5401416665a19f56.7edaf6db16c5048e7ff8fb5a2da0871a.66aa865444920a1e658e698d1cd35f08"},"method":"logusuarios.getgroups","USER_ID":"3857","USER_EMAIL":"dbernal@optical.pe","USER_NAME":"Daniel Bernal","IPSOURCE":"::1","DATE_ATOM":"2022-09-20T21:24:28+02:00"}
{"params":{"ticked":"52d5d3fbd2c28642bd429038dba56c7b.82fea56ec5561ed56eb0868c18e02747.9cc575fbb7854291a7d011dab7202b31"},"method":"logusuarios.getgroups","USER_ID":"3857","USER_EMAIL":"dbernal@optical.pe","USER_NAME":"Daniel Bernal","IPSOURCE":"::1","DATE_ATOM":"2022-09-20T21:25:42+02:00"}
{"params":{"ticked":"57968e228c385be760f53dd0543ccaca.56614557bd764e7f59b2ccb4284e36c1.57c3620d8aef1100d737596cb8113a43"},"method":"logusuarios.getgroups","USER_ID":"3857","USER_EMAIL":"dbernal@optical.pe","USER_NAME":"Daniel Bernal","IPSOURCE":"::1","DATE_ATOM":"2022-09-20T22:03:12+02:00"}
